[0.252s] DEBUG:colcon:Command line arguments: ['/usr/bin/colcon', 'build']
[0.253s] DEBUG:colcon:Parsed command line arguments: Namespace(log_base=None, log_level=None, verb_name='build', build_base='build', install_base='install', merge_install=False, symlink_install=False, test_result_base=None, continue_on_error=False, executor='parallel', parallel_workers=2, event_handlers=None, ignore_user_meta=False, metas=['./colcon.meta'], base_paths=['.'], packages_ignore=None, packages_ignore_regex=None, paths=None, packages_up_to=None, packages_up_to_regex=None, packages_above=None, packages_above_and_dependencies=None, packages_above_depth=None, packages_select_by_dep=None, packages_skip_by_dep=None, packages_skip_up_to=None, packages_select_build_failed=False, packages_skip_build_finished=False, packages_select_test_failures=False, packages_skip_test_passed=False, packages_select=None, packages_skip=None, packages_select_regex=None, packages_skip_regex=None, packages_start=None, packages_end=None, allow_overriding=[], cmake_args=None, cmake_target=None, cmake_target_skip_unavailable=False, cmake_clean_cache=False, cmake_clean_first=False, cmake_force_configure=False, ament_cmake_args=None, catkin_cmake_args=None, catkin_skip_building_tests=False, mixin_files=None, mixin=None, verb_parser=<colcon_mixin.mixin.mixin_argument.MixinArgumentDecorator object at 0x71f28876a860>, verb_extension=<colcon_core.verb.build.BuildVerb object at 0x71f28876a290>, main=<bound method BuildVerb.main of <colcon_core.verb.build.BuildVerb object at 0x71f28876a290>>, mixin_verb=('build',))
[0.658s] Level 1:colcon.colcon_core.package_discovery:discover_packages(colcon_meta) check parameters
[0.658s] Level 1:colcon.colcon_core.package_discovery:discover_packages(recursive) check parameters
[0.658s] Level 1:colcon.colcon_core.package_discovery:discover_packages(ignore) check parameters
[0.658s] Level 1:colcon.colcon_core.package_discovery:discover_packages(path) check parameters
[0.658s] Level 1:colcon.colcon_core.package_discovery:discover_packages(colcon_meta) discover
[0.659s] Level 1:colcon.colcon_core.package_discovery:discover_packages(recursive) discover
[0.659s] INFO:colcon.colcon_core.package_discovery:Crawling recursively for packages in '/home/mohamed/mobile_ws'
[0.659s] Level 1:colcon.colcon_core.package_identification:_identify(.) by extensions ['ignore', 'ignore_ament_install']
[0.659s] Level 1:colcon.colcon_core.package_identification:_identify(.) by extension 'ignore'
[0.659s] Level 1:colcon.colcon_core.package_identification:_identify(.) by extension 'ignore_ament_install'
[0.660s] Level 1:colcon.colcon_core.package_identification:_identify(.) by extensions ['colcon_pkg']
[0.660s] Level 1:colcon.colcon_core.package_identification:_identify(.) by extension 'colcon_pkg'
[0.660s] Level 1:colcon.colcon_core.package_identification:_identify(.) by extensions ['colcon_meta']
[0.660s] Level 1:colcon.colcon_core.package_identification:_identify(.) by extension 'colcon_meta'
[0.660s] Level 1:colcon.colcon_core.package_identification:_identify(.) by extensions ['ros']
[0.660s] Level 1:colcon.colcon_core.package_identification:_identify(.) by extension 'ros'
[0.685s] Level 1:colcon.colcon_core.package_identification:_identify(.) by extensions ['cmake', 'python']
[0.685s] Level 1:colcon.colcon_core.package_identification:_identify(.) by extension 'cmake'
[0.685s] Level 1:colcon.colcon_core.package_identification:_identify(.) by extension 'python'
[0.686s] Level 1:colcon.colcon_core.package_identification:_identify(.) by extensions ['python_setup_py']
[0.686s] Level 1:colcon.colcon_core.package_identification:_identify(.) by extension 'python_setup_py'
[0.686s] Level 1:colcon.colcon_core.package_identification:_identify(build) by extensions ['ignore', 'ignore_ament_install']
[0.686s] Level 1:colcon.colcon_core.package_identification:_identify(build) by extension 'ignore'
[0.686s] Level 1:colcon.colcon_core.package_identification:_identify(build) ignored
[0.687s] Level 1:colcon.colcon_core.package_identification:_identify(install) by extensions ['ignore', 'ignore_ament_install']
[0.687s] Level 1:colcon.colcon_core.package_identification:_identify(install) by extension 'ignore'
[0.687s] Level 1:colcon.colcon_core.package_identification:_identify(install) ignored
[0.687s] Level 1:colcon.colcon_core.package_identification:_identify(log) by extensions ['ignore', 'ignore_ament_install']
[0.688s] Level 1:colcon.colcon_core.package_identification:_identify(log) by extension 'ignore'
[0.688s] Level 1:colcon.colcon_core.package_identification:_identify(log) ignored
[0.688s] Level 1:colcon.colcon_core.package_identification:_identify(src) by extensions ['ignore', 'ignore_ament_install']
[0.688s] Level 1:colcon.colcon_core.package_identification:_identify(src) by extension 'ignore'
[0.688s] Level 1:colcon.colcon_core.package_identification:_identify(src) by extension 'ignore_ament_install'
[0.688s] Level 1:colcon.colcon_core.package_identification:_identify(src) by extensions ['colcon_pkg']
[0.689s] Level 1:colcon.colcon_core.package_identification:_identify(src) by extension 'colcon_pkg'
[0.689s] Level 1:colcon.colcon_core.package_identification:_identify(src) by extensions ['colcon_meta']
[0.689s] Level 1:colcon.colcon_core.package_identification:_identify(src) by extension 'colcon_meta'
[0.689s] Level 1:colcon.colcon_core.package_identification:_identify(src) by extensions ['ros']
[0.689s] Level 1:colcon.colcon_core.package_identification:_identify(src) by extension 'ros'
[0.689s] Level 1:colcon.colcon_core.package_identification:_identify(src) by extensions ['cmake', 'python']
[0.689s] Level 1:colcon.colcon_core.package_identification:_identify(src) by extension 'cmake'
[0.689s] Level 1:colcon.colcon_core.package_identification:_identify(src) by extension 'python'
[0.689s] Level 1:colcon.colcon_core.package_identification:_identify(src) by extensions ['python_setup_py']
[0.689s] Level 1:colcon.colcon_core.package_identification:_identify(src) by extension 'python_setup_py'
[0.690s] Level 1:colcon.colcon_core.package_identification:_identify(src/assem1_controller) by extensions ['ignore', 'ignore_ament_install']
[0.690s] Level 1:colcon.colcon_core.package_identification:_identify(src/assem1_controller) by extension 'ignore'
[0.690s] Level 1:colcon.colcon_core.package_identification:_identify(src/assem1_controller) by extension 'ignore_ament_install'
[0.690s] Level 1:colcon.colcon_core.package_identification:_identify(src/assem1_controller) by extensions ['colcon_pkg']
[0.690s] Level 1:colcon.colcon_core.package_identification:_identify(src/assem1_controller) by extension 'colcon_pkg'
[0.690s] Level 1:colcon.colcon_core.package_identification:_identify(src/assem1_controller) by extensions ['colcon_meta']
[0.690s] Level 1:colcon.colcon_core.package_identification:_identify(src/assem1_controller) by extension 'colcon_meta'
[0.691s] Level 1:colcon.colcon_core.package_identification:_identify(src/assem1_controller) by extensions ['ros']
[0.691s] Level 1:colcon.colcon_core.package_identification:_identify(src/assem1_controller) by extension 'ros'
[0.697s] DEBUG:colcon.colcon_core.package_identification:Package 'src/assem1_controller' with type 'ros.ament_cmake' and name 'assem1_controller'
[0.697s] Level 1:colcon.colcon_core.package_identification:_identify(src/assem1_description) by extensions ['ignore', 'ignore_ament_install']
[0.698s] Level 1:colcon.colcon_core.package_identification:_identify(src/assem1_description) by extension 'ignore'
[0.698s] Level 1:colcon.colcon_core.package_identification:_identify(src/assem1_description) by extension 'ignore_ament_install'
[0.698s] Level 1:colcon.colcon_core.package_identification:_identify(src/assem1_description) by extensions ['colcon_pkg']
[0.698s] Level 1:colcon.colcon_core.package_identification:_identify(src/assem1_description) by extension 'colcon_pkg'
[0.698s] Level 1:colcon.colcon_core.package_identification:_identify(src/assem1_description) by extensions ['colcon_meta']
[0.698s] Level 1:colcon.colcon_core.package_identification:_identify(src/assem1_description) by extension 'colcon_meta'
[0.698s] Level 1:colcon.colcon_core.package_identification:_identify(src/assem1_description) by extensions ['ros']
[0.698s] Level 1:colcon.colcon_core.package_identification:_identify(src/assem1_description) by extension 'ros'
[0.701s] DEBUG:colcon.colcon_core.package_identification:Package 'src/assem1_description' with type 'ros.ament_cmake' and name 'assem1_description'
[0.702s] Level 1:colcon.colcon_core.package_identification:_identify(src/assem1_vision) by extensions ['ignore', 'ignore_ament_install']
[0.702s] Level 1:colcon.colcon_core.package_identification:_identify(src/assem1_vision) by extension 'ignore'
[0.702s] Level 1:colcon.colcon_core.package_identification:_identify(src/assem1_vision) by extension 'ignore_ament_install'
[0.702s] Level 1:colcon.colcon_core.package_identification:_identify(src/assem1_vision) by extensions ['colcon_pkg']
[0.702s] Level 1:colcon.colcon_core.package_identification:_identify(src/assem1_vision) by extension 'colcon_pkg'
[0.702s] Level 1:colcon.colcon_core.package_identification:_identify(src/assem1_vision) by extensions ['colcon_meta']
[0.702s] Level 1:colcon.colcon_core.package_identification:_identify(src/assem1_vision) by extension 'colcon_meta'
[0.702s] Level 1:colcon.colcon_core.package_identification:_identify(src/assem1_vision) by extensions ['ros']
[0.703s] Level 1:colcon.colcon_core.package_identification:_identify(src/assem1_vision) by extension 'ros'
[0.705s] DEBUG:colcon.colcon_core.package_identification:Package 'src/assem1_vision' with type 'ros.ament_python' and name 'assem1_vision'
[0.705s] Level 1:colcon.colcon_core.package_discovery:discover_packages(recursive) using defaults
[0.706s] Level 1:colcon.colcon_core.package_discovery:discover_packages(ignore) discover
[0.706s] Level 1:colcon.colcon_core.package_discovery:discover_packages(ignore) using defaults
[0.706s] Level 1:colcon.colcon_core.package_discovery:discover_packages(path) discover
[0.706s] Level 1:colcon.colcon_core.package_discovery:discover_packages(path) using defaults
[0.781s] Level 1:colcon.colcon_core.package_discovery:discover_packages(prefix_path) check parameters
[0.782s] Level 1:colcon.colcon_core.package_discovery:discover_packages(prefix_path) discover
[0.786s] DEBUG:colcon.colcon_installed_package_information.package_discovery:Found 3 installed packages in /home/mohamed/mobile_ws/install
[0.790s] DEBUG:colcon.colcon_installed_package_information.package_discovery:Found 428 installed packages in /opt/ros/humble
[0.795s] Level 1:colcon.colcon_core.package_discovery:discover_packages(prefix_path) using defaults
[0.955s] Level 5:colcon.colcon_core.verb:set package 'assem1_description' build argument 'cmake_args' from command line to 'None'
[0.955s] Level 5:colcon.colcon_core.verb:set package 'assem1_description' build argument 'cmake_target' from command line to 'None'
[0.955s] Level 5:colcon.colcon_core.verb:set package 'assem1_description' build argument 'cmake_target_skip_unavailable' from command line to 'False'
[0.955s] Level 5:colcon.colcon_core.verb:set package 'assem1_description' build argument 'cmake_clean_cache' from command line to 'False'
[0.955s] Level 5:colcon.colcon_core.verb:set package 'assem1_description' build argument 'cmake_clean_first' from command line to 'False'
[0.955s] Level 5:colcon.colcon_core.verb:set package 'assem1_description' build argument 'cmake_force_configure' from command line to 'False'
[0.955s] Level 5:colcon.colcon_core.verb:set package 'assem1_description' build argument 'ament_cmake_args' from command line to 'None'
[0.956s] Level 5:colcon.colcon_core.verb:set package 'assem1_description' build argument 'catkin_cmake_args' from command line to 'None'
[0.956s] Level 5:colcon.colcon_core.verb:set package 'assem1_description' build argument 'catkin_skip_building_tests' from command line to 'False'
[0.956s] DEBUG:colcon.colcon_core.verb:Building package 'assem1_description' with the following arguments: {'ament_cmake_args': None, 'build_base': '/home/mohamed/mobile_ws/build/assem1_description', 'catkin_cmake_args': None, 'catkin_skip_building_tests': False, 'cmake_args': None, 'cmake_clean_cache': False, 'cmake_clean_first': False, 'cmake_force_configure': False, 'cmake_target': None, 'cmake_target_skip_unavailable': False, 'install_base': '/home/mohamed/mobile_ws/install/assem1_description', 'merge_install': False, 'path': '/home/mohamed/mobile_ws/src/assem1_description', 'symlink_install': False, 'test_result_base': None}
[0.957s] Level 5:colcon.colcon_core.verb:set package 'assem1_vision' build argument 'cmake_args' from command line to 'None'
[0.957s] Level 5:colcon.colcon_core.verb:set package 'assem1_vision' build argument 'cmake_target' from command line to 'None'
[0.957s] Level 5:colcon.colcon_core.verb:set package 'assem1_vision' build argument 'cmake_target_skip_unavailable' from command line to 'False'
[0.957s] Level 5:colcon.colcon_core.verb:set package 'assem1_vision' build argument 'cmake_clean_cache' from command line to 'False'
[0.957s] Level 5:colcon.colcon_core.verb:set package 'assem1_vision' build argument 'cmake_clean_first' from command line to 'False'
[0.957s] Level 5:colcon.colcon_core.verb:set package 'assem1_vision' build argument 'cmake_force_configure' from command line to 'False'
[0.957s] Level 5:colcon.colcon_core.verb:set package 'assem1_vision' build argument 'ament_cmake_args' from command line to 'None'
[0.957s] Level 5:colcon.colcon_core.verb:set package 'assem1_vision' build argument 'catkin_cmake_args' from command line to 'None'
[0.958s] Level 5:colcon.colcon_core.verb:set package 'assem1_vision' build argument 'catkin_skip_building_tests' from command line to 'False'
[0.958s] DEBUG:colcon.colcon_core.verb:Building package 'assem1_vision' with the following arguments: {'ament_cmake_args': None, 'build_base': '/home/mohamed/mobile_ws/build/assem1_vision', 'catkin_cmake_args': None, 'catkin_skip_building_tests': False, 'cmake_args': None, 'cmake_clean_cache': False, 'cmake_clean_first': False, 'cmake_force_configure': False, 'cmake_target': None, 'cmake_target_skip_unavailable': False, 'install_base': '/home/mohamed/mobile_ws/install/assem1_vision', 'merge_install': False, 'path': '/home/mohamed/mobile_ws/src/assem1_vision', 'symlink_install': False, 'test_result_base': None}
[0.959s] Level 5:colcon.colcon_core.verb:set package 'assem1_controller' build argument 'cmake_args' from command line to 'None'
[0.959s] Level 5:colcon.colcon_core.verb:set package 'assem1_controller' build argument 'cmake_target' from command line to 'None'
[0.959s] Level 5:colcon.colcon_core.verb:set package 'assem1_controller' build argument 'cmake_target_skip_unavailable' from command line to 'False'
[0.959s] Level 5:colcon.colcon_core.verb:set package 'assem1_controller' build argument 'cmake_clean_cache' from command line to 'False'
[0.959s] Level 5:colcon.colcon_core.verb:set package 'assem1_controller' build argument 'cmake_clean_first' from command line to 'False'
[0.959s] Level 5:colcon.colcon_core.verb:set package 'assem1_controller' build argument 'cmake_force_configure' from command line to 'False'
[0.959s] Level 5:colcon.colcon_core.verb:set package 'assem1_controller' build argument 'ament_cmake_args' from command line to 'None'
[0.959s] Level 5:colcon.colcon_core.verb:set package 'assem1_controller' build argument 'catkin_cmake_args' from command line to 'None'
[0.959s] Level 5:colcon.colcon_core.verb:set package 'assem1_controller' build argument 'catkin_skip_building_tests' from command line to 'False'
[0.960s] DEBUG:colcon.colcon_core.verb:Building package 'assem1_controller' with the following arguments: {'ament_cmake_args': None, 'build_base': '/home/mohamed/mobile_ws/build/assem1_controller', 'catkin_cmake_args': None, 'catkin_skip_building_tests': False, 'cmake_args': None, 'cmake_clean_cache': False, 'cmake_clean_first': False, 'cmake_force_configure': False, 'cmake_target': None, 'cmake_target_skip_unavailable': False, 'install_base': '/home/mohamed/mobile_ws/install/assem1_controller', 'merge_install': False, 'path': '/home/mohamed/mobile_ws/src/assem1_controller', 'symlink_install': False, 'test_result_base': None}
[0.960s] INFO:colcon.colcon_core.executor:Executing jobs using 'parallel' executor
[0.963s] DEBUG:colcon.colcon_parallel_executor.executor.parallel:run_until_complete
[0.964s] INFO:colcon.colcon_ros.task.ament_cmake.build:Building ROS package in '/home/mohamed/mobile_ws/src/assem1_description' with build type 'ament_cmake'
[0.964s] INFO:colcon.colcon_cmake.task.cmake.build:Building CMake package in '/home/mohamed/mobile_ws/src/assem1_description'
[0.971s] INFO:colcon.colcon_core.plugin_system:Skipping extension 'colcon_core.shell.bat': Not used on non-Windows systems
[0.972s] INFO:colcon.colcon_core.shell:Skip shell extension 'powershell' for command environment: Not usable outside of PowerShell
[0.972s] DEBUG:colcon.colcon_core.shell:Skip shell extension 'dsv' for command environment
[0.986s] INFO:colcon.colcon_ros.task.ament_python.build:Building ROS package in '/home/mohamed/mobile_ws/src/assem1_vision' with build type 'ament_python'
[0.987s] Level 1:colcon.colcon_core.shell:create_environment_hook('assem1_vision', 'ament_prefix_path')
[0.988s] INFO:colcon.colcon_core.shell:Creating environment hook '/home/mohamed/mobile_ws/install/assem1_vision/share/assem1_vision/hook/ament_prefix_path.ps1'
[0.991s] INFO:colcon.colcon_core.shell:Creating environment descriptor '/home/mohamed/mobile_ws/install/assem1_vision/share/assem1_vision/hook/ament_prefix_path.dsv'
[0.993s] INFO:colcon.colcon_core.shell:Creating environment hook '/home/mohamed/mobile_ws/install/assem1_vision/share/assem1_vision/hook/ament_prefix_path.sh'
[0.996s] INFO:colcon.colcon_core.shell:Skip shell extension 'powershell' for command environment: Not usable outside of PowerShell
[0.996s] DEBUG:colcon.colcon_core.shell:Skip shell extension 'dsv' for command environment
[1.020s] DEBUG:colcon.colcon_core.event_handler.log_command:Invoking command in '/home/mohamed/mobile_ws/build/assem1_description': CMAKE_PREFIX_PATH=${CMAKE_PREFIX_PATH}:/home/mohamed/mobile_ws/install/assem1_vision:/opt/ros/humble /usr/bin/cmake --build /home/mohamed/mobile_ws/build/assem1_description -- -j2 -l2
[1.800s] INFO:colcon.colcon_core.task.python.build:Building Python package in '/home/mohamed/mobile_ws/src/assem1_vision'
[1.801s] INFO:colcon.colcon_core.shell:Skip shell extension 'powershell' for command environment: Not usable outside of PowerShell
[1.801s] DEBUG:colcon.colcon_core.shell:Skip shell extension 'dsv' for command environment
[1.813s] DEBUG:colcon.colcon_core.event_handler.log_command:Invoked command in '/home/mohamed/mobile_ws/build/assem1_description' returned '0': CMAKE_PREFIX_PATH=${CMAKE_PREFIX_PATH}:/home/mohamed/mobile_ws/install/assem1_vision:/opt/ros/humble /usr/bin/cmake --build /home/mohamed/mobile_ws/build/assem1_description -- -j2 -l2
[1.832s] DEBUG:colcon.colcon_core.event_handler.log_command:Invoking command in '/home/mohamed/mobile_ws/build/assem1_description': CMAKE_PREFIX_PATH=${CMAKE_PREFIX_PATH}:/home/mohamed/mobile_ws/install/assem1_vision:/opt/ros/humble /usr/bin/cmake --install /home/mohamed/mobile_ws/build/assem1_description
[1.866s] Level 1:colcon.colcon_core.environment:create_environment_scripts_only(assem1_description)
[1.901s] Level 1:colcon.colcon_core.environment:checking '/home/mohamed/mobile_ws/install/assem1_description' for CMake module files
[1.914s] Level 1:colcon.colcon_core.environment:checking '/home/mohamed/mobile_ws/install/assem1_description' for CMake config files
[1.918s] Level 1:colcon.colcon_core.shell:create_environment_hook('assem1_description', 'cmake_prefix_path')
[1.925s] INFO:colcon.colcon_core.shell:Creating environment hook '/home/mohamed/mobile_ws/install/assem1_description/share/assem1_description/hook/cmake_prefix_path.ps1'
[1.926s] DEBUG:colcon.colcon_core.event_handler.log_command:Invoked command in '/home/mohamed/mobile_ws/build/assem1_description' returned '0': CMAKE_PREFIX_PATH=${CMAKE_PREFIX_PATH}:/home/mohamed/mobile_ws/install/assem1_vision:/opt/ros/humble /usr/bin/cmake --install /home/mohamed/mobile_ws/build/assem1_description
[1.929s] INFO:colcon.colcon_core.shell:Creating environment descriptor '/home/mohamed/mobile_ws/install/assem1_description/share/assem1_description/hook/cmake_prefix_path.dsv'
[1.931s] INFO:colcon.colcon_core.shell:Creating environment hook '/home/mohamed/mobile_ws/install/assem1_description/share/assem1_description/hook/cmake_prefix_path.sh'
[1.934s] Level 1:colcon.colcon_core.environment:checking '/home/mohamed/mobile_ws/install/assem1_description/bin'
[1.935s] Level 1:colcon.colcon_core.environment:checking '/home/mohamed/mobile_ws/install/assem1_description/lib/pkgconfig/assem1_description.pc'
[1.935s] Level 1:colcon.colcon_core.environment:checking '/home/mohamed/mobile_ws/install/assem1_description/lib/python3.10/site-packages'
[1.937s] Level 1:colcon.colcon_core.environment:checking '/home/mohamed/mobile_ws/install/assem1_description/bin'
[1.938s] INFO:colcon.colcon_core.shell:Creating package script '/home/mohamed/mobile_ws/install/assem1_description/share/assem1_description/package.ps1'
[1.943s] INFO:colcon.colcon_core.shell:Creating package descriptor '/home/mohamed/mobile_ws/install/assem1_description/share/assem1_description/package.dsv'
[1.945s] INFO:colcon.colcon_core.shell:Creating package script '/home/mohamed/mobile_ws/install/assem1_description/share/assem1_description/package.sh'
[1.949s] INFO:colcon.colcon_core.shell:Creating package script '/home/mohamed/mobile_ws/install/assem1_description/share/assem1_description/package.bash'
[1.952s] INFO:colcon.colcon_core.shell:Creating package script '/home/mohamed/mobile_ws/install/assem1_description/share/assem1_description/package.zsh'
[1.955s] Level 1:colcon.colcon_core.environment:create_file_with_runtime_dependencies(/home/mohamed/mobile_ws/install/assem1_description/share/colcon-core/packages/assem1_description)
[1.958s] Level 1:colcon.colcon_core.environment:create_environment_scripts_only(assem1_description)
[1.959s] Level 1:colcon.colcon_core.environment:checking '/home/mohamed/mobile_ws/install/assem1_description' for CMake module files
[1.961s] Level 1:colcon.colcon_core.environment:checking '/home/mohamed/mobile_ws/install/assem1_description' for CMake config files
[1.962s] Level 1:colcon.colcon_core.shell:create_environment_hook('assem1_description', 'cmake_prefix_path')
[1.963s] INFO:colcon.colcon_core.shell:Creating environment hook '/home/mohamed/mobile_ws/install/assem1_description/share/assem1_description/hook/cmake_prefix_path.ps1'
[1.966s] INFO:colcon.colcon_core.shell:Creating environment descriptor '/home/mohamed/mobile_ws/install/assem1_description/share/assem1_description/hook/cmake_prefix_path.dsv'
[1.970s] INFO:colcon.colcon_core.shell:Creating environment hook '/home/mohamed/mobile_ws/install/assem1_description/share/assem1_description/hook/cmake_prefix_path.sh'
[1.973s] Level 1:colcon.colcon_core.environment:checking '/home/mohamed/mobile_ws/install/assem1_description/bin'
[1.975s] Level 1:colcon.colcon_core.environment:checking '/home/mohamed/mobile_ws/install/assem1_description/lib/pkgconfig/assem1_description.pc'
[1.976s] Level 1:colcon.colcon_core.environment:checking '/home/mohamed/mobile_ws/install/assem1_description/lib/python3.10/site-packages'
[1.979s] Level 1:colcon.colcon_core.environment:checking '/home/mohamed/mobile_ws/install/assem1_description/bin'
[1.980s] INFO:colcon.colcon_core.shell:Creating package script '/home/mohamed/mobile_ws/install/assem1_description/share/assem1_description/package.ps1'
[1.984s] INFO:colcon.colcon_core.shell:Creating package descriptor '/home/mohamed/mobile_ws/install/assem1_description/share/assem1_description/package.dsv'
[1.987s] INFO:colcon.colcon_core.shell:Creating package script '/home/mohamed/mobile_ws/install/assem1_description/share/assem1_description/package.sh'
[1.989s] INFO:colcon.colcon_core.shell:Creating package script '/home/mohamed/mobile_ws/install/assem1_description/share/assem1_description/package.bash'
[1.992s] INFO:colcon.colcon_core.shell:Creating package script '/home/mohamed/mobile_ws/install/assem1_description/share/assem1_description/package.zsh'
[1.995s] Level 1:colcon.colcon_core.environment:create_file_with_runtime_dependencies(/home/mohamed/mobile_ws/install/assem1_description/share/colcon-core/packages/assem1_description)
[1.998s] INFO:colcon.colcon_ros.task.ament_cmake.build:Building ROS package in '/home/mohamed/mobile_ws/src/assem1_controller' with build type 'ament_cmake'
[1.999s] INFO:colcon.colcon_cmake.task.cmake.build:Building CMake package in '/home/mohamed/mobile_ws/src/assem1_controller'
[2.000s] INFO:colcon.colcon_core.shell:Skip shell extension 'powershell' for command environment: Not usable outside of PowerShell
[2.003s] DEBUG:colcon.colcon_core.shell:Skip shell extension 'dsv' for command environment
[2.043s] DEBUG:colcon.colcon_core.event_handler.log_command:Invoking command in '/home/mohamed/mobile_ws/build/assem1_controller': CMAKE_PREFIX_PATH=/home/mohamed/mobile_ws/install/assem1_description:/home/mohamed/mobile_ws/install/assem1_controller:/home/mohamed/mobile_ws/install/assem1_vision:/opt/ros/humble /usr/bin/cmake --build /home/mohamed/mobile_ws/build/assem1_controller -- -j2 -l2
[2.145s] DEBUG:colcon.colcon_core.event_handler.log_command:Invoked command in '/home/mohamed/mobile_ws/build/assem1_controller' returned '0': CMAKE_PREFIX_PATH=/home/mohamed/mobile_ws/install/assem1_description:/home/mohamed/mobile_ws/install/assem1_controller:/home/mohamed/mobile_ws/install/assem1_vision:/opt/ros/humble /usr/bin/cmake --build /home/mohamed/mobile_ws/build/assem1_controller -- -j2 -l2
[2.147s] DEBUG:colcon.colcon_core.event_handler.log_command:Invoking command in '/home/mohamed/mobile_ws/build/assem1_controller': CMAKE_PREFIX_PATH=/home/mohamed/mobile_ws/install/assem1_description:/home/mohamed/mobile_ws/install/assem1_controller:/home/mohamed/mobile_ws/install/assem1_vision:/opt/ros/humble /usr/bin/cmake --install /home/mohamed/mobile_ws/build/assem1_controller
[2.176s] Level 1:colcon.colcon_core.environment:create_environment_scripts_only(assem1_controller)
[2.177s] Level 1:colcon.colcon_core.environment:checking '/home/mohamed/mobile_ws/install/assem1_controller' for CMake module files
[2.178s] DEBUG:colcon.colcon_core.event_handler.log_command:Invoked command in '/home/mohamed/mobile_ws/build/assem1_controller' returned '0': CMAKE_PREFIX_PATH=/home/mohamed/mobile_ws/install/assem1_description:/home/mohamed/mobile_ws/install/assem1_controller:/home/mohamed/mobile_ws/install/assem1_vision:/opt/ros/humble /usr/bin/cmake --install /home/mohamed/mobile_ws/build/assem1_controller
[2.179s] Level 1:colcon.colcon_core.environment:checking '/home/mohamed/mobile_ws/install/assem1_controller' for CMake config files
[2.180s] Level 1:colcon.colcon_core.shell:create_environment_hook('assem1_controller', 'cmake_prefix_path')
[2.181s] INFO:colcon.colcon_core.shell:Creating environment hook '/home/mohamed/mobile_ws/install/assem1_controller/share/assem1_controller/hook/cmake_prefix_path.ps1'
[2.183s] INFO:colcon.colcon_core.shell:Creating environment descriptor '/home/mohamed/mobile_ws/install/assem1_controller/share/assem1_controller/hook/cmake_prefix_path.dsv'
[2.184s] INFO:colcon.colcon_core.shell:Creating environment hook '/home/mohamed/mobile_ws/install/assem1_controller/share/assem1_controller/hook/cmake_prefix_path.sh'
[2.186s] Level 1:colcon.colcon_core.environment:checking '/home/mohamed/mobile_ws/install/assem1_controller/lib'
[2.187s] Level 1:colcon.colcon_core.environment:checking '/home/mohamed/mobile_ws/install/assem1_controller/bin'
[2.187s] Level 1:colcon.colcon_core.environment:checking '/home/mohamed/mobile_ws/install/assem1_controller/lib/pkgconfig/assem1_controller.pc'
[2.188s] Level 1:colcon.colcon_core.environment:checking '/home/mohamed/mobile_ws/install/assem1_controller/lib/python3.10/site-packages'
[2.188s] Level 1:colcon.colcon_core.shell:create_environment_hook('assem1_controller', 'pythonpath')
[2.189s] INFO:colcon.colcon_core.shell:Creating environment hook '/home/mohamed/mobile_ws/install/assem1_controller/share/assem1_controller/hook/pythonpath.ps1'
[2.190s] INFO:colcon.colcon_core.shell:Creating environment descriptor '/home/mohamed/mobile_ws/install/assem1_controller/share/assem1_controller/hook/pythonpath.dsv'
[2.191s] INFO:colcon.colcon_core.shell:Creating environment hook '/home/mohamed/mobile_ws/install/assem1_controller/share/assem1_controller/hook/pythonpath.sh'
[2.193s] Level 1:colcon.colcon_core.environment:checking '/home/mohamed/mobile_ws/install/assem1_controller/bin'
[2.194s] INFO:colcon.colcon_core.shell:Creating package script '/home/mohamed/mobile_ws/install/assem1_controller/share/assem1_controller/package.ps1'
[2.196s] INFO:colcon.colcon_core.shell:Creating package descriptor '/home/mohamed/mobile_ws/install/assem1_controller/share/assem1_controller/package.dsv'
[2.198s] INFO:colcon.colcon_core.shell:Creating package script '/home/mohamed/mobile_ws/install/assem1_controller/share/assem1_controller/package.sh'
[2.199s] INFO:colcon.colcon_core.shell:Creating package script '/home/mohamed/mobile_ws/install/assem1_controller/share/assem1_controller/package.bash'
[2.201s] INFO:colcon.colcon_core.shell:Creating package script '/home/mohamed/mobile_ws/install/assem1_controller/share/assem1_controller/package.zsh'
[2.202s] Level 1:colcon.colcon_core.environment:create_file_with_runtime_dependencies(/home/mohamed/mobile_ws/install/assem1_controller/share/colcon-core/packages/assem1_controller)
[2.204s] Level 1:colcon.colcon_core.environment:create_environment_scripts_only(assem1_controller)
[2.204s] Level 1:colcon.colcon_core.environment:checking '/home/mohamed/mobile_ws/install/assem1_controller' for CMake module files
[2.206s] Level 1:colcon.colcon_core.environment:checking '/home/mohamed/mobile_ws/install/assem1_controller' for CMake config files
[2.206s] Level 1:colcon.colcon_core.shell:create_environment_hook('assem1_controller', 'cmake_prefix_path')
[2.207s] INFO:colcon.colcon_core.shell:Creating environment hook '/home/mohamed/mobile_ws/install/assem1_controller/share/assem1_controller/hook/cmake_prefix_path.ps1'
[2.208s] INFO:colcon.colcon_core.shell:Creating environment descriptor '/home/mohamed/mobile_ws/install/assem1_controller/share/assem1_controller/hook/cmake_prefix_path.dsv'
[2.211s] INFO:colcon.colcon_core.shell:Creating environment hook '/home/mohamed/mobile_ws/install/assem1_controller/share/assem1_controller/hook/cmake_prefix_path.sh'
[2.212s] Level 1:colcon.colcon_core.environment:checking '/home/mohamed/mobile_ws/install/assem1_controller/lib'
[2.213s] Level 1:colcon.colcon_core.environment:checking '/home/mohamed/mobile_ws/install/assem1_controller/bin'
[2.213s] Level 1:colcon.colcon_core.environment:checking '/home/mohamed/mobile_ws/install/assem1_controller/lib/pkgconfig/assem1_controller.pc'
[2.214s] Level 1:colcon.colcon_core.environment:checking '/home/mohamed/mobile_ws/install/assem1_controller/lib/python3.10/site-packages'
[2.214s] Level 1:colcon.colcon_core.shell:create_environment_hook('assem1_controller', 'pythonpath')
[2.215s] INFO:colcon.colcon_core.shell:Creating environment hook '/home/mohamed/mobile_ws/install/assem1_controller/share/assem1_controller/hook/pythonpath.ps1'
[2.216s] INFO:colcon.colcon_core.shell:Creating environment descriptor '/home/mohamed/mobile_ws/install/assem1_controller/share/assem1_controller/hook/pythonpath.dsv'
[2.218s] INFO:colcon.colcon_core.shell:Creating environment hook '/home/mohamed/mobile_ws/install/assem1_controller/share/assem1_controller/hook/pythonpath.sh'
[2.221s] Level 1:colcon.colcon_core.environment:checking '/home/mohamed/mobile_ws/install/assem1_controller/bin'
[2.222s] INFO:colcon.colcon_core.shell:Creating package script '/home/mohamed/mobile_ws/install/assem1_controller/share/assem1_controller/package.ps1'
[2.224s] INFO:colcon.colcon_core.shell:Creating package descriptor '/home/mohamed/mobile_ws/install/assem1_controller/share/assem1_controller/package.dsv'
[2.227s] INFO:colcon.colcon_core.shell:Creating package script '/home/mohamed/mobile_ws/install/assem1_controller/share/assem1_controller/package.sh'
[2.228s] INFO:colcon.colcon_core.shell:Creating package script '/home/mohamed/mobile_ws/install/assem1_controller/share/assem1_controller/package.bash'
[2.230s] INFO:colcon.colcon_core.shell:Creating package script '/home/mohamed/mobile_ws/install/assem1_controller/share/assem1_controller/package.zsh'
[2.232s] Level 1:colcon.colcon_core.environment:create_file_with_runtime_dependencies(/home/mohamed/mobile_ws/install/assem1_controller/share/colcon-core/packages/assem1_controller)
[2.852s] DEBUG:colcon.colcon_core.event_handler.log_command:Invoking command in '/home/mohamed/mobile_ws/src/assem1_vision': PYTHONPATH=/home/mohamed/mobile_ws/build/assem1_vision/prefix_override:/usr/lib/python3/dist-packages/colcon_core/task/python/colcon_distutils_commands:/home/mohamed/mobile_ws/install/assem1_vision/lib/python3.10/site-packages:${PYTHONPATH} /usr/bin/python3 -W ignore:setup.py install is deprecated -W ignore:easy_install command is deprecated setup.py egg_info --egg-base ../../build/assem1_vision build --build-base /home/mohamed/mobile_ws/build/assem1_vision/build install --record /home/mohamed/mobile_ws/build/assem1_vision/install.log --single-version-externally-managed install_data
[3.585s] Level 1:colcon.colcon_core.environment:checking '/home/mohamed/mobile_ws/install/assem1_vision' for CMake module files
[3.587s] DEBUG:colcon.colcon_core.event_handler.log_command:Invoked command in '/home/mohamed/mobile_ws/src/assem1_vision' returned '0': PYTHONPATH=/home/mohamed/mobile_ws/build/assem1_vision/prefix_override:/usr/lib/python3/dist-packages/colcon_core/task/python/colcon_distutils_commands:/home/mohamed/mobile_ws/install/assem1_vision/lib/python3.10/site-packages:${PYTHONPATH} /usr/bin/python3 -W ignore:setup.py install is deprecated -W ignore:easy_install command is deprecated setup.py egg_info --egg-base ../../build/assem1_vision build --build-base /home/mohamed/mobile_ws/build/assem1_vision/build install --record /home/mohamed/mobile_ws/build/assem1_vision/install.log --single-version-externally-managed install_data
[3.587s] Level 1:colcon.colcon_core.environment:checking '/home/mohamed/mobile_ws/install/assem1_vision' for CMake config files
[3.589s] Level 1:colcon.colcon_core.environment:checking '/home/mohamed/mobile_ws/install/assem1_vision/lib'
[3.589s] Level 1:colcon.colcon_core.environment:checking '/home/mohamed/mobile_ws/install/assem1_vision/bin'
[3.589s] Level 1:colcon.colcon_core.environment:checking '/home/mohamed/mobile_ws/install/assem1_vision/lib/pkgconfig/assem1_vision.pc'
[3.590s] Level 1:colcon.colcon_core.environment:checking '/home/mohamed/mobile_ws/install/assem1_vision/lib/python3.10/site-packages'
[3.590s] Level 1:colcon.colcon_core.shell:create_environment_hook('assem1_vision', 'pythonpath')
[3.591s] INFO:colcon.colcon_core.shell:Creating environment hook '/home/mohamed/mobile_ws/install/assem1_vision/share/assem1_vision/hook/pythonpath.ps1'
[3.592s] INFO:colcon.colcon_core.shell:Creating environment descriptor '/home/mohamed/mobile_ws/install/assem1_vision/share/assem1_vision/hook/pythonpath.dsv'
[3.593s] INFO:colcon.colcon_core.shell:Creating environment hook '/home/mohamed/mobile_ws/install/assem1_vision/share/assem1_vision/hook/pythonpath.sh'
[3.596s] Level 1:colcon.colcon_core.environment:checking '/home/mohamed/mobile_ws/install/assem1_vision/bin'
[3.596s] Level 1:colcon.colcon_core.environment:create_environment_scripts_only(assem1_vision)
[3.597s] INFO:colcon.colcon_core.shell:Creating package script '/home/mohamed/mobile_ws/install/assem1_vision/share/assem1_vision/package.ps1'
[3.599s] INFO:colcon.colcon_core.shell:Creating package descriptor '/home/mohamed/mobile_ws/install/assem1_vision/share/assem1_vision/package.dsv'
[3.601s] INFO:colcon.colcon_core.shell:Creating package script '/home/mohamed/mobile_ws/install/assem1_vision/share/assem1_vision/package.sh'
[3.602s] INFO:colcon.colcon_core.shell:Creating package script '/home/mohamed/mobile_ws/install/assem1_vision/share/assem1_vision/package.bash'
[3.604s] INFO:colcon.colcon_core.shell:Creating package script '/home/mohamed/mobile_ws/install/assem1_vision/share/assem1_vision/package.zsh'
[3.605s] Level 1:colcon.colcon_core.environment:create_file_with_runtime_dependencies(/home/mohamed/mobile_ws/install/assem1_vision/share/colcon-core/packages/assem1_vision)
[3.606s] DEBUG:colcon.colcon_parallel_executor.executor.parallel:closing loop
[3.606s] DEBUG:colcon.colcon_parallel_executor.executor.parallel:loop closed
[3.607s] DEBUG:colcon.colcon_parallel_executor.executor.parallel:run_until_complete finished with '0'
[3.607s] DEBUG:colcon.colcon_core.event_reactor:joining thread
[3.625s] INFO:colcon.colcon_core.plugin_system:Skipping extension 'colcon_notification.desktop_notification.terminal_notifier': Not used on non-Darwin systems
[3.625s] INFO:colcon.colcon_core.plugin_system:Skipping extension 'colcon_notification.desktop_notification.win32': Not used on non-Windows systems
[3.626s] INFO:colcon.colcon_notification.desktop_notification:Sending desktop notification using 'notify2'
[3.667s] DEBUG:colcon.colcon_core.event_reactor:joined thread
[3.668s] INFO:colcon.colcon_core.shell:Creating prefix script '/home/mohamed/mobile_ws/install/local_setup.ps1'
[3.672s] INFO:colcon.colcon_core.shell:Creating prefix util module '/home/mohamed/mobile_ws/install/_local_setup_util_ps1.py'
[3.677s] INFO:colcon.colcon_core.shell:Creating prefix chain script '/home/mohamed/mobile_ws/install/setup.ps1'
[3.682s] INFO:colcon.colcon_core.shell:Creating prefix script '/home/mohamed/mobile_ws/install/local_setup.sh'
[3.685s] INFO:colcon.colcon_core.shell:Creating prefix util module '/home/mohamed/mobile_ws/install/_local_setup_util_sh.py'
[3.687s] INFO:colcon.colcon_core.shell:Creating prefix chain script '/home/mohamed/mobile_ws/install/setup.sh'
[3.691s] INFO:colcon.colcon_core.shell:Creating prefix script '/home/mohamed/mobile_ws/install/local_setup.bash'
[3.693s] INFO:colcon.colcon_core.shell:Creating prefix chain script '/home/mohamed/mobile_ws/install/setup.bash'
[3.697s] INFO:colcon.colcon_core.shell:Creating prefix script '/home/mohamed/mobile_ws/install/local_setup.zsh'
[3.699s] INFO:colcon.colcon_core.shell:Creating prefix chain script '/home/mohamed/mobile_ws/install/setup.zsh'
