[3.313s] Invoking command in '/home/mohamed/mobile_ws/src/assem1_vision': PYTHONPATH=/home/mohamed/mobile_ws/build/assem1_vision/prefix_override:/usr/lib/python3/dist-packages/colcon_core/task/python/colcon_distutils_commands:/home/mohamed/mobile_ws/install/assem1_vision/lib/python3.10/site-packages:${PYTHONPATH} /usr/bin/python3 -W ignore:setup.py install is deprecated -W ignore:easy_install command is deprecated setup.py egg_info --egg-base ../../build/assem1_vision build --build-base /home/mohamed/mobile_ws/build/assem1_vision/build install --record /home/mohamed/mobile_ws/build/assem1_vision/install.log --single-version-externally-managed install_data
[4.210s] running egg_info
[4.214s] writing ../../build/assem1_vision/assem1_vision.egg-info/PKG-INFO
[4.216s] writing dependency_links to ../../build/assem1_vision/assem1_vision.egg-info/dependency_links.txt
[4.219s] writing entry points to ../../build/assem1_vision/assem1_vision.egg-info/entry_points.txt
[4.222s] writing requirements to ../../build/assem1_vision/assem1_vision.egg-info/requires.txt
[4.223s] writing top-level names to ../../build/assem1_vision/assem1_vision.egg-info/top_level.txt
[4.231s] reading manifest file '../../build/assem1_vision/assem1_vision.egg-info/SOURCES.txt'
[4.234s] writing manifest file '../../build/assem1_vision/assem1_vision.egg-info/SOURCES.txt'
[4.236s] running build
[4.239s] running build_py
[4.242s] running install
[4.243s] running install_lib
[4.249s] running install_data
[4.252s] running install_egg_info
[4.257s] removing '/home/mohamed/mobile_ws/install/assem1_vision/lib/python3.10/site-packages/assem1_vision-0.0.0-py3.10.egg-info' (and everything under it)
[4.266s] Copying ../../build/assem1_vision/assem1_vision.egg-info to /home/mohamed/mobile_ws/install/assem1_vision/lib/python3.10/site-packages/assem1_vision-0.0.0-py3.10.egg-info
[4.269s] running install_scripts
[4.335s] Installing color_sorter script to /home/mohamed/mobile_ws/install/assem1_vision/lib/panda_vision
[4.338s] writing list of installed files to '/home/mohamed/mobile_ws/build/assem1_vision/install.log'
[4.438s] Invoked command in '/home/mohamed/mobile_ws/src/assem1_vision' returned '0': PYTHONPATH=/home/mohamed/mobile_ws/build/assem1_vision/prefix_override:/usr/lib/python3/dist-packages/colcon_core/task/python/colcon_distutils_commands:/home/mohamed/mobile_ws/install/assem1_vision/lib/python3.10/site-packages:${PYTHONPATH} /usr/bin/python3 -W ignore:setup.py install is deprecated -W ignore:easy_install command is deprecated setup.py egg_info --egg-base ../../build/assem1_vision build --build-base /home/mohamed/mobile_ws/build/assem1_vision/build install --record /home/mohamed/mobile_ws/build/assem1_vision/install.log --single-version-externally-managed install_data
