[0.247s] DEBUG:colcon:Command line arguments: ['/usr/bin/colcon', 'build']
[0.248s] DEBUG:colcon:Parsed command line arguments: Namespace(log_base=None, log_level=None, verb_name='build', build_base='build', install_base='install', merge_install=False, symlink_install=False, test_result_base=None, continue_on_error=False, executor='parallel', parallel_workers=2, event_handlers=None, ignore_user_meta=False, metas=['./colcon.meta'], base_paths=['.'], packages_ignore=None, packages_ignore_regex=None, paths=None, packages_up_to=None, packages_up_to_regex=None, packages_above=None, packages_above_and_dependencies=None, packages_above_depth=None, packages_select_by_dep=None, packages_skip_by_dep=None, packages_skip_up_to=None, packages_select_build_failed=False, packages_skip_build_finished=False, packages_select_test_failures=False, packages_skip_test_passed=False, packages_select=None, packages_skip=None, packages_select_regex=None, packages_skip_regex=None, packages_start=None, packages_end=None, allow_overriding=[], cmake_args=None, cmake_target=None, cmake_target_skip_unavailable=False, cmake_clean_cache=False, cmake_clean_first=False, cmake_force_configure=False, ament_cmake_args=None, catkin_cmake_args=None, catkin_skip_building_tests=False, mixin_files=None, mixin=None, verb_parser=<colcon_mixin.mixin.mixin_argument.MixinArgumentDecorator object at 0x79ec16d6a8f0>, verb_extension=<colcon_core.verb.build.BuildVerb object at 0x79ec16d6a320>, main=<bound method BuildVerb.main of <colcon_core.verb.build.BuildVerb object at 0x79ec16d6a320>>, mixin_verb=('build',))
[0.633s] Level 1:colcon.colcon_core.package_discovery:discover_packages(colcon_meta) check parameters
[0.634s] Level 1:colcon.colcon_core.package_discovery:discover_packages(recursive) check parameters
[0.634s] Level 1:colcon.colcon_core.package_discovery:discover_packages(ignore) check parameters
[0.634s] Level 1:colcon.colcon_core.package_discovery:discover_packages(path) check parameters
[0.634s] Level 1:colcon.colcon_core.package_discovery:discover_packages(colcon_meta) discover
[0.634s] Level 1:colcon.colcon_core.package_discovery:discover_packages(recursive) discover
[0.634s] INFO:colcon.colcon_core.package_discovery:Crawling recursively for packages in '/home/mohamed/mobile_ws'
[0.635s] Level 1:colcon.colcon_core.package_identification:_identify(.) by extensions ['ignore', 'ignore_ament_install']
[0.635s] Level 1:colcon.colcon_core.package_identification:_identify(.) by extension 'ignore'
[0.635s] Level 1:colcon.colcon_core.package_identification:_identify(.) by extension 'ignore_ament_install'
[0.635s] Level 1:colcon.colcon_core.package_identification:_identify(.) by extensions ['colcon_pkg']
[0.635s] Level 1:colcon.colcon_core.package_identification:_identify(.) by extension 'colcon_pkg'
[0.635s] Level 1:colcon.colcon_core.package_identification:_identify(.) by extensions ['colcon_meta']
[0.636s] Level 1:colcon.colcon_core.package_identification:_identify(.) by extension 'colcon_meta'
[0.636s] Level 1:colcon.colcon_core.package_identification:_identify(.) by extensions ['ros']
[0.636s] Level 1:colcon.colcon_core.package_identification:_identify(.) by extension 'ros'
[0.660s] Level 1:colcon.colcon_core.package_identification:_identify(.) by extensions ['cmake', 'python']
[0.661s] Level 1:colcon.colcon_core.package_identification:_identify(.) by extension 'cmake'
[0.661s] Level 1:colcon.colcon_core.package_identification:_identify(.) by extension 'python'
[0.661s] Level 1:colcon.colcon_core.package_identification:_identify(.) by extensions ['python_setup_py']
[0.661s] Level 1:colcon.colcon_core.package_identification:_identify(.) by extension 'python_setup_py'
[0.661s] Level 1:colcon.colcon_core.package_identification:_identify(build) by extensions ['ignore', 'ignore_ament_install']
[0.662s] Level 1:colcon.colcon_core.package_identification:_identify(build) by extension 'ignore'
[0.662s] Level 1:colcon.colcon_core.package_identification:_identify(build) ignored
[0.662s] Level 1:colcon.colcon_core.package_identification:_identify(install) by extensions ['ignore', 'ignore_ament_install']
[0.662s] Level 1:colcon.colcon_core.package_identification:_identify(install) by extension 'ignore'
[0.662s] Level 1:colcon.colcon_core.package_identification:_identify(install) ignored
[0.663s] Level 1:colcon.colcon_core.package_identification:_identify(log) by extensions ['ignore', 'ignore_ament_install']
[0.663s] Level 1:colcon.colcon_core.package_identification:_identify(log) by extension 'ignore'
[0.663s] Level 1:colcon.colcon_core.package_identification:_identify(log) ignored
[0.663s] Level 1:colcon.colcon_core.package_identification:_identify(src) by extensions ['ignore', 'ignore_ament_install']
[0.664s] Level 1:colcon.colcon_core.package_identification:_identify(src) by extension 'ignore'
[0.664s] Level 1:colcon.colcon_core.package_identification:_identify(src) by extension 'ignore_ament_install'
[0.664s] Level 1:colcon.colcon_core.package_identification:_identify(src) by extensions ['colcon_pkg']
[0.664s] Level 1:colcon.colcon_core.package_identification:_identify(src) by extension 'colcon_pkg'
[0.664s] Level 1:colcon.colcon_core.package_identification:_identify(src) by extensions ['colcon_meta']
[0.664s] Level 1:colcon.colcon_core.package_identification:_identify(src) by extension 'colcon_meta'
[0.664s] Level 1:colcon.colcon_core.package_identification:_identify(src) by extensions ['ros']
[0.664s] Level 1:colcon.colcon_core.package_identification:_identify(src) by extension 'ros'
[0.664s] Level 1:colcon.colcon_core.package_identification:_identify(src) by extensions ['cmake', 'python']
[0.664s] Level 1:colcon.colcon_core.package_identification:_identify(src) by extension 'cmake'
[0.665s] Level 1:colcon.colcon_core.package_identification:_identify(src) by extension 'python'
[0.665s] Level 1:colcon.colcon_core.package_identification:_identify(src) by extensions ['python_setup_py']
[0.665s] Level 1:colcon.colcon_core.package_identification:_identify(src) by extension 'python_setup_py'
[0.665s] Level 1:colcon.colcon_core.package_identification:_identify(src/assem1_controller) by extensions ['ignore', 'ignore_ament_install']
[0.665s] Level 1:colcon.colcon_core.package_identification:_identify(src/assem1_controller) by extension 'ignore'
[0.665s] Level 1:colcon.colcon_core.package_identification:_identify(src/assem1_controller) by extension 'ignore_ament_install'
[0.665s] Level 1:colcon.colcon_core.package_identification:_identify(src/assem1_controller) by extensions ['colcon_pkg']
[0.666s] Level 1:colcon.colcon_core.package_identification:_identify(src/assem1_controller) by extension 'colcon_pkg'
[0.666s] Level 1:colcon.colcon_core.package_identification:_identify(src/assem1_controller) by extensions ['colcon_meta']
[0.666s] Level 1:colcon.colcon_core.package_identification:_identify(src/assem1_controller) by extension 'colcon_meta'
[0.666s] Level 1:colcon.colcon_core.package_identification:_identify(src/assem1_controller) by extensions ['ros']
[0.666s] Level 1:colcon.colcon_core.package_identification:_identify(src/assem1_controller) by extension 'ros'
[0.672s] DEBUG:colcon.colcon_core.package_identification:Package 'src/assem1_controller' with type 'ros.ament_cmake' and name 'assem1_controller'
[0.672s] Level 1:colcon.colcon_core.package_identification:_identify(src/assem1_description) by extensions ['ignore', 'ignore_ament_install']
[0.672s] Level 1:colcon.colcon_core.package_identification:_identify(src/assem1_description) by extension 'ignore'
[0.673s] Level 1:colcon.colcon_core.package_identification:_identify(src/assem1_description) by extension 'ignore_ament_install'
[0.673s] Level 1:colcon.colcon_core.package_identification:_identify(src/assem1_description) by extensions ['colcon_pkg']
[0.673s] Level 1:colcon.colcon_core.package_identification:_identify(src/assem1_description) by extension 'colcon_pkg'
[0.673s] Level 1:colcon.colcon_core.package_identification:_identify(src/assem1_description) by extensions ['colcon_meta']
[0.673s] Level 1:colcon.colcon_core.package_identification:_identify(src/assem1_description) by extension 'colcon_meta'
[0.673s] Level 1:colcon.colcon_core.package_identification:_identify(src/assem1_description) by extensions ['ros']
[0.673s] Level 1:colcon.colcon_core.package_identification:_identify(src/assem1_description) by extension 'ros'
[0.676s] DEBUG:colcon.colcon_core.package_identification:Package 'src/assem1_description' with type 'ros.ament_cmake' and name 'assem1_description'
[0.676s] Level 1:colcon.colcon_core.package_identification:_identify(src/assem1_vision) by extensions ['ignore', 'ignore_ament_install']
[0.676s] Level 1:colcon.colcon_core.package_identification:_identify(src/assem1_vision) by extension 'ignore'
[0.677s] Level 1:colcon.colcon_core.package_identification:_identify(src/assem1_vision) by extension 'ignore_ament_install'
[0.677s] Level 1:colcon.colcon_core.package_identification:_identify(src/assem1_vision) by extensions ['colcon_pkg']
[0.677s] Level 1:colcon.colcon_core.package_identification:_identify(src/assem1_vision) by extension 'colcon_pkg'
[0.677s] Level 1:colcon.colcon_core.package_identification:_identify(src/assem1_vision) by extensions ['colcon_meta']
[0.677s] Level 1:colcon.colcon_core.package_identification:_identify(src/assem1_vision) by extension 'colcon_meta'
[0.677s] Level 1:colcon.colcon_core.package_identification:_identify(src/assem1_vision) by extensions ['ros']
[0.677s] Level 1:colcon.colcon_core.package_identification:_identify(src/assem1_vision) by extension 'ros'
[0.680s] DEBUG:colcon.colcon_core.package_identification:Package 'src/assem1_vision' with type 'ros.ament_python' and name 'assem1_vision'
[0.680s] Level 1:colcon.colcon_core.package_discovery:discover_packages(recursive) using defaults
[0.680s] Level 1:colcon.colcon_core.package_discovery:discover_packages(ignore) discover
[0.680s] Level 1:colcon.colcon_core.package_discovery:discover_packages(ignore) using defaults
[0.680s] Level 1:colcon.colcon_core.package_discovery:discover_packages(path) discover
[0.680s] Level 1:colcon.colcon_core.package_discovery:discover_packages(path) using defaults
[0.752s] Level 1:colcon.colcon_core.package_discovery:discover_packages(prefix_path) check parameters
[0.752s] Level 1:colcon.colcon_core.package_discovery:discover_packages(prefix_path) discover
[0.756s] DEBUG:colcon.colcon_installed_package_information.package_discovery:Found 3 installed packages in /home/mohamed/mobile_ws/install
[0.760s] DEBUG:colcon.colcon_installed_package_information.package_discovery:Found 428 installed packages in /opt/ros/humble
[0.765s] Level 1:colcon.colcon_core.package_discovery:discover_packages(prefix_path) using defaults
[0.900s] Level 5:colcon.colcon_core.verb:set package 'assem1_description' build argument 'cmake_args' from command line to 'None'
[0.900s] Level 5:colcon.colcon_core.verb:set package 'assem1_description' build argument 'cmake_target' from command line to 'None'
[0.900s] Level 5:colcon.colcon_core.verb:set package 'assem1_description' build argument 'cmake_target_skip_unavailable' from command line to 'False'
[0.900s] Level 5:colcon.colcon_core.verb:set package 'assem1_description' build argument 'cmake_clean_cache' from command line to 'False'
[0.900s] Level 5:colcon.colcon_core.verb:set package 'assem1_description' build argument 'cmake_clean_first' from command line to 'False'
[0.901s] Level 5:colcon.colcon_core.verb:set package 'assem1_description' build argument 'cmake_force_configure' from command line to 'False'
[0.901s] Level 5:colcon.colcon_core.verb:set package 'assem1_description' build argument 'ament_cmake_args' from command line to 'None'
[0.901s] Level 5:colcon.colcon_core.verb:set package 'assem1_description' build argument 'catkin_cmake_args' from command line to 'None'
[0.901s] Level 5:colcon.colcon_core.verb:set package 'assem1_description' build argument 'catkin_skip_building_tests' from command line to 'False'
[0.901s] DEBUG:colcon.colcon_core.verb:Building package 'assem1_description' with the following arguments: {'ament_cmake_args': None, 'build_base': '/home/mohamed/mobile_ws/build/assem1_description', 'catkin_cmake_args': None, 'catkin_skip_building_tests': False, 'cmake_args': None, 'cmake_clean_cache': False, 'cmake_clean_first': False, 'cmake_force_configure': False, 'cmake_target': None, 'cmake_target_skip_unavailable': False, 'install_base': '/home/mohamed/mobile_ws/install/assem1_description', 'merge_install': False, 'path': '/home/mohamed/mobile_ws/src/assem1_description', 'symlink_install': False, 'test_result_base': None}
[0.902s] Level 5:colcon.colcon_core.verb:set package 'assem1_vision' build argument 'cmake_args' from command line to 'None'
[0.902s] Level 5:colcon.colcon_core.verb:set package 'assem1_vision' build argument 'cmake_target' from command line to 'None'
[0.902s] Level 5:colcon.colcon_core.verb:set package 'assem1_vision' build argument 'cmake_target_skip_unavailable' from command line to 'False'
[0.902s] Level 5:colcon.colcon_core.verb:set package 'assem1_vision' build argument 'cmake_clean_cache' from command line to 'False'
[0.903s] Level 5:colcon.colcon_core.verb:set package 'assem1_vision' build argument 'cmake_clean_first' from command line to 'False'
[0.903s] Level 5:colcon.colcon_core.verb:set package 'assem1_vision' build argument 'cmake_force_configure' from command line to 'False'
[0.903s] Level 5:colcon.colcon_core.verb:set package 'assem1_vision' build argument 'ament_cmake_args' from command line to 'None'
[0.903s] Level 5:colcon.colcon_core.verb:set package 'assem1_vision' build argument 'catkin_cmake_args' from command line to 'None'
[0.903s] Level 5:colcon.colcon_core.verb:set package 'assem1_vision' build argument 'catkin_skip_building_tests' from command line to 'False'
[0.903s] DEBUG:colcon.colcon_core.verb:Building package 'assem1_vision' with the following arguments: {'ament_cmake_args': None, 'build_base': '/home/mohamed/mobile_ws/build/assem1_vision', 'catkin_cmake_args': None, 'catkin_skip_building_tests': False, 'cmake_args': None, 'cmake_clean_cache': False, 'cmake_clean_first': False, 'cmake_force_configure': False, 'cmake_target': None, 'cmake_target_skip_unavailable': False, 'install_base': '/home/mohamed/mobile_ws/install/assem1_vision', 'merge_install': False, 'path': '/home/mohamed/mobile_ws/src/assem1_vision', 'symlink_install': False, 'test_result_base': None}
[0.904s] Level 5:colcon.colcon_core.verb:set package 'assem1_controller' build argument 'cmake_args' from command line to 'None'
[0.904s] Level 5:colcon.colcon_core.verb:set package 'assem1_controller' build argument 'cmake_target' from command line to 'None'
[0.904s] Level 5:colcon.colcon_core.verb:set package 'assem1_controller' build argument 'cmake_target_skip_unavailable' from command line to 'False'
[0.904s] Level 5:colcon.colcon_core.verb:set package 'assem1_controller' build argument 'cmake_clean_cache' from command line to 'False'
[0.904s] Level 5:colcon.colcon_core.verb:set package 'assem1_controller' build argument 'cmake_clean_first' from command line to 'False'
[0.904s] Level 5:colcon.colcon_core.verb:set package 'assem1_controller' build argument 'cmake_force_configure' from command line to 'False'
[0.904s] Level 5:colcon.colcon_core.verb:set package 'assem1_controller' build argument 'ament_cmake_args' from command line to 'None'
[0.905s] Level 5:colcon.colcon_core.verb:set package 'assem1_controller' build argument 'catkin_cmake_args' from command line to 'None'
[0.905s] Level 5:colcon.colcon_core.verb:set package 'assem1_controller' build argument 'catkin_skip_building_tests' from command line to 'False'
[0.905s] DEBUG:colcon.colcon_core.verb:Building package 'assem1_controller' with the following arguments: {'ament_cmake_args': None, 'build_base': '/home/mohamed/mobile_ws/build/assem1_controller', 'catkin_cmake_args': None, 'catkin_skip_building_tests': False, 'cmake_args': None, 'cmake_clean_cache': False, 'cmake_clean_first': False, 'cmake_force_configure': False, 'cmake_target': None, 'cmake_target_skip_unavailable': False, 'install_base': '/home/mohamed/mobile_ws/install/assem1_controller', 'merge_install': False, 'path': '/home/mohamed/mobile_ws/src/assem1_controller', 'symlink_install': False, 'test_result_base': None}
[0.905s] INFO:colcon.colcon_core.executor:Executing jobs using 'parallel' executor
[0.908s] DEBUG:colcon.colcon_parallel_executor.executor.parallel:run_until_complete
[0.909s] INFO:colcon.colcon_ros.task.ament_cmake.build:Building ROS package in '/home/mohamed/mobile_ws/src/assem1_description' with build type 'ament_cmake'
[0.909s] INFO:colcon.colcon_cmake.task.cmake.build:Building CMake package in '/home/mohamed/mobile_ws/src/assem1_description'
[0.915s] INFO:colcon.colcon_core.plugin_system:Skipping extension 'colcon_core.shell.bat': Not used on non-Windows systems
[0.916s] INFO:colcon.colcon_core.shell:Skip shell extension 'powershell' for command environment: Not usable outside of PowerShell
[0.916s] DEBUG:colcon.colcon_core.shell:Skip shell extension 'dsv' for command environment
[0.927s] INFO:colcon.colcon_ros.task.ament_python.build:Building ROS package in '/home/mohamed/mobile_ws/src/assem1_vision' with build type 'ament_python'
[0.928s] Level 1:colcon.colcon_core.shell:create_environment_hook('assem1_vision', 'ament_prefix_path')
[0.929s] INFO:colcon.colcon_core.shell:Creating environment hook '/home/mohamed/mobile_ws/install/assem1_vision/share/assem1_vision/hook/ament_prefix_path.ps1'
[0.933s] INFO:colcon.colcon_core.shell:Creating environment descriptor '/home/mohamed/mobile_ws/install/assem1_vision/share/assem1_vision/hook/ament_prefix_path.dsv'
[0.935s] INFO:colcon.colcon_core.shell:Creating environment hook '/home/mohamed/mobile_ws/install/assem1_vision/share/assem1_vision/hook/ament_prefix_path.sh'
[0.938s] INFO:colcon.colcon_core.shell:Skip shell extension 'powershell' for command environment: Not usable outside of PowerShell
[0.938s] DEBUG:colcon.colcon_core.shell:Skip shell extension 'dsv' for command environment
[0.965s] DEBUG:colcon.colcon_core.event_handler.log_command:Invoking command in '/home/mohamed/mobile_ws/build/assem1_description': CMAKE_PREFIX_PATH=${CMAKE_PREFIX_PATH}:/home/mohamed/mobile_ws/install/assem1_vision:/opt/ros/humble /usr/bin/cmake --build /home/mohamed/mobile_ws/build/assem1_description -- -j2 -l2
[1.761s] INFO:colcon.colcon_core.task.python.build:Building Python package in '/home/mohamed/mobile_ws/src/assem1_vision'
[1.762s] INFO:colcon.colcon_core.shell:Skip shell extension 'powershell' for command environment: Not usable outside of PowerShell
[1.762s] DEBUG:colcon.colcon_core.shell:Skip shell extension 'dsv' for command environment
[1.783s] DEBUG:colcon.colcon_core.event_handler.log_command:Invoked command in '/home/mohamed/mobile_ws/build/assem1_description' returned '0': CMAKE_PREFIX_PATH=${CMAKE_PREFIX_PATH}:/home/mohamed/mobile_ws/install/assem1_vision:/opt/ros/humble /usr/bin/cmake --build /home/mohamed/mobile_ws/build/assem1_description -- -j2 -l2
[1.822s] DEBUG:colcon.colcon_core.event_handler.log_command:Invoking command in '/home/mohamed/mobile_ws/build/assem1_description': CMAKE_PREFIX_PATH=${CMAKE_PREFIX_PATH}:/home/mohamed/mobile_ws/install/assem1_vision:/opt/ros/humble /usr/bin/cmake --install /home/mohamed/mobile_ws/build/assem1_description
[1.882s] Level 1:colcon.colcon_core.environment:create_environment_scripts_only(assem1_description)
[1.885s] DEBUG:colcon.colcon_core.event_handler.log_command:Invoked command in '/home/mohamed/mobile_ws/build/assem1_description' returned '0': CMAKE_PREFIX_PATH=${CMAKE_PREFIX_PATH}:/home/mohamed/mobile_ws/install/assem1_vision:/opt/ros/humble /usr/bin/cmake --install /home/mohamed/mobile_ws/build/assem1_description
[1.914s] Level 1:colcon.colcon_core.environment:checking '/home/mohamed/mobile_ws/install/assem1_description' for CMake module files
[1.918s] Level 1:colcon.colcon_core.environment:checking '/home/mohamed/mobile_ws/install/assem1_description' for CMake config files
[1.926s] Level 1:colcon.colcon_core.shell:create_environment_hook('assem1_description', 'cmake_prefix_path')
[1.927s] INFO:colcon.colcon_core.shell:Creating environment hook '/home/mohamed/mobile_ws/install/assem1_description/share/assem1_description/hook/cmake_prefix_path.ps1'
[1.935s] INFO:colcon.colcon_core.shell:Creating environment descriptor '/home/mohamed/mobile_ws/install/assem1_description/share/assem1_description/hook/cmake_prefix_path.dsv'
[1.938s] INFO:colcon.colcon_core.shell:Creating environment hook '/home/mohamed/mobile_ws/install/assem1_description/share/assem1_description/hook/cmake_prefix_path.sh'
[1.944s] Level 1:colcon.colcon_core.environment:checking '/home/mohamed/mobile_ws/install/assem1_description/bin'
[1.945s] Level 1:colcon.colcon_core.environment:checking '/home/mohamed/mobile_ws/install/assem1_description/lib/pkgconfig/assem1_description.pc'
[1.946s] Level 1:colcon.colcon_core.environment:checking '/home/mohamed/mobile_ws/install/assem1_description/lib/python3.10/site-packages'
[1.947s] Level 1:colcon.colcon_core.environment:checking '/home/mohamed/mobile_ws/install/assem1_description/bin'
[1.948s] INFO:colcon.colcon_core.shell:Creating package script '/home/mohamed/mobile_ws/install/assem1_description/share/assem1_description/package.ps1'
[1.953s] INFO:colcon.colcon_core.shell:Creating package descriptor '/home/mohamed/mobile_ws/install/assem1_description/share/assem1_description/package.dsv'
[1.955s] INFO:colcon.colcon_core.shell:Creating package script '/home/mohamed/mobile_ws/install/assem1_description/share/assem1_description/package.sh'
[1.957s] INFO:colcon.colcon_core.shell:Creating package script '/home/mohamed/mobile_ws/install/assem1_description/share/assem1_description/package.bash'
[1.962s] INFO:colcon.colcon_core.shell:Creating package script '/home/mohamed/mobile_ws/install/assem1_description/share/assem1_description/package.zsh'
[1.964s] Level 1:colcon.colcon_core.environment:create_file_with_runtime_dependencies(/home/mohamed/mobile_ws/install/assem1_description/share/colcon-core/packages/assem1_description)
[1.967s] Level 1:colcon.colcon_core.environment:create_environment_scripts_only(assem1_description)
[1.968s] Level 1:colcon.colcon_core.environment:checking '/home/mohamed/mobile_ws/install/assem1_description' for CMake module files
[1.969s] Level 1:colcon.colcon_core.environment:checking '/home/mohamed/mobile_ws/install/assem1_description' for CMake config files
[1.970s] Level 1:colcon.colcon_core.shell:create_environment_hook('assem1_description', 'cmake_prefix_path')
[1.971s] INFO:colcon.colcon_core.shell:Creating environment hook '/home/mohamed/mobile_ws/install/assem1_description/share/assem1_description/hook/cmake_prefix_path.ps1'
[1.975s] INFO:colcon.colcon_core.shell:Creating environment descriptor '/home/mohamed/mobile_ws/install/assem1_description/share/assem1_description/hook/cmake_prefix_path.dsv'
[1.977s] INFO:colcon.colcon_core.shell:Creating environment hook '/home/mohamed/mobile_ws/install/assem1_description/share/assem1_description/hook/cmake_prefix_path.sh'
[1.980s] Level 1:colcon.colcon_core.environment:checking '/home/mohamed/mobile_ws/install/assem1_description/bin'
[1.980s] Level 1:colcon.colcon_core.environment:checking '/home/mohamed/mobile_ws/install/assem1_description/lib/pkgconfig/assem1_description.pc'
[1.982s] Level 1:colcon.colcon_core.environment:checking '/home/mohamed/mobile_ws/install/assem1_description/lib/python3.10/site-packages'
[1.984s] Level 1:colcon.colcon_core.environment:checking '/home/mohamed/mobile_ws/install/assem1_description/bin'
[1.986s] INFO:colcon.colcon_core.shell:Creating package script '/home/mohamed/mobile_ws/install/assem1_description/share/assem1_description/package.ps1'
[1.995s] INFO:colcon.colcon_core.shell:Creating package descriptor '/home/mohamed/mobile_ws/install/assem1_description/share/assem1_description/package.dsv'
[1.999s] INFO:colcon.colcon_core.shell:Creating package script '/home/mohamed/mobile_ws/install/assem1_description/share/assem1_description/package.sh'
[2.001s] INFO:colcon.colcon_core.shell:Creating package script '/home/mohamed/mobile_ws/install/assem1_description/share/assem1_description/package.bash'
[2.004s] INFO:colcon.colcon_core.shell:Creating package script '/home/mohamed/mobile_ws/install/assem1_description/share/assem1_description/package.zsh'
[2.006s] Level 1:colcon.colcon_core.environment:create_file_with_runtime_dependencies(/home/mohamed/mobile_ws/install/assem1_description/share/colcon-core/packages/assem1_description)
[2.009s] INFO:colcon.colcon_ros.task.ament_cmake.build:Building ROS package in '/home/mohamed/mobile_ws/src/assem1_controller' with build type 'ament_cmake'
[2.010s] INFO:colcon.colcon_cmake.task.cmake.build:Building CMake package in '/home/mohamed/mobile_ws/src/assem1_controller'
[2.016s] INFO:colcon.colcon_core.shell:Skip shell extension 'powershell' for command environment: Not usable outside of PowerShell
[2.016s] DEBUG:colcon.colcon_core.shell:Skip shell extension 'dsv' for command environment
[2.068s] DEBUG:colcon.colcon_core.event_handler.log_command:Invoking command in '/home/mohamed/mobile_ws/build/assem1_controller': CMAKE_PREFIX_PATH=/home/mohamed/mobile_ws/install/assem1_description:/home/mohamed/mobile_ws/install/assem1_controller:/home/mohamed/mobile_ws/install/assem1_vision:/opt/ros/humble /usr/bin/cmake --build /home/mohamed/mobile_ws/build/assem1_controller -- -j2 -l2
[2.203s] DEBUG:colcon.colcon_core.event_handler.log_command:Invoked command in '/home/mohamed/mobile_ws/build/assem1_controller' returned '0': CMAKE_PREFIX_PATH=/home/mohamed/mobile_ws/install/assem1_description:/home/mohamed/mobile_ws/install/assem1_controller:/home/mohamed/mobile_ws/install/assem1_vision:/opt/ros/humble /usr/bin/cmake --build /home/mohamed/mobile_ws/build/assem1_controller -- -j2 -l2
[2.204s] DEBUG:colcon.colcon_core.event_handler.log_command:Invoking command in '/home/mohamed/mobile_ws/build/assem1_controller': CMAKE_PREFIX_PATH=/home/mohamed/mobile_ws/install/assem1_description:/home/mohamed/mobile_ws/install/assem1_controller:/home/mohamed/mobile_ws/install/assem1_vision:/opt/ros/humble /usr/bin/cmake --install /home/mohamed/mobile_ws/build/assem1_controller
[2.279s] Level 1:colcon.colcon_core.environment:create_environment_scripts_only(assem1_controller)
[2.280s] Level 1:colcon.colcon_core.environment:checking '/home/mohamed/mobile_ws/install/assem1_controller' for CMake module files
[2.289s] Level 1:colcon.colcon_core.environment:checking '/home/mohamed/mobile_ws/install/assem1_controller' for CMake config files
[2.293s] Level 1:colcon.colcon_core.shell:create_environment_hook('assem1_controller', 'cmake_prefix_path')
[2.296s] INFO:colcon.colcon_core.shell:Creating environment hook '/home/mohamed/mobile_ws/install/assem1_controller/share/assem1_controller/hook/cmake_prefix_path.ps1'
[2.298s] DEBUG:colcon.colcon_core.event_handler.log_command:Invoked command in '/home/mohamed/mobile_ws/build/assem1_controller' returned '0': CMAKE_PREFIX_PATH=/home/mohamed/mobile_ws/install/assem1_description:/home/mohamed/mobile_ws/install/assem1_controller:/home/mohamed/mobile_ws/install/assem1_vision:/opt/ros/humble /usr/bin/cmake --install /home/mohamed/mobile_ws/build/assem1_controller
[2.302s] INFO:colcon.colcon_core.shell:Creating environment descriptor '/home/mohamed/mobile_ws/install/assem1_controller/share/assem1_controller/hook/cmake_prefix_path.dsv'
[2.306s] INFO:colcon.colcon_core.shell:Creating environment hook '/home/mohamed/mobile_ws/install/assem1_controller/share/assem1_controller/hook/cmake_prefix_path.sh'
[2.314s] Level 1:colcon.colcon_core.environment:checking '/home/mohamed/mobile_ws/install/assem1_controller/lib'
[2.315s] Level 1:colcon.colcon_core.environment:checking '/home/mohamed/mobile_ws/install/assem1_controller/bin'
[2.315s] Level 1:colcon.colcon_core.environment:checking '/home/mohamed/mobile_ws/install/assem1_controller/lib/pkgconfig/assem1_controller.pc'
[2.316s] Level 1:colcon.colcon_core.environment:checking '/home/mohamed/mobile_ws/install/assem1_controller/lib/python3.10/site-packages'
[2.321s] Level 1:colcon.colcon_core.environment:checking '/home/mohamed/mobile_ws/install/assem1_controller/bin'
[2.322s] INFO:colcon.colcon_core.shell:Creating package script '/home/mohamed/mobile_ws/install/assem1_controller/share/assem1_controller/package.ps1'
[2.327s] INFO:colcon.colcon_core.shell:Creating package descriptor '/home/mohamed/mobile_ws/install/assem1_controller/share/assem1_controller/package.dsv'
[2.330s] INFO:colcon.colcon_core.shell:Creating package script '/home/mohamed/mobile_ws/install/assem1_controller/share/assem1_controller/package.sh'
[2.335s] INFO:colcon.colcon_core.shell:Creating package script '/home/mohamed/mobile_ws/install/assem1_controller/share/assem1_controller/package.bash'
[2.337s] INFO:colcon.colcon_core.shell:Creating package script '/home/mohamed/mobile_ws/install/assem1_controller/share/assem1_controller/package.zsh'
[2.342s] Level 1:colcon.colcon_core.environment:create_file_with_runtime_dependencies(/home/mohamed/mobile_ws/install/assem1_controller/share/colcon-core/packages/assem1_controller)
[2.345s] Level 1:colcon.colcon_core.environment:create_environment_scripts_only(assem1_controller)
[2.346s] Level 1:colcon.colcon_core.environment:checking '/home/mohamed/mobile_ws/install/assem1_controller' for CMake module files
[2.347s] Level 1:colcon.colcon_core.environment:checking '/home/mohamed/mobile_ws/install/assem1_controller' for CMake config files
[2.349s] Level 1:colcon.colcon_core.shell:create_environment_hook('assem1_controller', 'cmake_prefix_path')
[2.350s] INFO:colcon.colcon_core.shell:Creating environment hook '/home/mohamed/mobile_ws/install/assem1_controller/share/assem1_controller/hook/cmake_prefix_path.ps1'
[2.353s] INFO:colcon.colcon_core.shell:Creating environment descriptor '/home/mohamed/mobile_ws/install/assem1_controller/share/assem1_controller/hook/cmake_prefix_path.dsv'
[2.354s] INFO:colcon.colcon_core.shell:Creating environment hook '/home/mohamed/mobile_ws/install/assem1_controller/share/assem1_controller/hook/cmake_prefix_path.sh'
[2.357s] Level 1:colcon.colcon_core.environment:checking '/home/mohamed/mobile_ws/install/assem1_controller/lib'
[2.358s] Level 1:colcon.colcon_core.environment:checking '/home/mohamed/mobile_ws/install/assem1_controller/bin'
[2.358s] Level 1:colcon.colcon_core.environment:checking '/home/mohamed/mobile_ws/install/assem1_controller/lib/pkgconfig/assem1_controller.pc'
[2.359s] Level 1:colcon.colcon_core.environment:checking '/home/mohamed/mobile_ws/install/assem1_controller/lib/python3.10/site-packages'
[2.360s] Level 1:colcon.colcon_core.environment:checking '/home/mohamed/mobile_ws/install/assem1_controller/bin'
[2.362s] INFO:colcon.colcon_core.shell:Creating package script '/home/mohamed/mobile_ws/install/assem1_controller/share/assem1_controller/package.ps1'
[2.364s] INFO:colcon.colcon_core.shell:Creating package descriptor '/home/mohamed/mobile_ws/install/assem1_controller/share/assem1_controller/package.dsv'
[2.366s] INFO:colcon.colcon_core.shell:Creating package script '/home/mohamed/mobile_ws/install/assem1_controller/share/assem1_controller/package.sh'
[2.368s] INFO:colcon.colcon_core.shell:Creating package script '/home/mohamed/mobile_ws/install/assem1_controller/share/assem1_controller/package.bash'
[2.374s] INFO:colcon.colcon_core.shell:Creating package script '/home/mohamed/mobile_ws/install/assem1_controller/share/assem1_controller/package.zsh'
[2.376s] Level 1:colcon.colcon_core.environment:create_file_with_runtime_dependencies(/home/mohamed/mobile_ws/install/assem1_controller/share/colcon-core/packages/assem1_controller)
[3.101s] DEBUG:colcon.colcon_core.event_handler.log_command:Invoking command in '/home/mohamed/mobile_ws/src/assem1_vision': PYTHONPATH=/home/mohamed/mobile_ws/build/assem1_vision/prefix_override:/usr/lib/python3/dist-packages/colcon_core/task/python/colcon_distutils_commands:/home/mohamed/mobile_ws/install/assem1_vision/lib/python3.10/site-packages:${PYTHONPATH} /usr/bin/python3 -W ignore:setup.py install is deprecated -W ignore:easy_install command is deprecated setup.py egg_info --egg-base ../../build/assem1_vision build --build-base /home/mohamed/mobile_ws/build/assem1_vision/build install --record /home/mohamed/mobile_ws/build/assem1_vision/install.log --single-version-externally-managed install_data
[3.890s] Level 1:colcon.colcon_core.environment:checking '/home/mohamed/mobile_ws/install/assem1_vision' for CMake module files
[3.890s] DEBUG:colcon.colcon_core.event_handler.log_command:Invoked command in '/home/mohamed/mobile_ws/src/assem1_vision' returned '0': PYTHONPATH=/home/mohamed/mobile_ws/build/assem1_vision/prefix_override:/usr/lib/python3/dist-packages/colcon_core/task/python/colcon_distutils_commands:/home/mohamed/mobile_ws/install/assem1_vision/lib/python3.10/site-packages:${PYTHONPATH} /usr/bin/python3 -W ignore:setup.py install is deprecated -W ignore:easy_install command is deprecated setup.py egg_info --egg-base ../../build/assem1_vision build --build-base /home/mohamed/mobile_ws/build/assem1_vision/build install --record /home/mohamed/mobile_ws/build/assem1_vision/install.log --single-version-externally-managed install_data
[3.892s] Level 1:colcon.colcon_core.environment:checking '/home/mohamed/mobile_ws/install/assem1_vision' for CMake config files
[3.893s] Level 1:colcon.colcon_core.environment:checking '/home/mohamed/mobile_ws/install/assem1_vision/lib'
[3.894s] Level 1:colcon.colcon_core.environment:checking '/home/mohamed/mobile_ws/install/assem1_vision/bin'
[3.896s] Level 1:colcon.colcon_core.environment:checking '/home/mohamed/mobile_ws/install/assem1_vision/lib/pkgconfig/assem1_vision.pc'
[3.897s] Level 1:colcon.colcon_core.environment:checking '/home/mohamed/mobile_ws/install/assem1_vision/lib/python3.10/site-packages'
[3.897s] Level 1:colcon.colcon_core.shell:create_environment_hook('assem1_vision', 'pythonpath')
[3.899s] INFO:colcon.colcon_core.shell:Creating environment hook '/home/mohamed/mobile_ws/install/assem1_vision/share/assem1_vision/hook/pythonpath.ps1'
[3.901s] INFO:colcon.colcon_core.shell:Creating environment descriptor '/home/mohamed/mobile_ws/install/assem1_vision/share/assem1_vision/hook/pythonpath.dsv'
[3.903s] INFO:colcon.colcon_core.shell:Creating environment hook '/home/mohamed/mobile_ws/install/assem1_vision/share/assem1_vision/hook/pythonpath.sh'
[3.906s] Level 1:colcon.colcon_core.environment:checking '/home/mohamed/mobile_ws/install/assem1_vision/bin'
[3.907s] Level 1:colcon.colcon_core.environment:create_environment_scripts_only(assem1_vision)
[3.908s] INFO:colcon.colcon_core.shell:Creating package script '/home/mohamed/mobile_ws/install/assem1_vision/share/assem1_vision/package.ps1'
[3.911s] INFO:colcon.colcon_core.shell:Creating package descriptor '/home/mohamed/mobile_ws/install/assem1_vision/share/assem1_vision/package.dsv'
[3.913s] INFO:colcon.colcon_core.shell:Creating package script '/home/mohamed/mobile_ws/install/assem1_vision/share/assem1_vision/package.sh'
[3.916s] INFO:colcon.colcon_core.shell:Creating package script '/home/mohamed/mobile_ws/install/assem1_vision/share/assem1_vision/package.bash'
[3.917s] INFO:colcon.colcon_core.shell:Creating package script '/home/mohamed/mobile_ws/install/assem1_vision/share/assem1_vision/package.zsh'
[3.919s] Level 1:colcon.colcon_core.environment:create_file_with_runtime_dependencies(/home/mohamed/mobile_ws/install/assem1_vision/share/colcon-core/packages/assem1_vision)
[3.920s] DEBUG:colcon.colcon_parallel_executor.executor.parallel:closing loop
[3.923s] DEBUG:colcon.colcon_parallel_executor.executor.parallel:loop closed
[3.923s] DEBUG:colcon.colcon_parallel_executor.executor.parallel:run_until_complete finished with '0'
[3.923s] DEBUG:colcon.colcon_core.event_reactor:joining thread
[3.941s] INFO:colcon.colcon_core.plugin_system:Skipping extension 'colcon_notification.desktop_notification.terminal_notifier': Not used on non-Darwin systems
[3.941s] INFO:colcon.colcon_core.plugin_system:Skipping extension 'colcon_notification.desktop_notification.win32': Not used on non-Windows systems
[3.941s] INFO:colcon.colcon_notification.desktop_notification:Sending desktop notification using 'notify2'
[3.975s] DEBUG:colcon.colcon_core.event_reactor:joined thread
[3.976s] INFO:colcon.colcon_core.shell:Creating prefix script '/home/mohamed/mobile_ws/install/local_setup.ps1'
[3.980s] INFO:colcon.colcon_core.shell:Creating prefix util module '/home/mohamed/mobile_ws/install/_local_setup_util_ps1.py'
[3.986s] INFO:colcon.colcon_core.shell:Creating prefix chain script '/home/mohamed/mobile_ws/install/setup.ps1'
[3.991s] INFO:colcon.colcon_core.shell:Creating prefix script '/home/mohamed/mobile_ws/install/local_setup.sh'
[3.994s] INFO:colcon.colcon_core.shell:Creating prefix util module '/home/mohamed/mobile_ws/install/_local_setup_util_sh.py'
[3.996s] INFO:colcon.colcon_core.shell:Creating prefix chain script '/home/mohamed/mobile_ws/install/setup.sh'
[4.000s] INFO:colcon.colcon_core.shell:Creating prefix script '/home/mohamed/mobile_ws/install/local_setup.bash'
[4.002s] INFO:colcon.colcon_core.shell:Creating prefix chain script '/home/mohamed/mobile_ws/install/setup.bash'
[4.005s] INFO:colcon.colcon_core.shell:Creating prefix script '/home/mohamed/mobile_ws/install/local_setup.zsh'
[4.007s] INFO:colcon.colcon_core.shell:Creating prefix chain script '/home/mohamed/mobile_ws/install/setup.zsh'
