[0.035s] Invoking command in '/home/mohamed/mobile_ws/build/assem1_controller': CMAKE_PREFIX_PATH=/home/mohamed/mobile_ws/install/assem1_description:/home/mohamed/mobile_ws/install/assem1_controller:/home/mohamed/mobile_ws/install/assem1_vision:/opt/ros/humble /usr/bin/cmake --build /home/mohamed/mobile_ws/build/assem1_controller -- -j2 -l2
[0.330s] Invoked command in '/home/mohamed/mobile_ws/build/assem1_controller' returned '0': CMAKE_PREFIX_PATH=/home/mohamed/mobile_ws/install/assem1_description:/home/mohamed/mobile_ws/install/assem1_controller:/home/mohamed/mobile_ws/install/assem1_vision:/opt/ros/humble /usr/bin/cmake --build /home/mohamed/mobile_ws/build/assem1_controller -- -j2 -l2
[0.340s] Invoking command in '/home/mohamed/mobile_ws/build/assem1_controller': CMAKE_PREFIX_PATH=/home/mohamed/mobile_ws/install/assem1_description:/home/mohamed/mobile_ws/install/assem1_controller:/home/mohamed/mobile_ws/install/assem1_vision:/opt/ros/humble /usr/bin/cmake --install /home/mohamed/mobile_ws/build/assem1_controller
[0.408s] -- Install configuration: ""
[0.409s] -- Up-to-date: /home/mohamed/mobile_ws/install/assem1_controller/lib/python3.10/site-packages/assem1_controller
[0.409s] -- Up-to-date: /home/mohamed/mobile_ws/install/assem1_controller/lib/python3.10/site-packages/assem1_controller/slider_controller.py
[0.416s] -- Up-to-date: /home/mohamed/mobile_ws/install/assem1_controller/lib/python3.10/site-packages/assem1_controller/__init__.py
[0.416s] -- Up-to-date: /home/mohamed/mobile_ws/install/assem1_controller/share/assem1_controller/launch
[0.422s] -- Up-to-date: /home/mohamed/mobile_ws/install/assem1_controller/share/assem1_controller/launch/slider_controller.launch.py
[0.428s] -- Up-to-date: /home/mohamed/mobile_ws/install/assem1_controller/share/assem1_controller/launch/controller.launch.py
[0.429s] -- Up-to-date: /home/mohamed/mobile_ws/install/assem1_controller/share/assem1_controller/config
[0.429s] -- Up-to-date: /home/mohamed/mobile_ws/install/assem1_controller/share/assem1_controller/config/assem1_controllers.yaml
[0.429s] -- Up-to-date: /home/mohamed/mobile_ws/install/assem1_controller/lib/assem1_controller/slider_controller.py
[0.429s] -- Up-to-date: /home/mohamed/mobile_ws/install/assem1_controller/share/ament_index/resource_index/package_run_dependencies/assem1_controller
[0.429s] -- Up-to-date: /home/mohamed/mobile_ws/install/assem1_controller/share/ament_index/resource_index/parent_prefix_path/assem1_controller
[0.441s] -- Up-to-date: /home/mohamed/mobile_ws/install/assem1_controller/share/assem1_controller/environment/ament_prefix_path.sh
[0.441s] -- Up-to-date: /home/mohamed/mobile_ws/install/assem1_controller/share/assem1_controller/environment/ament_prefix_path.dsv
[0.449s] -- Up-to-date: /home/mohamed/mobile_ws/install/assem1_controller/share/assem1_controller/environment/path.sh
[0.449s] -- Up-to-date: /home/mohamed/mobile_ws/install/assem1_controller/share/assem1_controller/environment/path.dsv
[0.449s] -- Up-to-date: /home/mohamed/mobile_ws/install/assem1_controller/share/assem1_controller/local_setup.bash
[0.458s] -- Up-to-date: /home/mohamed/mobile_ws/install/assem1_controller/share/assem1_controller/local_setup.sh
[0.458s] -- Up-to-date: /home/mohamed/mobile_ws/install/assem1_controller/share/assem1_controller/local_setup.zsh
[0.458s] -- Up-to-date: /home/mohamed/mobile_ws/install/assem1_controller/share/assem1_controller/local_setup.dsv
[0.460s] -- Installing: /home/mohamed/mobile_ws/install/assem1_controller/share/assem1_controller/package.dsv
[0.460s] -- Up-to-date: /home/mohamed/mobile_ws/install/assem1_controller/share/ament_index/resource_index/packages/assem1_controller
[0.468s] -- Up-to-date: /home/mohamed/mobile_ws/install/assem1_controller/share/assem1_controller/cmake/assem1_controllerConfig.cmake
[0.469s] -- Up-to-date: /home/mohamed/mobile_ws/install/assem1_controller/share/assem1_controller/cmake/assem1_controllerConfig-version.cmake
[0.469s] -- Up-to-date: /home/mohamed/mobile_ws/install/assem1_controller/share/assem1_controller/package.xml
[0.480s] Invoked command in '/home/mohamed/mobile_ws/build/assem1_controller' returned '0': CMAKE_PREFIX_PATH=/home/mohamed/mobile_ws/install/assem1_description:/home/mohamed/mobile_ws/install/assem1_controller:/home/mohamed/mobile_ws/install/assem1_vision:/opt/ros/humble /usr/bin/cmake --install /home/mohamed/mobile_ws/build/assem1_controller
