[0.133s] Invoking command in '/home/mohamed/mobile_ws/build/assem1_description': CMAKE_PREFIX_PATH=${CMAKE_PREFIX_PATH}:/home/mohamed/mobile_ws/install/assem1_vision:/opt/ros/humble /usr/bin/cmake /home/mohamed/mobile_ws/src/assem1_description -DCMAKE_INSTALL_PREFIX=/home/mohamed/mobile_ws/install/assem1_description
[3.718s] -- The C compiler identification is GNU 11.4.0
[3.718s] -- The CXX compiler identification is GNU 11.4.0
[3.721s] -- Detecting C compiler ABI info
[3.721s] -- Detecting C compiler ABI info - done
[3.721s] -- Check for working C compiler: /usr/bin/cc - skipped
[3.721s] -- Detecting C compile features
[3.722s] -- Detecting C compile features - done
[3.723s] -- Detecting CXX compiler ABI info
[3.723s] -- Detecting CXX compiler ABI info - done
[3.723s] -- Check for working CXX compiler: /usr/bin/c++ - skipped
[3.723s] -- Detecting CXX compile features
[3.723s] -- Detecting CXX compile features - done
[3.736s] -- Found ament_cmake: 1.3.14 (/opt/ros/humble/share/ament_cmake/cmake)
[5.237s] -- Found Python3: /usr/bin/python3 (found version "3.10.12") found components: Interpreter 
[6.852s] -- Configuring done
[6.882s] -- Generating done
[6.899s] -- Build files have been written to: /home/mohamed/mobile_ws/build/assem1_description
[6.934s] Invoked command in '/home/mohamed/mobile_ws/build/assem1_description' returned '0': CMAKE_PREFIX_PATH=${CMAKE_PREFIX_PATH}:/home/mohamed/mobile_ws/install/assem1_vision:/opt/ros/humble /usr/bin/cmake /home/mohamed/mobile_ws/src/assem1_description -DCMAKE_INSTALL_PREFIX=/home/mohamed/mobile_ws/install/assem1_description
[6.942s] Invoking command in '/home/mohamed/mobile_ws/build/assem1_description': CMAKE_PREFIX_PATH=${CMAKE_PREFIX_PATH}:/home/mohamed/mobile_ws/install/assem1_vision:/opt/ros/humble /usr/bin/cmake --build /home/mohamed/mobile_ws/build/assem1_description -- -j2 -l2
[7.257s] Invoked command in '/home/mohamed/mobile_ws/build/assem1_description' returned '0': CMAKE_PREFIX_PATH=${CMAKE_PREFIX_PATH}:/home/mohamed/mobile_ws/install/assem1_vision:/opt/ros/humble /usr/bin/cmake --build /home/mohamed/mobile_ws/build/assem1_description -- -j2 -l2
[7.299s] Invoking command in '/home/mohamed/mobile_ws/build/assem1_description': CMAKE_PREFIX_PATH=${CMAKE_PREFIX_PATH}:/home/mohamed/mobile_ws/install/assem1_vision:/opt/ros/humble /usr/bin/cmake --install /home/mohamed/mobile_ws/build/assem1_description
[7.328s] -- Install configuration: ""
[7.331s] -- Installing: /home/mohamed/mobile_ws/install/assem1_description/share/assem1_description/urdf
[7.333s] -- Installing: /home/mohamed/mobile_ws/install/assem1_description/share/assem1_description/urdf/sensors.xacro
[7.335s] -- Installing: /home/mohamed/mobile_ws/install/assem1_description/share/assem1_description/urdf/gazebo.xacro
[7.338s] -- Installing: /home/mohamed/mobile_ws/install/assem1_description/share/assem1_description/urdf/mobile_manipulator.xacro
[7.342s] -- Installing: /home/mohamed/mobile_ws/install/assem1_description/share/assem1_description/urdf/assem1.urdf.xacro
[7.344s] -- Installing: /home/mohamed/mobile_ws/install/assem1_description/share/assem1_description/urdf/oldURDF.xacro
[7.347s] -- Installing: /home/mohamed/mobile_ws/install/assem1_description/share/assem1_description/urdf/ros2_control.xacro
[7.350s] -- Installing: /home/mohamed/mobile_ws/install/assem1_description/share/assem1_description/launch
[7.353s] -- Installing: /home/mohamed/mobile_ws/install/assem1_description/share/assem1_description/launch/display.launch.py
[7.354s] -- Installing: /home/mohamed/mobile_ws/install/assem1_description/share/assem1_description/launch/gazebo.launch.py
[7.355s] -- Installing: /home/mohamed/mobile_ws/install/assem1_description/share/assem1_description/rviz
[7.358s] -- Installing: /home/mohamed/mobile_ws/install/assem1_description/share/assem1_description/rviz/display.rviz
[7.360s] -- Installing: /home/mohamed/mobile_ws/install/assem1_description/share/assem1_description/meshes
[7.363s] -- Installing: /home/mohamed/mobile_ws/install/assem1_description/share/assem1_description/meshes/Caster_1.STL
[7.384s] -- Installing: /home/mohamed/mobile_ws/install/assem1_description/share/assem1_description/meshes/Caster_4.STL
[7.402s] -- Installing: /home/mohamed/mobile_ws/install/assem1_description/share/assem1_description/meshes/Right_wheel.STL
[7.416s] -- Installing: /home/mohamed/mobile_ws/install/assem1_description/share/assem1_description/meshes/base_link.STL
[7.647s] -- Installing: /home/mohamed/mobile_ws/install/assem1_description/share/assem1_description/meshes/Left_wheel.STL
[7.669s] -- Installing: /home/mohamed/mobile_ws/install/assem1_description/share/assem1_description/meshes/Empty_Link4.STL
[7.678s] -- Installing: /home/mohamed/mobile_ws/install/assem1_description/share/assem1_description/meshes/Empty_Link2.STL
[7.682s] -- Installing: /home/mohamed/mobile_ws/install/assem1_description/share/assem1_description/meshes/Empty_Link3.STL
[7.688s] -- Installing: /home/mohamed/mobile_ws/install/assem1_description/share/assem1_description/meshes/armlink1.STL
[7.697s] -- Installing: /home/mohamed/mobile_ws/install/assem1_description/share/assem1_description/meshes/Caster_3.STL
[7.723s] -- Installing: /home/mohamed/mobile_ws/install/assem1_description/share/assem1_description/meshes/Caster_2.STL
[7.754s] -- Installing: /home/mohamed/mobile_ws/install/assem1_description/share/assem1_description/meshes/Empty_Link.STL
[7.764s] -- Installing: /home/mohamed/mobile_ws/install/assem1_description/share/assem1_description/meshes/armlink2.STL
[7.773s] -- Installing: /home/mohamed/mobile_ws/install/assem1_description/share/assem1_description/worlds
[7.773s] -- Installing: /home/mohamed/mobile_ws/install/assem1_description/share/assem1_description/worlds/empty.world
[7.784s] -- Installing: /home/mohamed/mobile_ws/install/assem1_description/share/ament_index/resource_index/package_run_dependencies/assem1_description
[7.784s] -- Installing: /home/mohamed/mobile_ws/install/assem1_description/share/ament_index/resource_index/parent_prefix_path/assem1_description
[7.784s] -- Installing: /home/mohamed/mobile_ws/install/assem1_description/share/assem1_description/environment/ament_prefix_path.sh
[7.790s] -- Installing: /home/mohamed/mobile_ws/install/assem1_description/share/assem1_description/environment/ament_prefix_path.dsv
[7.790s] -- Installing: /home/mohamed/mobile_ws/install/assem1_description/share/assem1_description/environment/path.sh
[7.798s] -- Installing: /home/mohamed/mobile_ws/install/assem1_description/share/assem1_description/environment/path.dsv
[7.805s] -- Installing: /home/mohamed/mobile_ws/install/assem1_description/share/assem1_description/local_setup.bash
[7.805s] -- Installing: /home/mohamed/mobile_ws/install/assem1_description/share/assem1_description/local_setup.sh
[7.805s] -- Installing: /home/mohamed/mobile_ws/install/assem1_description/share/assem1_description/local_setup.zsh
[7.819s] -- Installing: /home/mohamed/mobile_ws/install/assem1_description/share/assem1_description/local_setup.dsv
[7.819s] -- Installing: /home/mohamed/mobile_ws/install/assem1_description/share/assem1_description/package.dsv
[7.820s] -- Installing: /home/mohamed/mobile_ws/install/assem1_description/share/ament_index/resource_index/packages/assem1_description
[7.820s] -- Installing: /home/mohamed/mobile_ws/install/assem1_description/share/assem1_description/cmake/assem1_descriptionConfig.cmake
[7.820s] -- Installing: /home/mohamed/mobile_ws/install/assem1_description/share/assem1_description/cmake/assem1_descriptionConfig-version.cmake
[7.828s] -- Installing: /home/mohamed/mobile_ws/install/assem1_description/share/assem1_description/package.xml
[7.839s] Invoked command in '/home/mohamed/mobile_ws/build/assem1_description' returned '0': CMAKE_PREFIX_PATH=${CMAKE_PREFIX_PATH}:/home/mohamed/mobile_ws/install/assem1_vision:/opt/ros/humble /usr/bin/cmake --install /home/mohamed/mobile_ws/build/assem1_description
