[0.043s] Invoking command in '/home/mohamed/mobile_ws/build/assem1_controller': CMAKE_PREFIX_PATH=/home/mohamed/mobile_ws/install/assem1_description:/home/mohamed/mobile_ws/install/assem1_controller:/home/mohamed/mobile_ws/install/assem1_vision:/opt/ros/humble /usr/bin/cmake --build /home/mohamed/mobile_ws/build/assem1_controller -- -j2 -l2
[0.153s] Invoked command in '/home/mohamed/mobile_ws/build/assem1_controller' returned '0': CMAKE_PREFIX_PATH=/home/mohamed/mobile_ws/install/assem1_description:/home/mohamed/mobile_ws/install/assem1_controller:/home/mohamed/mobile_ws/install/assem1_vision:/opt/ros/humble /usr/bin/cmake --build /home/mohamed/mobile_ws/build/assem1_controller -- -j2 -l2
[0.158s] Invoking command in '/home/mohamed/mobile_ws/build/assem1_controller': CMAKE_PREFIX_PATH=/home/mohamed/mobile_ws/install/assem1_description:/home/mohamed/mobile_ws/install/assem1_controller:/home/mohamed/mobile_ws/install/assem1_vision:/opt/ros/humble /usr/bin/cmake --install /home/mohamed/mobile_ws/build/assem1_controller
[0.184s] -- Install configuration: ""
[0.184s] -- Up-to-date: /home/mohamed/mobile_ws/install/assem1_controller/lib/python3.10/site-packages/assem1_controller
[0.187s] -- Up-to-date: /home/mohamed/mobile_ws/install/assem1_controller/lib/python3.10/site-packages/assem1_controller/slider_controller.py
[0.189s] -- Up-to-date: /home/mohamed/mobile_ws/install/assem1_controller/lib/python3.10/site-packages/assem1_controller/__init__.py
[0.190s] -- Up-to-date: /home/mohamed/mobile_ws/install/assem1_controller/share/assem1_controller/launch
[0.190s] -- Up-to-date: /home/mohamed/mobile_ws/install/assem1_controller/share/assem1_controller/launch/slider_controller.launch.py
[0.190s] -- Up-to-date: /home/mohamed/mobile_ws/install/assem1_controller/share/assem1_controller/launch/controller.launch.py
[0.190s] -- Up-to-date: /home/mohamed/mobile_ws/install/assem1_controller/share/assem1_controller/config
[0.191s] -- Up-to-date: /home/mohamed/mobile_ws/install/assem1_controller/share/assem1_controller/config/assem1_controllers.yaml
[0.192s] -- Up-to-date: /home/mohamed/mobile_ws/install/assem1_controller/lib/assem1_controller/slider_controller.py
[0.193s] -- Up-to-date: /home/mohamed/mobile_ws/install/assem1_controller/share/ament_index/resource_index/package_run_dependencies/assem1_controller
[0.193s] -- Up-to-date: /home/mohamed/mobile_ws/install/assem1_controller/share/ament_index/resource_index/parent_prefix_path/assem1_controller
[0.194s] -- Up-to-date: /home/mohamed/mobile_ws/install/assem1_controller/share/assem1_controller/environment/ament_prefix_path.sh
[0.196s] -- Up-to-date: /home/mohamed/mobile_ws/install/assem1_controller/share/assem1_controller/environment/ament_prefix_path.dsv
[0.201s] -- Up-to-date: /home/mohamed/mobile_ws/install/assem1_controller/share/assem1_controller/environment/path.sh
[0.201s] -- Up-to-date: /home/mohamed/mobile_ws/install/assem1_controller/share/assem1_controller/environment/path.dsv
[0.208s] -- Up-to-date: /home/mohamed/mobile_ws/install/assem1_controller/share/assem1_controller/local_setup.bash
[0.209s] -- Up-to-date: /home/mohamed/mobile_ws/install/assem1_controller/share/assem1_controller/local_setup.sh
[0.218s] -- Up-to-date: /home/mohamed/mobile_ws/install/assem1_controller/share/assem1_controller/local_setup.zsh
[0.220s] -- Up-to-date: /home/mohamed/mobile_ws/install/assem1_controller/share/assem1_controller/local_setup.dsv
[0.221s] -- Up-to-date: /home/mohamed/mobile_ws/install/assem1_controller/share/assem1_controller/package.dsv
[0.221s] -- Up-to-date: /home/mohamed/mobile_ws/install/assem1_controller/share/ament_index/resource_index/packages/assem1_controller
[0.223s] -- Up-to-date: /home/mohamed/mobile_ws/install/assem1_controller/share/assem1_controller/cmake/assem1_controllerConfig.cmake
[0.223s] -- Up-to-date: /home/mohamed/mobile_ws/install/assem1_controller/share/assem1_controller/cmake/assem1_controllerConfig-version.cmake
[0.224s] -- Up-to-date: /home/mohamed/mobile_ws/install/assem1_controller/share/assem1_controller/package.xml
[0.226s] Invoked command in '/home/mohamed/mobile_ws/build/assem1_controller' returned '0': CMAKE_PREFIX_PATH=/home/mohamed/mobile_ws/install/assem1_description:/home/mohamed/mobile_ws/install/assem1_controller:/home/mohamed/mobile_ws/install/assem1_vision:/opt/ros/humble /usr/bin/cmake --install /home/mohamed/mobile_ws/build/assem1_controller
