[2.578s] Invoking command in '/home/mohamed/mobile_ws/src/assem1_vision': PYTHONPATH=/home/mohamed/mobile_ws/build/assem1_vision/prefix_override:/usr/lib/python3/dist-packages/colcon_core/task/python/colcon_distutils_commands:/home/mohamed/mobile_ws/install/assem1_vision/lib/python3.10/site-packages:${PYTHONPATH} /usr/bin/python3 -W ignore:setup.py install is deprecated -W ignore:easy_install command is deprecated setup.py egg_info --egg-base ../../build/assem1_vision build --build-base /home/mohamed/mobile_ws/build/assem1_vision/build install --record /home/mohamed/mobile_ws/build/assem1_vision/install.log --single-version-externally-managed install_data
[3.651s] running egg_info
[3.656s] writing ../../build/assem1_vision/assem1_vision.egg-info/PKG-INFO
[3.656s] writing dependency_links to ../../build/assem1_vision/assem1_vision.egg-info/dependency_links.txt
[3.656s] writing entry points to ../../build/assem1_vision/assem1_vision.egg-info/entry_points.txt
[3.662s] writing requirements to ../../build/assem1_vision/assem1_vision.egg-info/requires.txt
[3.662s] writing top-level names to ../../build/assem1_vision/assem1_vision.egg-info/top_level.txt
[3.670s] reading manifest file '../../build/assem1_vision/assem1_vision.egg-info/SOURCES.txt'
[3.678s] writing manifest file '../../build/assem1_vision/assem1_vision.egg-info/SOURCES.txt'
[3.678s] running build
[3.678s] running build_py
[3.678s] running install
[3.679s] running install_lib
[3.685s] running install_data
[3.685s] running install_egg_info
[3.692s] removing '/home/mohamed/mobile_ws/install/assem1_vision/lib/python3.10/site-packages/assem1_vision-0.0.0-py3.10.egg-info' (and everything under it)
[3.693s] Copying ../../build/assem1_vision/assem1_vision.egg-info to /home/mohamed/mobile_ws/install/assem1_vision/lib/python3.10/site-packages/assem1_vision-0.0.0-py3.10.egg-info
[3.698s] running install_scripts
[3.780s] Installing color_sorter script to /home/mohamed/mobile_ws/install/assem1_vision/lib/panda_vision
[3.781s] writing list of installed files to '/home/mohamed/mobile_ws/build/assem1_vision/install.log'
[3.890s] Invoked command in '/home/mohamed/mobile_ws/src/assem1_vision' returned '0': PYTHONPATH=/home/mohamed/mobile_ws/build/assem1_vision/prefix_override:/usr/lib/python3/dist-packages/colcon_core/task/python/colcon_distutils_commands:/home/mohamed/mobile_ws/install/assem1_vision/lib/python3.10/site-packages:${PYTHONPATH} /usr/bin/python3 -W ignore:setup.py install is deprecated -W ignore:easy_install command is deprecated setup.py egg_info --egg-base ../../build/assem1_vision build --build-base /home/mohamed/mobile_ws/build/assem1_vision/build install --record /home/mohamed/mobile_ws/build/assem1_vision/install.log --single-version-externally-managed install_data
