[1.980s] Invoking command in '/home/mohamed/mobile_ws/src/assem1_vision': PYTHONPATH=/home/mohamed/mobile_ws/build/assem1_vision/prefix_override:/usr/lib/python3/dist-packages/colcon_core/task/python/colcon_distutils_commands:/home/mohamed/mobile_ws/install/assem1_vision/lib/python3.10/site-packages:${PYTHONPATH} /usr/bin/python3 -W ignore:setup.py install is deprecated -W ignore:easy_install command is deprecated setup.py egg_info --egg-base ../../build/assem1_vision build --build-base /home/mohamed/mobile_ws/build/assem1_vision/build install --record /home/mohamed/mobile_ws/build/assem1_vision/install.log --single-version-externally-managed install_data
[2.631s] running egg_info
[2.633s] writing ../../build/assem1_vision/assem1_vision.egg-info/PKG-INFO
[2.636s] writing dependency_links to ../../build/assem1_vision/assem1_vision.egg-info/dependency_links.txt
[2.636s] writing entry points to ../../build/assem1_vision/assem1_vision.egg-info/entry_points.txt
[2.637s] writing requirements to ../../build/assem1_vision/assem1_vision.egg-info/requires.txt
[2.637s] writing top-level names to ../../build/assem1_vision/assem1_vision.egg-info/top_level.txt
[2.641s] reading manifest file '../../build/assem1_vision/assem1_vision.egg-info/SOURCES.txt'
[2.643s] writing manifest file '../../build/assem1_vision/assem1_vision.egg-info/SOURCES.txt'
[2.644s] running build
[2.644s] running build_py
[2.646s] running install
[2.646s] running install_lib
[2.649s] running install_data
[2.650s] running install_egg_info
[2.653s] removing '/home/mohamed/mobile_ws/install/assem1_vision/lib/python3.10/site-packages/assem1_vision-0.0.0-py3.10.egg-info' (and everything under it)
[2.655s] Copying ../../build/assem1_vision/assem1_vision.egg-info to /home/mohamed/mobile_ws/install/assem1_vision/lib/python3.10/site-packages/assem1_vision-0.0.0-py3.10.egg-info
[2.657s] running install_scripts
[2.703s] Installing color_sorter script to /home/mohamed/mobile_ws/install/assem1_vision/lib/panda_vision
[2.705s] writing list of installed files to '/home/mohamed/mobile_ws/build/assem1_vision/install.log'
[2.781s] Invoked command in '/home/mohamed/mobile_ws/src/assem1_vision' returned '0': PYTHONPATH=/home/mohamed/mobile_ws/build/assem1_vision/prefix_override:/usr/lib/python3/dist-packages/colcon_core/task/python/colcon_distutils_commands:/home/mohamed/mobile_ws/install/assem1_vision/lib/python3.10/site-packages:${PYTHONPATH} /usr/bin/python3 -W ignore:setup.py install is deprecated -W ignore:easy_install command is deprecated setup.py egg_info --egg-base ../../build/assem1_vision build --build-base /home/mohamed/mobile_ws/build/assem1_vision/build install --record /home/mohamed/mobile_ws/build/assem1_vision/install.log --single-version-externally-managed install_data
