-- Install configuration: ""
-- Up-to-date: /home/mohamed/mobile_ws/install/assem1_controller/share/assem1_controller/launch
-- Up-to-date: /home/mohamed/mobile_ws/install/assem1_controller/share/assem1_controller/launch/slider_controller.launch.py
-- Up-to-date: /home/mohamed/mobile_ws/install/assem1_controller/share/assem1_controller/launch/controller.launch.py
-- Up-to-date: /home/mohamed/mobile_ws/install/assem1_controller/share/assem1_controller/config
-- Up-to-date: /home/mohamed/mobile_ws/install/assem1_controller/share/assem1_controller/config/assem1_controllers.yaml
-- Up-to-date: /home/mohamed/mobile_ws/install/assem1_controller/lib/assem1_controller/slider_controller.py
-- Up-to-date: /home/mohamed/mobile_ws/install/assem1_controller/share/ament_index/resource_index/package_run_dependencies/assem1_controller
-- Up-to-date: /home/mohamed/mobile_ws/install/assem1_controller/share/ament_index/resource_index/parent_prefix_path/assem1_controller
-- Up-to-date: /home/mohamed/mobile_ws/install/assem1_controller/share/assem1_controller/environment/ament_prefix_path.sh
-- Up-to-date: /home/mohamed/mobile_ws/install/assem1_controller/share/assem1_controller/environment/ament_prefix_path.dsv
-- Up-to-date: /home/mohamed/mobile_ws/install/assem1_controller/share/assem1_controller/environment/path.sh
-- Up-to-date: /home/mohamed/mobile_ws/install/assem1_controller/share/assem1_controller/environment/path.dsv
-- Up-to-date: /home/mohamed/mobile_ws/install/assem1_controller/share/assem1_controller/local_setup.bash
-- Up-to-date: /home/mohamed/mobile_ws/install/assem1_controller/share/assem1_controller/local_setup.sh
-- Up-to-date: /home/mohamed/mobile_ws/install/assem1_controller/share/assem1_controller/local_setup.zsh
-- Up-to-date: /home/mohamed/mobile_ws/install/assem1_controller/share/assem1_controller/local_setup.dsv
-- Installing: /home/mohamed/mobile_ws/install/assem1_controller/share/assem1_controller/package.dsv
-- Up-to-date: /home/mohamed/mobile_ws/install/assem1_controller/share/ament_index/resource_index/packages/assem1_controller
-- Up-to-date: /home/mohamed/mobile_ws/install/assem1_controller/share/assem1_controller/cmake/assem1_controllerConfig.cmake
-- Up-to-date: /home/mohamed/mobile_ws/install/assem1_controller/share/assem1_controller/cmake/assem1_controllerConfig-version.cmake
-- Up-to-date: /home/mohamed/mobile_ws/install/assem1_controller/share/assem1_controller/package.xml
