[3.502s] Invoking command in '/home/mohamed/mobile_ws/src/assem1_vision': PYTHONPATH=/home/mohamed/mobile_ws/build/assem1_vision/prefix_override:/usr/lib/python3/dist-packages/colcon_core/task/python/colcon_distutils_commands:/home/mohamed/mobile_ws/install/assem1_vision/lib/python3.10/site-packages:${PYTHONPATH} /usr/bin/python3 -W ignore:setup.py install is deprecated -W ignore:easy_install command is deprecated setup.py egg_info --egg-base ../../build/assem1_vision build --build-base /home/mohamed/mobile_ws/build/assem1_vision/build install --record /home/mohamed/mobile_ws/build/assem1_vision/install.log --single-version-externally-managed install_data
[5.512s] running egg_info
[5.515s] creating ../../build/assem1_vision/assem1_vision.egg-info
[5.520s] writing ../../build/assem1_vision/assem1_vision.egg-info/PKG-INFO
[5.520s] writing dependency_links to ../../build/assem1_vision/assem1_vision.egg-info/dependency_links.txt
[5.520s] writing entry points to ../../build/assem1_vision/assem1_vision.egg-info/entry_points.txt
[5.521s] writing requirements to ../../build/assem1_vision/assem1_vision.egg-info/requires.txt
[5.525s] writing top-level names to ../../build/assem1_vision/assem1_vision.egg-info/top_level.txt
[5.525s] writing manifest file '../../build/assem1_vision/assem1_vision.egg-info/SOURCES.txt'
[5.534s] reading manifest file '../../build/assem1_vision/assem1_vision.egg-info/SOURCES.txt'
[5.539s] writing manifest file '../../build/assem1_vision/assem1_vision.egg-info/SOURCES.txt'
[5.539s] running build
[5.540s] running build_py
[5.543s] creating /home/mohamed/mobile_ws/build/assem1_vision/build
[5.543s] creating /home/mohamed/mobile_ws/build/assem1_vision/build/lib
[5.544s] creating /home/mohamed/mobile_ws/build/assem1_vision/build/lib/assem1_vision
[5.544s] copying assem1_vision/color_detector.py -> /home/mohamed/mobile_ws/build/assem1_vision/build/lib/assem1_vision
[5.545s] copying assem1_vision/__init__.py -> /home/mohamed/mobile_ws/build/assem1_vision/build/lib/assem1_vision
[5.546s] running install
[5.549s] running install_lib
[5.559s] running install_data
[5.559s] running install_egg_info
[5.566s] removing '/home/mohamed/mobile_ws/install/assem1_vision/lib/python3.10/site-packages/assem1_vision-0.0.0-py3.10.egg-info' (and everything under it)
[5.567s] Copying ../../build/assem1_vision/assem1_vision.egg-info to /home/mohamed/mobile_ws/install/assem1_vision/lib/python3.10/site-packages/assem1_vision-0.0.0-py3.10.egg-info
[5.571s] running install_scripts
[5.645s] Installing color_sorter script to /home/mohamed/mobile_ws/install/assem1_vision/lib/panda_vision
[5.647s] writing list of installed files to '/home/mohamed/mobile_ws/build/assem1_vision/install.log'
[5.769s] Invoked command in '/home/mohamed/mobile_ws/src/assem1_vision' returned '0': PYTHONPATH=/home/mohamed/mobile_ws/build/assem1_vision/prefix_override:/usr/lib/python3/dist-packages/colcon_core/task/python/colcon_distutils_commands:/home/mohamed/mobile_ws/install/assem1_vision/lib/python3.10/site-packages:${PYTHONPATH} /usr/bin/python3 -W ignore:setup.py install is deprecated -W ignore:easy_install command is deprecated setup.py egg_info --egg-base ../../build/assem1_vision build --build-base /home/mohamed/mobile_ws/build/assem1_vision/build install --record /home/mohamed/mobile_ws/build/assem1_vision/install.log --single-version-externally-managed install_data
