[0.070s] Invoking command in '/home/mohamed/mobile_ws/build/assem1_controller': CMAKE_PREFIX_PATH=/home/mohamed/mobile_ws/install/assem1_description:/home/mohamed/mobile_ws/install/assem1_controller:/home/mohamed/mobile_ws/install/assem1_vision:/opt/ros/humble /usr/bin/cmake /home/mohamed/mobile_ws/src/assem1_controller -DCMAKE_INSTALL_PREFIX=/home/mohamed/mobile_ws/install/assem1_controller
[0.440s] -- The C compiler identification is GNU 11.4.0
[0.786s] -- The CXX compiler identification is GNU 11.4.0
[0.835s] -- Detecting C compiler ABI info
[1.212s] -- Detecting C compiler ABI info - done
[1.269s] -- Check for working C compiler: /usr/bin/cc - skipped
[1.276s] -- Detecting C compile features
[1.277s] -- Detecting C compile features - done
[1.294s] -- Detecting CXX compiler ABI info
[1.861s] -- Detecting CXX compiler ABI info - done
[1.917s] -- Check for working CXX compiler: /usr/bin/c++ - skipped
[1.917s] -- Detecting CXX compile features
[1.924s] -- Detecting CXX compile features - done
[1.934s] -- Found ament_cmake: 1.3.14 (/opt/ros/humble/share/ament_cmake/cmake)
[3.063s] -- Found Python3: /usr/bin/python3 (found version "3.10.12") found components: Interpreter 
[3.540s] -- Found rclpy: 3.3.21 (/opt/ros/humble/share/rclpy/cmake)
[3.822s] -- Configuring done
[3.838s] -- Generating done
[3.845s] -- Build files have been written to: /home/mohamed/mobile_ws/build/assem1_controller
[3.865s] Invoked command in '/home/mohamed/mobile_ws/build/assem1_controller' returned '0': CMAKE_PREFIX_PATH=/home/mohamed/mobile_ws/install/assem1_description:/home/mohamed/mobile_ws/install/assem1_controller:/home/mohamed/mobile_ws/install/assem1_vision:/opt/ros/humble /usr/bin/cmake /home/mohamed/mobile_ws/src/assem1_controller -DCMAKE_INSTALL_PREFIX=/home/mohamed/mobile_ws/install/assem1_controller
[3.870s] Invoking command in '/home/mohamed/mobile_ws/build/assem1_controller': CMAKE_PREFIX_PATH=/home/mohamed/mobile_ws/install/assem1_description:/home/mohamed/mobile_ws/install/assem1_controller:/home/mohamed/mobile_ws/install/assem1_vision:/opt/ros/humble /usr/bin/cmake --build /home/mohamed/mobile_ws/build/assem1_controller -- -j2 -l2
[4.013s] Invoked command in '/home/mohamed/mobile_ws/build/assem1_controller' returned '0': CMAKE_PREFIX_PATH=/home/mohamed/mobile_ws/install/assem1_description:/home/mohamed/mobile_ws/install/assem1_controller:/home/mohamed/mobile_ws/install/assem1_vision:/opt/ros/humble /usr/bin/cmake --build /home/mohamed/mobile_ws/build/assem1_controller -- -j2 -l2
[4.017s] Invoking command in '/home/mohamed/mobile_ws/build/assem1_controller': CMAKE_PREFIX_PATH=/home/mohamed/mobile_ws/install/assem1_description:/home/mohamed/mobile_ws/install/assem1_controller:/home/mohamed/mobile_ws/install/assem1_vision:/opt/ros/humble /usr/bin/cmake --install /home/mohamed/mobile_ws/build/assem1_controller
[4.056s] -- Install configuration: ""
[4.056s] -- Up-to-date: /home/mohamed/mobile_ws/install/assem1_controller/lib/python3.10/site-packages/assem1_controller
[4.057s] -- Up-to-date: /home/mohamed/mobile_ws/install/assem1_controller/lib/python3.10/site-packages/assem1_controller/slider_controller.py
[4.059s] -- Up-to-date: /home/mohamed/mobile_ws/install/assem1_controller/lib/python3.10/site-packages/assem1_controller/__init__.py
[4.059s] -- Up-to-date: /home/mohamed/mobile_ws/install/assem1_controller/share/assem1_controller/launch
[4.061s] -- Up-to-date: /home/mohamed/mobile_ws/install/assem1_controller/share/assem1_controller/launch/slider_controller.launch.py
[4.062s] -- Up-to-date: /home/mohamed/mobile_ws/install/assem1_controller/share/assem1_controller/launch/controller.launch.py
[4.065s] -- Up-to-date: /home/mohamed/mobile_ws/install/assem1_controller/share/assem1_controller/config
[4.067s] -- Up-to-date: /home/mohamed/mobile_ws/install/assem1_controller/share/assem1_controller/config/assem1_controllers.yaml
[4.067s] -- Up-to-date: /home/mohamed/mobile_ws/install/assem1_controller/lib/assem1_controller/slider_controller.py
[4.067s] -- Installing: /home/mohamed/mobile_ws/install/assem1_controller/share/ament_index/resource_index/package_run_dependencies/assem1_controller
[4.067s] -- Installing: /home/mohamed/mobile_ws/install/assem1_controller/share/ament_index/resource_index/parent_prefix_path/assem1_controller
[4.068s] -- Up-to-date: /home/mohamed/mobile_ws/install/assem1_controller/share/assem1_controller/environment/ament_prefix_path.sh
[4.068s] -- Installing: /home/mohamed/mobile_ws/install/assem1_controller/share/assem1_controller/environment/ament_prefix_path.dsv
[4.068s] -- Up-to-date: /home/mohamed/mobile_ws/install/assem1_controller/share/assem1_controller/environment/path.sh
[4.072s] -- Installing: /home/mohamed/mobile_ws/install/assem1_controller/share/assem1_controller/environment/path.dsv
[4.072s] -- Installing: /home/mohamed/mobile_ws/install/assem1_controller/share/assem1_controller/local_setup.bash
[4.072s] -- Installing: /home/mohamed/mobile_ws/install/assem1_controller/share/assem1_controller/local_setup.sh
[4.075s] -- Installing: /home/mohamed/mobile_ws/install/assem1_controller/share/assem1_controller/local_setup.zsh
[4.075s] -- Installing: /home/mohamed/mobile_ws/install/assem1_controller/share/assem1_controller/local_setup.dsv
[4.075s] -- Installing: /home/mohamed/mobile_ws/install/assem1_controller/share/assem1_controller/package.dsv
[4.077s] -- Installing: /home/mohamed/mobile_ws/install/assem1_controller/share/ament_index/resource_index/packages/assem1_controller
[4.077s] -- Installing: /home/mohamed/mobile_ws/install/assem1_controller/share/assem1_controller/cmake/assem1_controllerConfig.cmake
[4.082s] -- Installing: /home/mohamed/mobile_ws/install/assem1_controller/share/assem1_controller/cmake/assem1_controllerConfig-version.cmake
[4.082s] -- Up-to-date: /home/mohamed/mobile_ws/install/assem1_controller/share/assem1_controller/package.xml
[4.085s] Invoked command in '/home/mohamed/mobile_ws/build/assem1_controller' returned '0': CMAKE_PREFIX_PATH=/home/mohamed/mobile_ws/install/assem1_description:/home/mohamed/mobile_ws/install/assem1_controller:/home/mohamed/mobile_ws/install/assem1_vision:/opt/ros/humble /usr/bin/cmake --install /home/mohamed/mobile_ws/build/assem1_controller
