[0.045s] Invoking command in '/home/mohamed/mobile_ws/build/assem1_controller': CMAKE_PREFIX_PATH=/home/mohamed/mobile_ws/install/assem1_description:/home/mohamed/mobile_ws/install/assem1_controller:/home/mohamed/mobile_ws/install/assem1_vision:/opt/ros/humble /usr/bin/cmake --build /home/mohamed/mobile_ws/build/assem1_controller -- -j2 -l2
[0.181s] Invoked command in '/home/mohamed/mobile_ws/build/assem1_controller' returned '0': CMAKE_PREFIX_PATH=/home/mohamed/mobile_ws/install/assem1_description:/home/mohamed/mobile_ws/install/assem1_controller:/home/mohamed/mobile_ws/install/assem1_vision:/opt/ros/humble /usr/bin/cmake --build /home/mohamed/mobile_ws/build/assem1_controller -- -j2 -l2
[0.192s] Invoking command in '/home/mohamed/mobile_ws/build/assem1_controller': CMAKE_PREFIX_PATH=/home/mohamed/mobile_ws/install/assem1_description:/home/mohamed/mobile_ws/install/assem1_controller:/home/mohamed/mobile_ws/install/assem1_vision:/opt/ros/humble /usr/bin/cmake --install /home/mohamed/mobile_ws/build/assem1_controller
[0.217s] -- Install configuration: ""
[0.219s] -- Up-to-date: /home/mohamed/mobile_ws/install/assem1_controller/share/assem1_controller/launch
[0.220s] -- Up-to-date: /home/mohamed/mobile_ws/install/assem1_controller/share/assem1_controller/launch/slider_controller.launch.py
[0.222s] -- Installing: /home/mohamed/mobile_ws/install/assem1_controller/share/assem1_controller/launch/controller.launch.py
[0.225s] -- Up-to-date: /home/mohamed/mobile_ws/install/assem1_controller/share/assem1_controller/config
[0.227s] -- Up-to-date: /home/mohamed/mobile_ws/install/assem1_controller/share/assem1_controller/config/assem1_controllers.yaml
[0.231s] -- Up-to-date: /home/mohamed/mobile_ws/install/assem1_controller/lib/assem1_controller/slider_controller.py
[0.231s] -- Up-to-date: /home/mohamed/mobile_ws/install/assem1_controller/share/ament_index/resource_index/package_run_dependencies/assem1_controller
[0.231s] -- Up-to-date: /home/mohamed/mobile_ws/install/assem1_controller/share/ament_index/resource_index/parent_prefix_path/assem1_controller
[0.231s] -- Up-to-date: /home/mohamed/mobile_ws/install/assem1_controller/share/assem1_controller/environment/ament_prefix_path.sh
[0.232s] -- Up-to-date: /home/mohamed/mobile_ws/install/assem1_controller/share/assem1_controller/environment/ament_prefix_path.dsv
[0.238s] -- Up-to-date: /home/mohamed/mobile_ws/install/assem1_controller/share/assem1_controller/environment/path.sh
[0.238s] -- Up-to-date: /home/mohamed/mobile_ws/install/assem1_controller/share/assem1_controller/environment/path.dsv
[0.239s] -- Up-to-date: /home/mohamed/mobile_ws/install/assem1_controller/share/assem1_controller/local_setup.bash
[0.239s] -- Up-to-date: /home/mohamed/mobile_ws/install/assem1_controller/share/assem1_controller/local_setup.sh
[0.242s] -- Up-to-date: /home/mohamed/mobile_ws/install/assem1_controller/share/assem1_controller/local_setup.zsh
[0.243s] -- Up-to-date: /home/mohamed/mobile_ws/install/assem1_controller/share/assem1_controller/local_setup.dsv
[0.243s] -- Installing: /home/mohamed/mobile_ws/install/assem1_controller/share/assem1_controller/package.dsv
[0.243s] -- Up-to-date: /home/mohamed/mobile_ws/install/assem1_controller/share/ament_index/resource_index/packages/assem1_controller
[0.243s] -- Up-to-date: /home/mohamed/mobile_ws/install/assem1_controller/share/assem1_controller/cmake/assem1_controllerConfig.cmake
[0.243s] -- Up-to-date: /home/mohamed/mobile_ws/install/assem1_controller/share/assem1_controller/cmake/assem1_controllerConfig-version.cmake
[0.244s] -- Up-to-date: /home/mohamed/mobile_ws/install/assem1_controller/share/assem1_controller/package.xml
[0.258s] Invoked command in '/home/mohamed/mobile_ws/build/assem1_controller' returned '0': CMAKE_PREFIX_PATH=/home/mohamed/mobile_ws/install/assem1_description:/home/mohamed/mobile_ws/install/assem1_controller:/home/mohamed/mobile_ws/install/assem1_vision:/opt/ros/humble /usr/bin/cmake --install /home/mohamed/mobile_ws/build/assem1_controller
