[3.839s] Invoking command in '/home/mohamed/mobile_ws/src/assem1_vision': PYTHONPATH=/home/mohamed/mobile_ws/build/assem1_vision/prefix_override:/usr/lib/python3/dist-packages/colcon_core/task/python/colcon_distutils_commands:/home/mohamed/mobile_ws/install/assem1_vision/lib/python3.10/site-packages:${PYTHONPATH} /usr/bin/python3 -W ignore:setup.py install is deprecated -W ignore:easy_install command is deprecated setup.py egg_info --egg-base ../../build/assem1_vision build --build-base /home/mohamed/mobile_ws/build/assem1_vision/build install --record /home/mohamed/mobile_ws/build/assem1_vision/install.log --single-version-externally-managed install_data
[6.253s] running egg_info
[6.259s] creating ../../build/assem1_vision/assem1_vision.egg-info
[6.260s] writing ../../build/assem1_vision/assem1_vision.egg-info/PKG-INFO
[6.267s] writing dependency_links to ../../build/assem1_vision/assem1_vision.egg-info/dependency_links.txt
[6.267s] writing entry points to ../../build/assem1_vision/assem1_vision.egg-info/entry_points.txt
[6.274s] writing requirements to ../../build/assem1_vision/assem1_vision.egg-info/requires.txt
[6.274s] writing top-level names to ../../build/assem1_vision/assem1_vision.egg-info/top_level.txt
[6.275s] writing manifest file '../../build/assem1_vision/assem1_vision.egg-info/SOURCES.txt'
[6.294s] reading manifest file '../../build/assem1_vision/assem1_vision.egg-info/SOURCES.txt'
[6.307s] writing manifest file '../../build/assem1_vision/assem1_vision.egg-info/SOURCES.txt'
[6.307s] running build
[6.309s] running build_py
[6.309s] creating /home/mohamed/mobile_ws/build/assem1_vision/build
[6.309s] creating /home/mohamed/mobile_ws/build/assem1_vision/build/lib
[6.309s] creating /home/mohamed/mobile_ws/build/assem1_vision/build/lib/assem1_vision
[6.310s] copying assem1_vision/color_detector.py -> /home/mohamed/mobile_ws/build/assem1_vision/build/lib/assem1_vision
[6.310s] copying assem1_vision/__init__.py -> /home/mohamed/mobile_ws/build/assem1_vision/build/lib/assem1_vision
[6.313s] running install
[6.313s] running install_lib
[6.328s] running install_data
[6.328s] running install_egg_info
[6.341s] removing '/home/mohamed/mobile_ws/install/assem1_vision/lib/python3.10/site-packages/assem1_vision-0.0.0-py3.10.egg-info' (and everything under it)
[6.346s] Copying ../../build/assem1_vision/assem1_vision.egg-info to /home/mohamed/mobile_ws/install/assem1_vision/lib/python3.10/site-packages/assem1_vision-0.0.0-py3.10.egg-info
[6.355s] running install_scripts
[6.484s] Installing color_sorter script to /home/mohamed/mobile_ws/install/assem1_vision/lib/panda_vision
[6.484s] writing list of installed files to '/home/mohamed/mobile_ws/build/assem1_vision/install.log'
[6.674s] Invoked command in '/home/mohamed/mobile_ws/src/assem1_vision' returned '0': PYTHONPATH=/home/mohamed/mobile_ws/build/assem1_vision/prefix_override:/usr/lib/python3/dist-packages/colcon_core/task/python/colcon_distutils_commands:/home/mohamed/mobile_ws/install/assem1_vision/lib/python3.10/site-packages:${PYTHONPATH} /usr/bin/python3 -W ignore:setup.py install is deprecated -W ignore:easy_install command is deprecated setup.py egg_info --egg-base ../../build/assem1_vision build --build-base /home/mohamed/mobile_ws/build/assem1_vision/build install --record /home/mohamed/mobile_ws/build/assem1_vision/install.log --single-version-externally-managed install_data
