running egg_info
writing ../../build/assem1_vision/assem1_vision.egg-info/PKG-INFO
writing dependency_links to ../../build/assem1_vision/assem1_vision.egg-info/dependency_links.txt
writing entry points to ../../build/assem1_vision/assem1_vision.egg-info/entry_points.txt
writing requirements to ../../build/assem1_vision/assem1_vision.egg-info/requires.txt
writing top-level names to ../../build/assem1_vision/assem1_vision.egg-info/top_level.txt
reading manifest file '../../build/assem1_vision/assem1_vision.egg-info/SOURCES.txt'
writing manifest file '../../build/assem1_vision/assem1_vision.egg-info/SOURCES.txt'
running build
running build_py
copying assem1_vision/color_detector.py -> /home/mohamed/mobile_ws/build/assem1_vision/build/lib/assem1_vision
running install
running install_lib
copying /home/mohamed/mobile_ws/build/assem1_vision/build/lib/assem1_vision/color_detector.py -> /home/mohamed/mobile_ws/install/assem1_vision/lib/python3.10/site-packages/assem1_vision
byte-compiling /home/mohamed/mobile_ws/install/assem1_vision/lib/python3.10/site-packages/assem1_vision/color_detector.py to color_detector.cpython-310.pyc
running install_data
running install_egg_info
removing '/home/mohamed/mobile_ws/install/assem1_vision/lib/python3.10/site-packages/assem1_vision-0.0.0-py3.10.egg-info' (and everything under it)
Copying ../../build/assem1_vision/assem1_vision.egg-info to /home/mohamed/mobile_ws/install/assem1_vision/lib/python3.10/site-packages/assem1_vision-0.0.0-py3.10.egg-info
running install_scripts
Installing color_detector script to /home/mohamed/mobile_ws/install/assem1_vision/lib/assem1_vision
writing list of installed files to '/home/mohamed/mobile_ws/build/assem1_vision/install.log'
