[3.214s] Invoking command in '/home/mohamed/mobile_ws/src/assem1_vision': PYTHONPATH=/home/mohamed/mobile_ws/build/assem1_vision/prefix_override:/usr/lib/python3/dist-packages/colcon_core/task/python/colcon_distutils_commands:/home/mohamed/mobile_ws/install/assem1_vision/lib/python3.10/site-packages:${PYTHONPATH} /usr/bin/python3 -W ignore:setup.py install is deprecated -W ignore:easy_install command is deprecated setup.py egg_info --egg-base ../../build/assem1_vision build --build-base /home/mohamed/mobile_ws/build/assem1_vision/build install --record /home/mohamed/mobile_ws/build/assem1_vision/install.log --single-version-externally-managed install_data
[4.475s] running egg_info
[4.481s] writing ../../build/assem1_vision/assem1_vision.egg-info/PKG-INFO
[4.481s] writing dependency_links to ../../build/assem1_vision/assem1_vision.egg-info/dependency_links.txt
[4.482s] writing entry points to ../../build/assem1_vision/assem1_vision.egg-info/entry_points.txt
[4.482s] writing requirements to ../../build/assem1_vision/assem1_vision.egg-info/requires.txt
[4.488s] writing top-level names to ../../build/assem1_vision/assem1_vision.egg-info/top_level.txt
[4.492s] reading manifest file '../../build/assem1_vision/assem1_vision.egg-info/SOURCES.txt'
[4.492s] writing manifest file '../../build/assem1_vision/assem1_vision.egg-info/SOURCES.txt'
[4.492s] running build
[4.497s] running build_py
[4.498s] copying assem1_vision/color_detector.py -> /home/mohamed/mobile_ws/build/assem1_vision/build/lib/assem1_vision
[4.498s] running install
[4.498s] running install_lib
[4.506s] copying /home/mohamed/mobile_ws/build/assem1_vision/build/lib/assem1_vision/color_detector.py -> /home/mohamed/mobile_ws/install/assem1_vision/lib/python3.10/site-packages/assem1_vision
[4.509s] byte-compiling /home/mohamed/mobile_ws/install/assem1_vision/lib/python3.10/site-packages/assem1_vision/color_detector.py to color_detector.cpython-310.pyc
[4.509s] running install_data
[4.509s] running install_egg_info
[4.518s] removing '/home/mohamed/mobile_ws/install/assem1_vision/lib/python3.10/site-packages/assem1_vision-0.0.0-py3.10.egg-info' (and everything under it)
[4.520s] Copying ../../build/assem1_vision/assem1_vision.egg-info to /home/mohamed/mobile_ws/install/assem1_vision/lib/python3.10/site-packages/assem1_vision-0.0.0-py3.10.egg-info
[4.526s] running install_scripts
[4.601s] Installing color_detector script to /home/mohamed/mobile_ws/install/assem1_vision/lib/assem1_vision
[4.607s] writing list of installed files to '/home/mohamed/mobile_ws/build/assem1_vision/install.log'
[4.708s] Invoked command in '/home/mohamed/mobile_ws/src/assem1_vision' returned '0': PYTHONPATH=/home/mohamed/mobile_ws/build/assem1_vision/prefix_override:/usr/lib/python3/dist-packages/colcon_core/task/python/colcon_distutils_commands:/home/mohamed/mobile_ws/install/assem1_vision/lib/python3.10/site-packages:${PYTHONPATH} /usr/bin/python3 -W ignore:setup.py install is deprecated -W ignore:easy_install command is deprecated setup.py egg_info --egg-base ../../build/assem1_vision build --build-base /home/mohamed/mobile_ws/build/assem1_vision/build install --record /home/mohamed/mobile_ws/build/assem1_vision/install.log --single-version-externally-managed install_data
