[0.063s] Invoking command in '/home/mohamed/mobile_ws/build/assem1_description': CMAKE_PREFIX_PATH=${CMAKE_PREFIX_PATH}:/home/mohamed/mobile_ws/install/assem1_vision:/opt/ros/humble /usr/bin/cmake --build /home/mohamed/mobile_ws/build/assem1_description -- -j2 -l2
[1.116s] Invoked command in '/home/mohamed/mobile_ws/build/assem1_description' returned '0': CMAKE_PREFIX_PATH=${CMAKE_PREFIX_PATH}:/home/mohamed/mobile_ws/install/assem1_vision:/opt/ros/humble /usr/bin/cmake --build /home/mohamed/mobile_ws/build/assem1_description -- -j2 -l2
[1.147s] Invoking command in '/home/mohamed/mobile_ws/build/assem1_description': CMAKE_PREFIX_PATH=${CMAKE_PREFIX_PATH}:/home/mohamed/mobile_ws/install/assem1_vision:/opt/ros/humble /usr/bin/cmake --install /home/mohamed/mobile_ws/build/assem1_description
[1.170s] -- Install configuration: ""
[1.170s] -- Up-to-date: /home/mohamed/mobile_ws/install/assem1_description/share/assem1_description/urdf
[1.170s] -- Up-to-date: /home/mohamed/mobile_ws/install/assem1_description/share/assem1_description/urdf/sensors.xacro
[1.171s] -- Up-to-date: /home/mohamed/mobile_ws/install/assem1_description/share/assem1_description/urdf/gazebo.xacro
[1.171s] -- Up-to-date: /home/mohamed/mobile_ws/install/assem1_description/share/assem1_description/urdf/mobile_manipulator.xacro
[1.171s] -- Up-to-date: /home/mohamed/mobile_ws/install/assem1_description/share/assem1_description/urdf/assem1.urdf.xacro
[1.176s] -- Up-to-date: /home/mohamed/mobile_ws/install/assem1_description/share/assem1_description/urdf/oldURDF.xacro
[1.177s] -- Up-to-date: /home/mohamed/mobile_ws/install/assem1_description/share/assem1_description/urdf/ros2_control.xacro
[1.177s] -- Up-to-date: /home/mohamed/mobile_ws/install/assem1_description/share/assem1_description/launch
[1.177s] -- Up-to-date: /home/mohamed/mobile_ws/install/assem1_description/share/assem1_description/launch/display.launch.py
[1.177s] -- Up-to-date: /home/mohamed/mobile_ws/install/assem1_description/share/assem1_description/launch/gazebo.launch.py
[1.178s] -- Up-to-date: /home/mohamed/mobile_ws/install/assem1_description/share/assem1_description/rviz
[1.178s] -- Up-to-date: /home/mohamed/mobile_ws/install/assem1_description/share/assem1_description/rviz/display.rviz
[1.178s] -- Up-to-date: /home/mohamed/mobile_ws/install/assem1_description/share/assem1_description/meshes
[1.178s] -- Up-to-date: /home/mohamed/mobile_ws/install/assem1_description/share/assem1_description/meshes/Caster_1.STL
[1.181s] -- Up-to-date: /home/mohamed/mobile_ws/install/assem1_description/share/assem1_description/meshes/Caster_4.STL
[1.184s] -- Up-to-date: /home/mohamed/mobile_ws/install/assem1_description/share/assem1_description/meshes/Right_wheel.STL
[1.184s] -- Up-to-date: /home/mohamed/mobile_ws/install/assem1_description/share/assem1_description/meshes/base_link.STL
[1.184s] -- Up-to-date: /home/mohamed/mobile_ws/install/assem1_description/share/assem1_description/meshes/Left_wheel.STL
[1.184s] -- Up-to-date: /home/mohamed/mobile_ws/install/assem1_description/share/assem1_description/meshes/Empty_Link4.STL
[1.184s] -- Up-to-date: /home/mohamed/mobile_ws/install/assem1_description/share/assem1_description/meshes/Empty_Link2.STL
[1.185s] -- Up-to-date: /home/mohamed/mobile_ws/install/assem1_description/share/assem1_description/meshes/Empty_Link3.STL
[1.185s] -- Up-to-date: /home/mohamed/mobile_ws/install/assem1_description/share/assem1_description/meshes/armlink1.STL
[1.185s] -- Up-to-date: /home/mohamed/mobile_ws/install/assem1_description/share/assem1_description/meshes/Caster_3.STL
[1.185s] -- Up-to-date: /home/mohamed/mobile_ws/install/assem1_description/share/assem1_description/meshes/Caster_2.STL
[1.185s] -- Up-to-date: /home/mohamed/mobile_ws/install/assem1_description/share/assem1_description/meshes/Empty_Link.STL
[1.188s] -- Up-to-date: /home/mohamed/mobile_ws/install/assem1_description/share/assem1_description/meshes/armlink2.STL
[1.188s] -- Up-to-date: /home/mohamed/mobile_ws/install/assem1_description/share/assem1_description/worlds
[1.189s] -- Installing: /home/mohamed/mobile_ws/install/assem1_description/share/assem1_description/worlds/empty.world
[1.189s] -- Up-to-date: /home/mohamed/mobile_ws/install/assem1_description/share/ament_index/resource_index/package_run_dependencies/assem1_description
[1.189s] -- Up-to-date: /home/mohamed/mobile_ws/install/assem1_description/share/ament_index/resource_index/parent_prefix_path/assem1_description
[1.190s] -- Up-to-date: /home/mohamed/mobile_ws/install/assem1_description/share/assem1_description/environment/ament_prefix_path.sh
[1.190s] -- Up-to-date: /home/mohamed/mobile_ws/install/assem1_description/share/assem1_description/environment/ament_prefix_path.dsv
[1.190s] -- Up-to-date: /home/mohamed/mobile_ws/install/assem1_description/share/assem1_description/environment/path.sh
[1.190s] -- Up-to-date: /home/mohamed/mobile_ws/install/assem1_description/share/assem1_description/environment/path.dsv
[1.190s] -- Up-to-date: /home/mohamed/mobile_ws/install/assem1_description/share/assem1_description/local_setup.bash
[1.191s] -- Up-to-date: /home/mohamed/mobile_ws/install/assem1_description/share/assem1_description/local_setup.sh
[1.191s] -- Up-to-date: /home/mohamed/mobile_ws/install/assem1_description/share/assem1_description/local_setup.zsh
[1.191s] -- Up-to-date: /home/mohamed/mobile_ws/install/assem1_description/share/assem1_description/local_setup.dsv
[1.191s] -- Installing: /home/mohamed/mobile_ws/install/assem1_description/share/assem1_description/package.dsv
[1.193s] -- Up-to-date: /home/mohamed/mobile_ws/install/assem1_description/share/ament_index/resource_index/packages/assem1_description
[1.194s] -- Up-to-date: /home/mohamed/mobile_ws/install/assem1_description/share/assem1_description/cmake/assem1_descriptionConfig.cmake
[1.194s] -- Up-to-date: /home/mohamed/mobile_ws/install/assem1_description/share/assem1_description/cmake/assem1_descriptionConfig-version.cmake
[1.194s] -- Up-to-date: /home/mohamed/mobile_ws/install/assem1_description/share/assem1_description/package.xml
[1.214s] Invoked command in '/home/mohamed/mobile_ws/build/assem1_description' returned '0': CMAKE_PREFIX_PATH=${CMAKE_PREFIX_PATH}:/home/mohamed/mobile_ws/install/assem1_vision:/opt/ros/humble /usr/bin/cmake --install /home/mohamed/mobile_ws/build/assem1_description
