[0.105s] Invoking command in '/home/mohamed/mobile_ws/build/assem1_controller': CMAKE_PREFIX_PATH=/home/mohamed/mobile_ws/install/assem1_description:/home/mohamed/mobile_ws/install/assem1_controller:/home/mohamed/mobile_ws/install/assem1_vision:/opt/ros/humble /usr/bin/cmake /home/mohamed/mobile_ws/src/assem1_controller -DCMAKE_INSTALL_PREFIX=/home/mohamed/mobile_ws/install/assem1_controller
[0.570s] -- The C compiler identification is GNU 11.4.0
[1.039s] -- The CXX compiler identification is GNU 11.4.0
[1.113s] -- Detecting C compiler ABI info
[1.769s] -- Detecting C compiler ABI info - done
[1.863s] -- Check for working C compiler: /usr/bin/cc - skipped
[1.864s] -- Detecting C compile features
[1.876s] -- Detecting C compile features - done
[1.898s] -- Detecting CXX compiler ABI info
[2.638s] -- Detecting CXX compiler ABI info - done
[2.738s] -- Check for working CXX compiler: /usr/bin/c++ - skipped
[2.739s] -- Detecting CXX compile features
[2.744s] -- Detecting CXX compile features - done
[2.773s] -- Found ament_cmake: 1.3.14 (/opt/ros/humble/share/ament_cmake/cmake)
[3.946s] -- Found Python3: /usr/bin/python3 (found version "3.10.12") found components: Interpreter 
[4.432s] -- Found rclpy: 3.3.21 (/opt/ros/humble/share/rclpy/cmake)
[4.834s] -- Configuring done
[4.844s] -- Generating done
[4.850s] -- Build files have been written to: /home/mohamed/mobile_ws/build/assem1_controller
[4.864s] Invoked command in '/home/mohamed/mobile_ws/build/assem1_controller' returned '0': CMAKE_PREFIX_PATH=/home/mohamed/mobile_ws/install/assem1_description:/home/mohamed/mobile_ws/install/assem1_controller:/home/mohamed/mobile_ws/install/assem1_vision:/opt/ros/humble /usr/bin/cmake /home/mohamed/mobile_ws/src/assem1_controller -DCMAKE_INSTALL_PREFIX=/home/mohamed/mobile_ws/install/assem1_controller
[4.872s] Invoking command in '/home/mohamed/mobile_ws/build/assem1_controller': CMAKE_PREFIX_PATH=/home/mohamed/mobile_ws/install/assem1_description:/home/mohamed/mobile_ws/install/assem1_controller:/home/mohamed/mobile_ws/install/assem1_vision:/opt/ros/humble /usr/bin/cmake --build /home/mohamed/mobile_ws/build/assem1_controller -- -j2 -l2
[5.056s] Invoked command in '/home/mohamed/mobile_ws/build/assem1_controller' returned '0': CMAKE_PREFIX_PATH=/home/mohamed/mobile_ws/install/assem1_description:/home/mohamed/mobile_ws/install/assem1_controller:/home/mohamed/mobile_ws/install/assem1_vision:/opt/ros/humble /usr/bin/cmake --build /home/mohamed/mobile_ws/build/assem1_controller -- -j2 -l2
[5.062s] Invoking command in '/home/mohamed/mobile_ws/build/assem1_controller': CMAKE_PREFIX_PATH=/home/mohamed/mobile_ws/install/assem1_description:/home/mohamed/mobile_ws/install/assem1_controller:/home/mohamed/mobile_ws/install/assem1_vision:/opt/ros/humble /usr/bin/cmake --install /home/mohamed/mobile_ws/build/assem1_controller
[5.128s] -- Install configuration: ""
[5.129s] -- Installing: /home/mohamed/mobile_ws/install/assem1_controller/lib/python3.10/site-packages/assem1_controller
[5.129s] -- Installing: /home/mohamed/mobile_ws/install/assem1_controller/lib/python3.10/site-packages/assem1_controller/slider_controller.py
[5.129s] -- Installing: /home/mohamed/mobile_ws/install/assem1_controller/lib/python3.10/site-packages/assem1_controller/__init__.py
[5.130s] -- Installing: /home/mohamed/mobile_ws/install/assem1_controller/share/assem1_controller/launch
[5.130s] -- Installing: /home/mohamed/mobile_ws/install/assem1_controller/share/assem1_controller/launch/slider_controller.launch.py
[5.136s] -- Installing: /home/mohamed/mobile_ws/install/assem1_controller/share/assem1_controller/launch/controller.launch.py
[5.137s] -- Installing: /home/mohamed/mobile_ws/install/assem1_controller/share/assem1_controller/config
[5.137s] -- Installing: /home/mohamed/mobile_ws/install/assem1_controller/share/assem1_controller/config/assem1_controllers.yaml
[5.141s] -- Installing: /home/mohamed/mobile_ws/install/assem1_controller/lib/assem1_controller/slider_controller.py
[5.142s] -- Installing: /home/mohamed/mobile_ws/install/assem1_controller/share/ament_index/resource_index/package_run_dependencies/assem1_controller
[5.144s] -- Installing: /home/mohamed/mobile_ws/install/assem1_controller/share/ament_index/resource_index/parent_prefix_path/assem1_controller
[5.145s] -- Installing: /home/mohamed/mobile_ws/install/assem1_controller/share/assem1_controller/environment/ament_prefix_path.sh
[5.148s] -- Installing: /home/mohamed/mobile_ws/install/assem1_controller/share/assem1_controller/environment/ament_prefix_path.dsv
[5.149s] -- Installing: /home/mohamed/mobile_ws/install/assem1_controller/share/assem1_controller/environment/path.sh
[5.152s] -- Installing: /home/mohamed/mobile_ws/install/assem1_controller/share/assem1_controller/environment/path.dsv
[5.154s] -- Installing: /home/mohamed/mobile_ws/install/assem1_controller/share/assem1_controller/local_setup.bash
[5.156s] -- Installing: /home/mohamed/mobile_ws/install/assem1_controller/share/assem1_controller/local_setup.sh
[5.159s] -- Installing: /home/mohamed/mobile_ws/install/assem1_controller/share/assem1_controller/local_setup.zsh
[5.159s] -- Installing: /home/mohamed/mobile_ws/install/assem1_controller/share/assem1_controller/local_setup.dsv
[5.160s] -- Installing: /home/mohamed/mobile_ws/install/assem1_controller/share/assem1_controller/package.dsv
[5.172s] -- Installing: /home/mohamed/mobile_ws/install/assem1_controller/share/ament_index/resource_index/packages/assem1_controller
[5.173s] -- Installing: /home/mohamed/mobile_ws/install/assem1_controller/share/assem1_controller/cmake/assem1_controllerConfig.cmake
[5.173s] -- Installing: /home/mohamed/mobile_ws/install/assem1_controller/share/assem1_controller/cmake/assem1_controllerConfig-version.cmake
[5.173s] -- Installing: /home/mohamed/mobile_ws/install/assem1_controller/share/assem1_controller/package.xml
[5.182s] Invoked command in '/home/mohamed/mobile_ws/build/assem1_controller' returned '0': CMAKE_PREFIX_PATH=/home/mohamed/mobile_ws/install/assem1_description:/home/mohamed/mobile_ws/install/assem1_controller:/home/mohamed/mobile_ws/install/assem1_vision:/opt/ros/humble /usr/bin/cmake --install /home/mohamed/mobile_ws/build/assem1_controller
