[0.265s] DEBUG:colcon:Command line arguments: ['/usr/bin/colcon', 'build']
[0.265s] DEBUG:colcon:Parsed command line arguments: Namespace(log_base=None, log_level=None, verb_name='build', build_base='build', install_base='install', merge_install=False, symlink_install=False, test_result_base=None, continue_on_error=False, executor='parallel', parallel_workers=2, event_handlers=None, ignore_user_meta=False, metas=['./colcon.meta'], base_paths=['.'], packages_ignore=None, packages_ignore_regex=None, paths=None, packages_up_to=None, packages_up_to_regex=None, packages_above=None, packages_above_and_dependencies=None, packages_above_depth=None, packages_select_by_dep=None, packages_skip_by_dep=None, packages_skip_up_to=None, packages_select_build_failed=False, packages_skip_build_finished=False, packages_select_test_failures=False, packages_skip_test_passed=False, packages_select=None, packages_skip=None, packages_select_regex=None, packages_skip_regex=None, packages_start=None, packages_end=None, allow_overriding=[], cmake_args=None, cmake_target=None, cmake_target_skip_unavailable=False, cmake_clean_cache=False, cmake_clean_first=False, cmake_force_configure=False, ament_cmake_args=None, catkin_cmake_args=None, catkin_skip_building_tests=False, mixin_files=None, mixin=None, verb_parser=<colcon_mixin.mixin.mixin_argument.MixinArgumentDecorator object at 0x7f9765c768f0>, verb_extension=<colcon_core.verb.build.BuildVerb object at 0x7f9765c76320>, main=<bound method BuildVerb.main of <colcon_core.verb.build.BuildVerb object at 0x7f9765c76320>>, mixin_verb=('build',))
[0.686s] Level 1:colcon.colcon_core.package_discovery:discover_packages(colcon_meta) check parameters
[0.686s] Level 1:colcon.colcon_core.package_discovery:discover_packages(recursive) check parameters
[0.686s] Level 1:colcon.colcon_core.package_discovery:discover_packages(ignore) check parameters
[0.686s] Level 1:colcon.colcon_core.package_discovery:discover_packages(path) check parameters
[0.686s] Level 1:colcon.colcon_core.package_discovery:discover_packages(colcon_meta) discover
[0.686s] Level 1:colcon.colcon_core.package_discovery:discover_packages(recursive) discover
[0.687s] INFO:colcon.colcon_core.package_discovery:Crawling recursively for packages in '/home/mohamed/mobile_ws'
[0.687s] Level 1:colcon.colcon_core.package_identification:_identify(.) by extensions ['ignore', 'ignore_ament_install']
[0.687s] Level 1:colcon.colcon_core.package_identification:_identify(.) by extension 'ignore'
[0.687s] Level 1:colcon.colcon_core.package_identification:_identify(.) by extension 'ignore_ament_install'
[0.687s] Level 1:colcon.colcon_core.package_identification:_identify(.) by extensions ['colcon_pkg']
[0.687s] Level 1:colcon.colcon_core.package_identification:_identify(.) by extension 'colcon_pkg'
[0.688s] Level 1:colcon.colcon_core.package_identification:_identify(.) by extensions ['colcon_meta']
[0.688s] Level 1:colcon.colcon_core.package_identification:_identify(.) by extension 'colcon_meta'
[0.688s] Level 1:colcon.colcon_core.package_identification:_identify(.) by extensions ['ros']
[0.688s] Level 1:colcon.colcon_core.package_identification:_identify(.) by extension 'ros'
[0.713s] Level 1:colcon.colcon_core.package_identification:_identify(.) by extensions ['cmake', 'python']
[0.713s] Level 1:colcon.colcon_core.package_identification:_identify(.) by extension 'cmake'
[0.713s] Level 1:colcon.colcon_core.package_identification:_identify(.) by extension 'python'
[0.713s] Level 1:colcon.colcon_core.package_identification:_identify(.) by extensions ['python_setup_py']
[0.714s] Level 1:colcon.colcon_core.package_identification:_identify(.) by extension 'python_setup_py'
[0.714s] Level 1:colcon.colcon_core.package_identification:_identify(build) by extensions ['ignore', 'ignore_ament_install']
[0.714s] Level 1:colcon.colcon_core.package_identification:_identify(build) by extension 'ignore'
[0.714s] Level 1:colcon.colcon_core.package_identification:_identify(build) ignored
[0.715s] Level 1:colcon.colcon_core.package_identification:_identify(install) by extensions ['ignore', 'ignore_ament_install']
[0.715s] Level 1:colcon.colcon_core.package_identification:_identify(install) by extension 'ignore'
[0.715s] Level 1:colcon.colcon_core.package_identification:_identify(install) ignored
[0.715s] Level 1:colcon.colcon_core.package_identification:_identify(log) by extensions ['ignore', 'ignore_ament_install']
[0.716s] Level 1:colcon.colcon_core.package_identification:_identify(log) by extension 'ignore'
[0.716s] Level 1:colcon.colcon_core.package_identification:_identify(log) ignored
[0.716s] Level 1:colcon.colcon_core.package_identification:_identify(src) by extensions ['ignore', 'ignore_ament_install']
[0.716s] Level 1:colcon.colcon_core.package_identification:_identify(src) by extension 'ignore'
[0.716s] Level 1:colcon.colcon_core.package_identification:_identify(src) by extension 'ignore_ament_install'
[0.716s] Level 1:colcon.colcon_core.package_identification:_identify(src) by extensions ['colcon_pkg']
[0.716s] Level 1:colcon.colcon_core.package_identification:_identify(src) by extension 'colcon_pkg'
[0.717s] Level 1:colcon.colcon_core.package_identification:_identify(src) by extensions ['colcon_meta']
[0.717s] Level 1:colcon.colcon_core.package_identification:_identify(src) by extension 'colcon_meta'
[0.717s] Level 1:colcon.colcon_core.package_identification:_identify(src) by extensions ['ros']
[0.717s] Level 1:colcon.colcon_core.package_identification:_identify(src) by extension 'ros'
[0.717s] Level 1:colcon.colcon_core.package_identification:_identify(src) by extensions ['cmake', 'python']
[0.717s] Level 1:colcon.colcon_core.package_identification:_identify(src) by extension 'cmake'
[0.717s] Level 1:colcon.colcon_core.package_identification:_identify(src) by extension 'python'
[0.717s] Level 1:colcon.colcon_core.package_identification:_identify(src) by extensions ['python_setup_py']
[0.718s] Level 1:colcon.colcon_core.package_identification:_identify(src) by extension 'python_setup_py'
[0.718s] Level 1:colcon.colcon_core.package_identification:_identify(src/assem1_controller) by extensions ['ignore', 'ignore_ament_install']
[0.718s] Level 1:colcon.colcon_core.package_identification:_identify(src/assem1_controller) by extension 'ignore'
[0.718s] Level 1:colcon.colcon_core.package_identification:_identify(src/assem1_controller) by extension 'ignore_ament_install'
[0.718s] Level 1:colcon.colcon_core.package_identification:_identify(src/assem1_controller) by extensions ['colcon_pkg']
[0.718s] Level 1:colcon.colcon_core.package_identification:_identify(src/assem1_controller) by extension 'colcon_pkg'
[0.719s] Level 1:colcon.colcon_core.package_identification:_identify(src/assem1_controller) by extensions ['colcon_meta']
[0.719s] Level 1:colcon.colcon_core.package_identification:_identify(src/assem1_controller) by extension 'colcon_meta'
[0.719s] Level 1:colcon.colcon_core.package_identification:_identify(src/assem1_controller) by extensions ['ros']
[0.719s] Level 1:colcon.colcon_core.package_identification:_identify(src/assem1_controller) by extension 'ros'
[0.728s] DEBUG:colcon.colcon_core.package_identification:Package 'src/assem1_controller' with type 'ros.ament_cmake' and name 'assem1_controller'
[0.728s] Level 1:colcon.colcon_core.package_identification:_identify(src/assem1_description) by extensions ['ignore', 'ignore_ament_install']
[0.729s] Level 1:colcon.colcon_core.package_identification:_identify(src/assem1_description) by extension 'ignore'
[0.729s] Level 1:colcon.colcon_core.package_identification:_identify(src/assem1_description) by extension 'ignore_ament_install'
[0.729s] Level 1:colcon.colcon_core.package_identification:_identify(src/assem1_description) by extensions ['colcon_pkg']
[0.729s] Level 1:colcon.colcon_core.package_identification:_identify(src/assem1_description) by extension 'colcon_pkg'
[0.729s] Level 1:colcon.colcon_core.package_identification:_identify(src/assem1_description) by extensions ['colcon_meta']
[0.729s] Level 1:colcon.colcon_core.package_identification:_identify(src/assem1_description) by extension 'colcon_meta'
[0.729s] Level 1:colcon.colcon_core.package_identification:_identify(src/assem1_description) by extensions ['ros']
[0.729s] Level 1:colcon.colcon_core.package_identification:_identify(src/assem1_description) by extension 'ros'
[0.732s] DEBUG:colcon.colcon_core.package_identification:Package 'src/assem1_description' with type 'ros.ament_cmake' and name 'assem1_description'
[0.733s] Level 1:colcon.colcon_core.package_identification:_identify(src/assem1_vision) by extensions ['ignore', 'ignore_ament_install']
[0.733s] Level 1:colcon.colcon_core.package_identification:_identify(src/assem1_vision) by extension 'ignore'
[0.733s] Level 1:colcon.colcon_core.package_identification:_identify(src/assem1_vision) by extension 'ignore_ament_install'
[0.733s] Level 1:colcon.colcon_core.package_identification:_identify(src/assem1_vision) by extensions ['colcon_pkg']
[0.733s] Level 1:colcon.colcon_core.package_identification:_identify(src/assem1_vision) by extension 'colcon_pkg'
[0.733s] Level 1:colcon.colcon_core.package_identification:_identify(src/assem1_vision) by extensions ['colcon_meta']
[0.733s] Level 1:colcon.colcon_core.package_identification:_identify(src/assem1_vision) by extension 'colcon_meta'
[0.734s] Level 1:colcon.colcon_core.package_identification:_identify(src/assem1_vision) by extensions ['ros']
[0.734s] Level 1:colcon.colcon_core.package_identification:_identify(src/assem1_vision) by extension 'ros'
[0.736s] DEBUG:colcon.colcon_core.package_identification:Package 'src/assem1_vision' with type 'ros.ament_python' and name 'assem1_vision'
[0.737s] Level 1:colcon.colcon_core.package_discovery:discover_packages(recursive) using defaults
[0.737s] Level 1:colcon.colcon_core.package_discovery:discover_packages(ignore) discover
[0.737s] Level 1:colcon.colcon_core.package_discovery:discover_packages(ignore) using defaults
[0.737s] Level 1:colcon.colcon_core.package_discovery:discover_packages(path) discover
[0.737s] Level 1:colcon.colcon_core.package_discovery:discover_packages(path) using defaults
[0.809s] Level 1:colcon.colcon_core.package_discovery:discover_packages(prefix_path) check parameters
[0.810s] Level 1:colcon.colcon_core.package_discovery:discover_packages(prefix_path) discover
[0.814s] DEBUG:colcon.colcon_installed_package_information.package_discovery:Found 3 installed packages in /home/mohamed/mobile_ws/install
[0.818s] DEBUG:colcon.colcon_installed_package_information.package_discovery:Found 428 installed packages in /opt/ros/humble
[0.824s] Level 1:colcon.colcon_core.package_discovery:discover_packages(prefix_path) using defaults
[1.006s] Level 5:colcon.colcon_core.verb:set package 'assem1_description' build argument 'cmake_args' from command line to 'None'
[1.006s] Level 5:colcon.colcon_core.verb:set package 'assem1_description' build argument 'cmake_target' from command line to 'None'
[1.006s] Level 5:colcon.colcon_core.verb:set package 'assem1_description' build argument 'cmake_target_skip_unavailable' from command line to 'False'
[1.006s] Level 5:colcon.colcon_core.verb:set package 'assem1_description' build argument 'cmake_clean_cache' from command line to 'False'
[1.006s] Level 5:colcon.colcon_core.verb:set package 'assem1_description' build argument 'cmake_clean_first' from command line to 'False'
[1.007s] Level 5:colcon.colcon_core.verb:set package 'assem1_description' build argument 'cmake_force_configure' from command line to 'False'
[1.007s] Level 5:colcon.colcon_core.verb:set package 'assem1_description' build argument 'ament_cmake_args' from command line to 'None'
[1.007s] Level 5:colcon.colcon_core.verb:set package 'assem1_description' build argument 'catkin_cmake_args' from command line to 'None'
[1.007s] Level 5:colcon.colcon_core.verb:set package 'assem1_description' build argument 'catkin_skip_building_tests' from command line to 'False'
[1.007s] DEBUG:colcon.colcon_core.verb:Building package 'assem1_description' with the following arguments: {'ament_cmake_args': None, 'build_base': '/home/mohamed/mobile_ws/build/assem1_description', 'catkin_cmake_args': None, 'catkin_skip_building_tests': False, 'cmake_args': None, 'cmake_clean_cache': False, 'cmake_clean_first': False, 'cmake_force_configure': False, 'cmake_target': None, 'cmake_target_skip_unavailable': False, 'install_base': '/home/mohamed/mobile_ws/install/assem1_description', 'merge_install': False, 'path': '/home/mohamed/mobile_ws/src/assem1_description', 'symlink_install': False, 'test_result_base': None}
[1.008s] Level 5:colcon.colcon_core.verb:set package 'assem1_vision' build argument 'cmake_args' from command line to 'None'
[1.008s] Level 5:colcon.colcon_core.verb:set package 'assem1_vision' build argument 'cmake_target' from command line to 'None'
[1.008s] Level 5:colcon.colcon_core.verb:set package 'assem1_vision' build argument 'cmake_target_skip_unavailable' from command line to 'False'
[1.008s] Level 5:colcon.colcon_core.verb:set package 'assem1_vision' build argument 'cmake_clean_cache' from command line to 'False'
[1.008s] Level 5:colcon.colcon_core.verb:set package 'assem1_vision' build argument 'cmake_clean_first' from command line to 'False'
[1.008s] Level 5:colcon.colcon_core.verb:set package 'assem1_vision' build argument 'cmake_force_configure' from command line to 'False'
[1.008s] Level 5:colcon.colcon_core.verb:set package 'assem1_vision' build argument 'ament_cmake_args' from command line to 'None'
[1.008s] Level 5:colcon.colcon_core.verb:set package 'assem1_vision' build argument 'catkin_cmake_args' from command line to 'None'
[1.008s] Level 5:colcon.colcon_core.verb:set package 'assem1_vision' build argument 'catkin_skip_building_tests' from command line to 'False'
[1.008s] DEBUG:colcon.colcon_core.verb:Building package 'assem1_vision' with the following arguments: {'ament_cmake_args': None, 'build_base': '/home/mohamed/mobile_ws/build/assem1_vision', 'catkin_cmake_args': None, 'catkin_skip_building_tests': False, 'cmake_args': None, 'cmake_clean_cache': False, 'cmake_clean_first': False, 'cmake_force_configure': False, 'cmake_target': None, 'cmake_target_skip_unavailable': False, 'install_base': '/home/mohamed/mobile_ws/install/assem1_vision', 'merge_install': False, 'path': '/home/mohamed/mobile_ws/src/assem1_vision', 'symlink_install': False, 'test_result_base': None}
[1.009s] Level 5:colcon.colcon_core.verb:set package 'assem1_controller' build argument 'cmake_args' from command line to 'None'
[1.010s] Level 5:colcon.colcon_core.verb:set package 'assem1_controller' build argument 'cmake_target' from command line to 'None'
[1.010s] Level 5:colcon.colcon_core.verb:set package 'assem1_controller' build argument 'cmake_target_skip_unavailable' from command line to 'False'
[1.010s] Level 5:colcon.colcon_core.verb:set package 'assem1_controller' build argument 'cmake_clean_cache' from command line to 'False'
[1.010s] Level 5:colcon.colcon_core.verb:set package 'assem1_controller' build argument 'cmake_clean_first' from command line to 'False'
[1.010s] Level 5:colcon.colcon_core.verb:set package 'assem1_controller' build argument 'cmake_force_configure' from command line to 'False'
[1.010s] Level 5:colcon.colcon_core.verb:set package 'assem1_controller' build argument 'ament_cmake_args' from command line to 'None'
[1.010s] Level 5:colcon.colcon_core.verb:set package 'assem1_controller' build argument 'catkin_cmake_args' from command line to 'None'
[1.010s] Level 5:colcon.colcon_core.verb:set package 'assem1_controller' build argument 'catkin_skip_building_tests' from command line to 'False'
[1.010s] DEBUG:colcon.colcon_core.verb:Building package 'assem1_controller' with the following arguments: {'ament_cmake_args': None, 'build_base': '/home/mohamed/mobile_ws/build/assem1_controller', 'catkin_cmake_args': None, 'catkin_skip_building_tests': False, 'cmake_args': None, 'cmake_clean_cache': False, 'cmake_clean_first': False, 'cmake_force_configure': False, 'cmake_target': None, 'cmake_target_skip_unavailable': False, 'install_base': '/home/mohamed/mobile_ws/install/assem1_controller', 'merge_install': False, 'path': '/home/mohamed/mobile_ws/src/assem1_controller', 'symlink_install': False, 'test_result_base': None}
[1.011s] INFO:colcon.colcon_core.executor:Executing jobs using 'parallel' executor
[1.013s] DEBUG:colcon.colcon_parallel_executor.executor.parallel:run_until_complete
[1.014s] INFO:colcon.colcon_ros.task.ament_cmake.build:Building ROS package in '/home/mohamed/mobile_ws/src/assem1_description' with build type 'ament_cmake'
[1.015s] INFO:colcon.colcon_cmake.task.cmake.build:Building CMake package in '/home/mohamed/mobile_ws/src/assem1_description'
[1.019s] INFO:colcon.colcon_core.plugin_system:Skipping extension 'colcon_core.shell.bat': Not used on non-Windows systems
[1.020s] INFO:colcon.colcon_core.shell:Skip shell extension 'powershell' for command environment: Not usable outside of PowerShell
[1.020s] DEBUG:colcon.colcon_core.shell:Skip shell extension 'dsv' for command environment
[1.033s] INFO:colcon.colcon_ros.task.ament_python.build:Building ROS package in '/home/mohamed/mobile_ws/src/assem1_vision' with build type 'ament_python'
[1.033s] Level 1:colcon.colcon_core.shell:create_environment_hook('assem1_vision', 'ament_prefix_path')
[1.034s] INFO:colcon.colcon_core.shell:Creating environment hook '/home/mohamed/mobile_ws/install/assem1_vision/share/assem1_vision/hook/ament_prefix_path.ps1'
[1.037s] INFO:colcon.colcon_core.shell:Creating environment descriptor '/home/mohamed/mobile_ws/install/assem1_vision/share/assem1_vision/hook/ament_prefix_path.dsv'
[1.039s] INFO:colcon.colcon_core.shell:Creating environment hook '/home/mohamed/mobile_ws/install/assem1_vision/share/assem1_vision/hook/ament_prefix_path.sh'
[1.041s] INFO:colcon.colcon_core.shell:Skip shell extension 'powershell' for command environment: Not usable outside of PowerShell
[1.042s] DEBUG:colcon.colcon_core.shell:Skip shell extension 'dsv' for command environment
[1.063s] DEBUG:colcon.colcon_core.event_handler.log_command:Invoking command in '/home/mohamed/mobile_ws/build/assem1_description': CMAKE_PREFIX_PATH=${CMAKE_PREFIX_PATH}:/home/mohamed/mobile_ws/install/assem1_vision:/opt/ros/humble /usr/bin/cmake --build /home/mohamed/mobile_ws/build/assem1_description -- -j2 -l2
[1.776s] INFO:colcon.colcon_core.task.python.build:Building Python package in '/home/mohamed/mobile_ws/src/assem1_vision'
[1.777s] INFO:colcon.colcon_core.shell:Skip shell extension 'powershell' for command environment: Not usable outside of PowerShell
[1.777s] DEBUG:colcon.colcon_core.shell:Skip shell extension 'dsv' for command environment
[1.790s] DEBUG:colcon.colcon_core.event_handler.log_command:Invoked command in '/home/mohamed/mobile_ws/build/assem1_description' returned '0': CMAKE_PREFIX_PATH=${CMAKE_PREFIX_PATH}:/home/mohamed/mobile_ws/install/assem1_vision:/opt/ros/humble /usr/bin/cmake --build /home/mohamed/mobile_ws/build/assem1_description -- -j2 -l2
[1.808s] DEBUG:colcon.colcon_core.event_handler.log_command:Invoking command in '/home/mohamed/mobile_ws/build/assem1_description': CMAKE_PREFIX_PATH=${CMAKE_PREFIX_PATH}:/home/mohamed/mobile_ws/install/assem1_vision:/opt/ros/humble /usr/bin/cmake --install /home/mohamed/mobile_ws/build/assem1_description
[1.869s] Level 1:colcon.colcon_core.environment:create_environment_scripts_only(assem1_description)
[1.874s] DEBUG:colcon.colcon_core.event_handler.log_command:Invoked command in '/home/mohamed/mobile_ws/build/assem1_description' returned '0': CMAKE_PREFIX_PATH=${CMAKE_PREFIX_PATH}:/home/mohamed/mobile_ws/install/assem1_vision:/opt/ros/humble /usr/bin/cmake --install /home/mohamed/mobile_ws/build/assem1_description
[1.880s] Level 1:colcon.colcon_core.environment:checking '/home/mohamed/mobile_ws/install/assem1_description' for CMake module files
[1.882s] Level 1:colcon.colcon_core.environment:checking '/home/mohamed/mobile_ws/install/assem1_description' for CMake config files
[1.883s] Level 1:colcon.colcon_core.shell:create_environment_hook('assem1_description', 'cmake_prefix_path')
[1.884s] INFO:colcon.colcon_core.shell:Creating environment hook '/home/mohamed/mobile_ws/install/assem1_description/share/assem1_description/hook/cmake_prefix_path.ps1'
[1.886s] INFO:colcon.colcon_core.shell:Creating environment descriptor '/home/mohamed/mobile_ws/install/assem1_description/share/assem1_description/hook/cmake_prefix_path.dsv'
[1.888s] INFO:colcon.colcon_core.shell:Creating environment hook '/home/mohamed/mobile_ws/install/assem1_description/share/assem1_description/hook/cmake_prefix_path.sh'
[1.890s] Level 1:colcon.colcon_core.environment:checking '/home/mohamed/mobile_ws/install/assem1_description/bin'
[1.891s] Level 1:colcon.colcon_core.environment:checking '/home/mohamed/mobile_ws/install/assem1_description/lib/pkgconfig/assem1_description.pc'
[1.892s] Level 1:colcon.colcon_core.environment:checking '/home/mohamed/mobile_ws/install/assem1_description/lib/python3.10/site-packages'
[1.893s] Level 1:colcon.colcon_core.environment:checking '/home/mohamed/mobile_ws/install/assem1_description/bin'
[1.894s] INFO:colcon.colcon_core.shell:Creating package script '/home/mohamed/mobile_ws/install/assem1_description/share/assem1_description/package.ps1'
[1.898s] INFO:colcon.colcon_core.shell:Creating package descriptor '/home/mohamed/mobile_ws/install/assem1_description/share/assem1_description/package.dsv'
[1.902s] INFO:colcon.colcon_core.shell:Creating package script '/home/mohamed/mobile_ws/install/assem1_description/share/assem1_description/package.sh'
[1.905s] INFO:colcon.colcon_core.shell:Creating package script '/home/mohamed/mobile_ws/install/assem1_description/share/assem1_description/package.bash'
[1.907s] INFO:colcon.colcon_core.shell:Creating package script '/home/mohamed/mobile_ws/install/assem1_description/share/assem1_description/package.zsh'
[1.910s] Level 1:colcon.colcon_core.environment:create_file_with_runtime_dependencies(/home/mohamed/mobile_ws/install/assem1_description/share/colcon-core/packages/assem1_description)
[1.912s] Level 1:colcon.colcon_core.environment:create_environment_scripts_only(assem1_description)
[1.913s] Level 1:colcon.colcon_core.environment:checking '/home/mohamed/mobile_ws/install/assem1_description' for CMake module files
[1.915s] Level 1:colcon.colcon_core.environment:checking '/home/mohamed/mobile_ws/install/assem1_description' for CMake config files
[1.916s] Level 1:colcon.colcon_core.shell:create_environment_hook('assem1_description', 'cmake_prefix_path')
[1.917s] INFO:colcon.colcon_core.shell:Creating environment hook '/home/mohamed/mobile_ws/install/assem1_description/share/assem1_description/hook/cmake_prefix_path.ps1'
[1.918s] INFO:colcon.colcon_core.shell:Creating environment descriptor '/home/mohamed/mobile_ws/install/assem1_description/share/assem1_description/hook/cmake_prefix_path.dsv'
[1.920s] INFO:colcon.colcon_core.shell:Creating environment hook '/home/mohamed/mobile_ws/install/assem1_description/share/assem1_description/hook/cmake_prefix_path.sh'
[1.923s] Level 1:colcon.colcon_core.environment:checking '/home/mohamed/mobile_ws/install/assem1_description/bin'
[1.923s] Level 1:colcon.colcon_core.environment:checking '/home/mohamed/mobile_ws/install/assem1_description/lib/pkgconfig/assem1_description.pc'
[1.924s] Level 1:colcon.colcon_core.environment:checking '/home/mohamed/mobile_ws/install/assem1_description/lib/python3.10/site-packages'
[1.926s] Level 1:colcon.colcon_core.environment:checking '/home/mohamed/mobile_ws/install/assem1_description/bin'
[1.927s] INFO:colcon.colcon_core.shell:Creating package script '/home/mohamed/mobile_ws/install/assem1_description/share/assem1_description/package.ps1'
[1.929s] INFO:colcon.colcon_core.shell:Creating package descriptor '/home/mohamed/mobile_ws/install/assem1_description/share/assem1_description/package.dsv'
[1.931s] INFO:colcon.colcon_core.shell:Creating package script '/home/mohamed/mobile_ws/install/assem1_description/share/assem1_description/package.sh'
[1.934s] INFO:colcon.colcon_core.shell:Creating package script '/home/mohamed/mobile_ws/install/assem1_description/share/assem1_description/package.bash'
[1.936s] INFO:colcon.colcon_core.shell:Creating package script '/home/mohamed/mobile_ws/install/assem1_description/share/assem1_description/package.zsh'
[1.938s] Level 1:colcon.colcon_core.environment:create_file_with_runtime_dependencies(/home/mohamed/mobile_ws/install/assem1_description/share/colcon-core/packages/assem1_description)
[1.940s] INFO:colcon.colcon_ros.task.ament_cmake.build:Building ROS package in '/home/mohamed/mobile_ws/src/assem1_controller' with build type 'ament_cmake'
[1.942s] INFO:colcon.colcon_cmake.task.cmake.build:Building CMake package in '/home/mohamed/mobile_ws/src/assem1_controller'
[1.943s] INFO:colcon.colcon_core.shell:Skip shell extension 'powershell' for command environment: Not usable outside of PowerShell
[1.943s] DEBUG:colcon.colcon_core.shell:Skip shell extension 'dsv' for command environment
[1.983s] DEBUG:colcon.colcon_core.event_handler.log_command:Invoking command in '/home/mohamed/mobile_ws/build/assem1_controller': CMAKE_PREFIX_PATH=/home/mohamed/mobile_ws/install/assem1_description:/home/mohamed/mobile_ws/install/assem1_controller:/home/mohamed/mobile_ws/install/assem1_vision:/opt/ros/humble /usr/bin/cmake --build /home/mohamed/mobile_ws/build/assem1_controller -- -j2 -l2
[2.121s] DEBUG:colcon.colcon_core.event_handler.log_command:Invoked command in '/home/mohamed/mobile_ws/build/assem1_controller' returned '0': CMAKE_PREFIX_PATH=/home/mohamed/mobile_ws/install/assem1_description:/home/mohamed/mobile_ws/install/assem1_controller:/home/mohamed/mobile_ws/install/assem1_vision:/opt/ros/humble /usr/bin/cmake --build /home/mohamed/mobile_ws/build/assem1_controller -- -j2 -l2
[2.130s] DEBUG:colcon.colcon_core.event_handler.log_command:Invoking command in '/home/mohamed/mobile_ws/build/assem1_controller': CMAKE_PREFIX_PATH=/home/mohamed/mobile_ws/install/assem1_description:/home/mohamed/mobile_ws/install/assem1_controller:/home/mohamed/mobile_ws/install/assem1_vision:/opt/ros/humble /usr/bin/cmake --install /home/mohamed/mobile_ws/build/assem1_controller
[2.166s] Level 1:colcon.colcon_core.environment:create_environment_scripts_only(assem1_controller)
[2.167s] Level 1:colcon.colcon_core.environment:checking '/home/mohamed/mobile_ws/install/assem1_controller' for CMake module files
[2.175s] Level 1:colcon.colcon_core.environment:checking '/home/mohamed/mobile_ws/install/assem1_controller' for CMake config files
[2.179s] Level 1:colcon.colcon_core.shell:create_environment_hook('assem1_controller', 'cmake_prefix_path')
[2.180s] INFO:colcon.colcon_core.shell:Creating environment hook '/home/mohamed/mobile_ws/install/assem1_controller/share/assem1_controller/hook/cmake_prefix_path.ps1'
[2.181s] DEBUG:colcon.colcon_core.event_handler.log_command:Invoked command in '/home/mohamed/mobile_ws/build/assem1_controller' returned '0': CMAKE_PREFIX_PATH=/home/mohamed/mobile_ws/install/assem1_description:/home/mohamed/mobile_ws/install/assem1_controller:/home/mohamed/mobile_ws/install/assem1_vision:/opt/ros/humble /usr/bin/cmake --install /home/mohamed/mobile_ws/build/assem1_controller
[2.187s] INFO:colcon.colcon_core.shell:Creating environment descriptor '/home/mohamed/mobile_ws/install/assem1_controller/share/assem1_controller/hook/cmake_prefix_path.dsv'
[2.189s] INFO:colcon.colcon_core.shell:Creating environment hook '/home/mohamed/mobile_ws/install/assem1_controller/share/assem1_controller/hook/cmake_prefix_path.sh'
[2.192s] Level 1:colcon.colcon_core.environment:checking '/home/mohamed/mobile_ws/install/assem1_controller/lib'
[2.193s] Level 1:colcon.colcon_core.environment:checking '/home/mohamed/mobile_ws/install/assem1_controller/bin'
[2.193s] Level 1:colcon.colcon_core.environment:checking '/home/mohamed/mobile_ws/install/assem1_controller/lib/pkgconfig/assem1_controller.pc'
[2.194s] Level 1:colcon.colcon_core.environment:checking '/home/mohamed/mobile_ws/install/assem1_controller/lib/python3.10/site-packages'
[2.195s] Level 1:colcon.colcon_core.environment:checking '/home/mohamed/mobile_ws/install/assem1_controller/bin'
[2.196s] INFO:colcon.colcon_core.shell:Creating package script '/home/mohamed/mobile_ws/install/assem1_controller/share/assem1_controller/package.ps1'
[2.199s] INFO:colcon.colcon_core.shell:Creating package descriptor '/home/mohamed/mobile_ws/install/assem1_controller/share/assem1_controller/package.dsv'
[2.200s] INFO:colcon.colcon_core.shell:Creating package script '/home/mohamed/mobile_ws/install/assem1_controller/share/assem1_controller/package.sh'
[2.202s] INFO:colcon.colcon_core.shell:Creating package script '/home/mohamed/mobile_ws/install/assem1_controller/share/assem1_controller/package.bash'
[2.205s] INFO:colcon.colcon_core.shell:Creating package script '/home/mohamed/mobile_ws/install/assem1_controller/share/assem1_controller/package.zsh'
[2.206s] Level 1:colcon.colcon_core.environment:create_file_with_runtime_dependencies(/home/mohamed/mobile_ws/install/assem1_controller/share/colcon-core/packages/assem1_controller)
[2.208s] Level 1:colcon.colcon_core.environment:create_environment_scripts_only(assem1_controller)
[2.209s] Level 1:colcon.colcon_core.environment:checking '/home/mohamed/mobile_ws/install/assem1_controller' for CMake module files
[2.211s] Level 1:colcon.colcon_core.environment:checking '/home/mohamed/mobile_ws/install/assem1_controller' for CMake config files
[2.212s] Level 1:colcon.colcon_core.shell:create_environment_hook('assem1_controller', 'cmake_prefix_path')
[2.213s] INFO:colcon.colcon_core.shell:Creating environment hook '/home/mohamed/mobile_ws/install/assem1_controller/share/assem1_controller/hook/cmake_prefix_path.ps1'
[2.215s] INFO:colcon.colcon_core.shell:Creating environment descriptor '/home/mohamed/mobile_ws/install/assem1_controller/share/assem1_controller/hook/cmake_prefix_path.dsv'
[2.216s] INFO:colcon.colcon_core.shell:Creating environment hook '/home/mohamed/mobile_ws/install/assem1_controller/share/assem1_controller/hook/cmake_prefix_path.sh'
[2.219s] Level 1:colcon.colcon_core.environment:checking '/home/mohamed/mobile_ws/install/assem1_controller/lib'
[2.219s] Level 1:colcon.colcon_core.environment:checking '/home/mohamed/mobile_ws/install/assem1_controller/bin'
[2.220s] Level 1:colcon.colcon_core.environment:checking '/home/mohamed/mobile_ws/install/assem1_controller/lib/pkgconfig/assem1_controller.pc'
[2.221s] Level 1:colcon.colcon_core.environment:checking '/home/mohamed/mobile_ws/install/assem1_controller/lib/python3.10/site-packages'
[2.222s] Level 1:colcon.colcon_core.environment:checking '/home/mohamed/mobile_ws/install/assem1_controller/bin'
[2.224s] INFO:colcon.colcon_core.shell:Creating package script '/home/mohamed/mobile_ws/install/assem1_controller/share/assem1_controller/package.ps1'
[2.227s] INFO:colcon.colcon_core.shell:Creating package descriptor '/home/mohamed/mobile_ws/install/assem1_controller/share/assem1_controller/package.dsv'
[2.229s] INFO:colcon.colcon_core.shell:Creating package script '/home/mohamed/mobile_ws/install/assem1_controller/share/assem1_controller/package.sh'
[2.231s] INFO:colcon.colcon_core.shell:Creating package script '/home/mohamed/mobile_ws/install/assem1_controller/share/assem1_controller/package.bash'
[2.233s] INFO:colcon.colcon_core.shell:Creating package script '/home/mohamed/mobile_ws/install/assem1_controller/share/assem1_controller/package.zsh'
[2.235s] Level 1:colcon.colcon_core.environment:create_file_with_runtime_dependencies(/home/mohamed/mobile_ws/install/assem1_controller/share/colcon-core/packages/assem1_controller)
[2.845s] DEBUG:colcon.colcon_core.event_handler.log_command:Invoking command in '/home/mohamed/mobile_ws/src/assem1_vision': PYTHONPATH=/home/mohamed/mobile_ws/build/assem1_vision/prefix_override:/usr/lib/python3/dist-packages/colcon_core/task/python/colcon_distutils_commands:/home/mohamed/mobile_ws/install/assem1_vision/lib/python3.10/site-packages:${PYTHONPATH} /usr/bin/python3 -W ignore:setup.py install is deprecated -W ignore:easy_install command is deprecated setup.py egg_info --egg-base ../../build/assem1_vision build --build-base /home/mohamed/mobile_ws/build/assem1_vision/build install --record /home/mohamed/mobile_ws/build/assem1_vision/install.log --single-version-externally-managed install_data
[3.645s] Level 1:colcon.colcon_core.environment:checking '/home/mohamed/mobile_ws/install/assem1_vision' for CMake module files
[3.647s] DEBUG:colcon.colcon_core.event_handler.log_command:Invoked command in '/home/mohamed/mobile_ws/src/assem1_vision' returned '0': PYTHONPATH=/home/mohamed/mobile_ws/build/assem1_vision/prefix_override:/usr/lib/python3/dist-packages/colcon_core/task/python/colcon_distutils_commands:/home/mohamed/mobile_ws/install/assem1_vision/lib/python3.10/site-packages:${PYTHONPATH} /usr/bin/python3 -W ignore:setup.py install is deprecated -W ignore:easy_install command is deprecated setup.py egg_info --egg-base ../../build/assem1_vision build --build-base /home/mohamed/mobile_ws/build/assem1_vision/build install --record /home/mohamed/mobile_ws/build/assem1_vision/install.log --single-version-externally-managed install_data
[3.647s] Level 1:colcon.colcon_core.environment:checking '/home/mohamed/mobile_ws/install/assem1_vision' for CMake config files
[3.649s] Level 1:colcon.colcon_core.environment:checking '/home/mohamed/mobile_ws/install/assem1_vision/lib'
[3.649s] Level 1:colcon.colcon_core.environment:checking '/home/mohamed/mobile_ws/install/assem1_vision/bin'
[3.649s] Level 1:colcon.colcon_core.environment:checking '/home/mohamed/mobile_ws/install/assem1_vision/lib/pkgconfig/assem1_vision.pc'
[3.650s] Level 1:colcon.colcon_core.environment:checking '/home/mohamed/mobile_ws/install/assem1_vision/lib/python3.10/site-packages'
[3.650s] Level 1:colcon.colcon_core.shell:create_environment_hook('assem1_vision', 'pythonpath')
[3.651s] INFO:colcon.colcon_core.shell:Creating environment hook '/home/mohamed/mobile_ws/install/assem1_vision/share/assem1_vision/hook/pythonpath.ps1'
[3.652s] INFO:colcon.colcon_core.shell:Creating environment descriptor '/home/mohamed/mobile_ws/install/assem1_vision/share/assem1_vision/hook/pythonpath.dsv'
[3.653s] INFO:colcon.colcon_core.shell:Creating environment hook '/home/mohamed/mobile_ws/install/assem1_vision/share/assem1_vision/hook/pythonpath.sh'
[3.655s] Level 1:colcon.colcon_core.environment:checking '/home/mohamed/mobile_ws/install/assem1_vision/bin'
[3.656s] Level 1:colcon.colcon_core.environment:create_environment_scripts_only(assem1_vision)
[3.657s] INFO:colcon.colcon_core.shell:Creating package script '/home/mohamed/mobile_ws/install/assem1_vision/share/assem1_vision/package.ps1'
[3.660s] INFO:colcon.colcon_core.shell:Creating package descriptor '/home/mohamed/mobile_ws/install/assem1_vision/share/assem1_vision/package.dsv'
[3.662s] INFO:colcon.colcon_core.shell:Creating package script '/home/mohamed/mobile_ws/install/assem1_vision/share/assem1_vision/package.sh'
[3.664s] INFO:colcon.colcon_core.shell:Creating package script '/home/mohamed/mobile_ws/install/assem1_vision/share/assem1_vision/package.bash'
[3.665s] INFO:colcon.colcon_core.shell:Creating package script '/home/mohamed/mobile_ws/install/assem1_vision/share/assem1_vision/package.zsh'
[3.667s] Level 1:colcon.colcon_core.environment:create_file_with_runtime_dependencies(/home/mohamed/mobile_ws/install/assem1_vision/share/colcon-core/packages/assem1_vision)
[3.668s] DEBUG:colcon.colcon_parallel_executor.executor.parallel:closing loop
[3.668s] DEBUG:colcon.colcon_parallel_executor.executor.parallel:loop closed
[3.668s] DEBUG:colcon.colcon_parallel_executor.executor.parallel:run_until_complete finished with '0'
[3.668s] DEBUG:colcon.colcon_core.event_reactor:joining thread
[3.681s] INFO:colcon.colcon_core.plugin_system:Skipping extension 'colcon_notification.desktop_notification.terminal_notifier': Not used on non-Darwin systems
[3.681s] INFO:colcon.colcon_core.plugin_system:Skipping extension 'colcon_notification.desktop_notification.win32': Not used on non-Windows systems
[3.681s] INFO:colcon.colcon_notification.desktop_notification:Sending desktop notification using 'notify2'
[3.725s] DEBUG:colcon.colcon_core.event_reactor:joined thread
[3.726s] INFO:colcon.colcon_core.shell:Creating prefix script '/home/mohamed/mobile_ws/install/local_setup.ps1'
[3.729s] INFO:colcon.colcon_core.shell:Creating prefix util module '/home/mohamed/mobile_ws/install/_local_setup_util_ps1.py'
[3.735s] INFO:colcon.colcon_core.shell:Creating prefix chain script '/home/mohamed/mobile_ws/install/setup.ps1'
[3.740s] INFO:colcon.colcon_core.shell:Creating prefix script '/home/mohamed/mobile_ws/install/local_setup.sh'
[3.743s] INFO:colcon.colcon_core.shell:Creating prefix util module '/home/mohamed/mobile_ws/install/_local_setup_util_sh.py'
[3.745s] INFO:colcon.colcon_core.shell:Creating prefix chain script '/home/mohamed/mobile_ws/install/setup.sh'
[3.750s] INFO:colcon.colcon_core.shell:Creating prefix script '/home/mohamed/mobile_ws/install/local_setup.bash'
[3.752s] INFO:colcon.colcon_core.shell:Creating prefix chain script '/home/mohamed/mobile_ws/install/setup.bash'
[3.757s] INFO:colcon.colcon_core.shell:Creating prefix script '/home/mohamed/mobile_ws/install/local_setup.zsh'
[3.759s] INFO:colcon.colcon_core.shell:Creating prefix chain script '/home/mohamed/mobile_ws/install/setup.zsh'
