[2.276s] Invoking command in '/home/mohamed/mobile_ws/src/assem1_vision': PYTHONPATH=/home/mohamed/mobile_ws/build/assem1_vision/prefix_override:/usr/lib/python3/dist-packages/colcon_core/task/python/colcon_distutils_commands:/home/mohamed/mobile_ws/install/assem1_vision/lib/python3.10/site-packages:${PYTHONPATH} /usr/bin/python3 -W ignore:setup.py install is deprecated -W ignore:easy_install command is deprecated setup.py egg_info --egg-base ../../build/assem1_vision build --build-base /home/mohamed/mobile_ws/build/assem1_vision/build install --record /home/mohamed/mobile_ws/build/assem1_vision/install.log --single-version-externally-managed install_data
[3.014s] running egg_info
[3.015s] writing ../../build/assem1_vision/assem1_vision.egg-info/PKG-INFO
[3.017s] writing dependency_links to ../../build/assem1_vision/assem1_vision.egg-info/dependency_links.txt
[3.018s] writing entry points to ../../build/assem1_vision/assem1_vision.egg-info/entry_points.txt
[3.019s] writing requirements to ../../build/assem1_vision/assem1_vision.egg-info/requires.txt
[3.019s] writing top-level names to ../../build/assem1_vision/assem1_vision.egg-info/top_level.txt
[3.023s] reading manifest file '../../build/assem1_vision/assem1_vision.egg-info/SOURCES.txt'
[3.029s] writing manifest file '../../build/assem1_vision/assem1_vision.egg-info/SOURCES.txt'
[3.029s] running build
[3.029s] running build_py
[3.030s] running install
[3.030s] running install_lib
[3.038s] running install_data
[3.039s] running install_egg_info
[3.040s] removing '/home/mohamed/mobile_ws/install/assem1_vision/lib/python3.10/site-packages/assem1_vision-0.0.0-py3.10.egg-info' (and everything under it)
[3.041s] Copying ../../build/assem1_vision/assem1_vision.egg-info to /home/mohamed/mobile_ws/install/assem1_vision/lib/python3.10/site-packages/assem1_vision-0.0.0-py3.10.egg-info
[3.043s] running install_scripts
[3.086s] Installing color_detector script to /home/mohamed/mobile_ws/install/assem1_vision/lib/assem1_vision
[3.088s] writing list of installed files to '/home/mohamed/mobile_ws/build/assem1_vision/install.log'
[3.162s] Invoked command in '/home/mohamed/mobile_ws/src/assem1_vision' returned '0': PYTHONPATH=/home/mohamed/mobile_ws/build/assem1_vision/prefix_override:/usr/lib/python3/dist-packages/colcon_core/task/python/colcon_distutils_commands:/home/mohamed/mobile_ws/install/assem1_vision/lib/python3.10/site-packages:${PYTHONPATH} /usr/bin/python3 -W ignore:setup.py install is deprecated -W ignore:easy_install command is deprecated setup.py egg_info --egg-base ../../build/assem1_vision build --build-base /home/mohamed/mobile_ws/build/assem1_vision/build install --record /home/mohamed/mobile_ws/build/assem1_vision/install.log --single-version-externally-managed install_data
