[0.082s] Invoking command in '/home/mohamed/mobile_ws/build/assem1_description': CMAKE_PREFIX_PATH=${CMAKE_PREFIX_PATH}:/home/mohamed/mobile_ws/install/assem1_vision:/opt/ros/humble /usr/bin/cmake /home/mohamed/mobile_ws/src/assem1_description -DCMAKE_INSTALL_PREFIX=/home/mohamed/mobile_ws/install/assem1_description
[1.927s] -- The C compiler identification is GNU 11.4.0
[1.927s] -- The CXX compiler identification is GNU 11.4.0
[1.927s] -- Detecting C compiler ABI info
[1.930s] -- Detecting C compiler ABI info - done
[1.931s] -- Check for working C compiler: /usr/bin/cc - skipped
[1.931s] -- Detecting C compile features
[1.931s] -- Detecting C compile features - done
[1.931s] -- Detecting CXX compiler ABI info
[1.934s] -- Detecting CXX compiler ABI info - done
[1.934s] -- Check for working CXX compiler: /usr/bin/c++ - skipped
[1.934s] -- Detecting CXX compile features
[1.935s] -- Detecting CXX compile features - done
[1.935s] -- Found ament_cmake: 1.3.14 (/opt/ros/humble/share/ament_cmake/cmake)
[2.201s] -- Found Python3: /usr/bin/python3 (found version "3.10.12") found components: Interpreter 
[2.774s] -- Configuring done
[2.785s] -- Generating done
[2.790s] -- Build files have been written to: /home/mohamed/mobile_ws/build/assem1_description
[2.803s] Invoked command in '/home/mohamed/mobile_ws/build/assem1_description' returned '0': CMAKE_PREFIX_PATH=${CMAKE_PREFIX_PATH}:/home/mohamed/mobile_ws/install/assem1_vision:/opt/ros/humble /usr/bin/cmake /home/mohamed/mobile_ws/src/assem1_description -DCMAKE_INSTALL_PREFIX=/home/mohamed/mobile_ws/install/assem1_description
[2.804s] Invoking command in '/home/mohamed/mobile_ws/build/assem1_description': CMAKE_PREFIX_PATH=${CMAKE_PREFIX_PATH}:/home/mohamed/mobile_ws/install/assem1_vision:/opt/ros/humble /usr/bin/cmake --build /home/mohamed/mobile_ws/build/assem1_description -- -j2 -l2
[2.919s] Invoked command in '/home/mohamed/mobile_ws/build/assem1_description' returned '0': CMAKE_PREFIX_PATH=${CMAKE_PREFIX_PATH}:/home/mohamed/mobile_ws/install/assem1_vision:/opt/ros/humble /usr/bin/cmake --build /home/mohamed/mobile_ws/build/assem1_description -- -j2 -l2
[2.952s] Invoking command in '/home/mohamed/mobile_ws/build/assem1_description': CMAKE_PREFIX_PATH=${CMAKE_PREFIX_PATH}:/home/mohamed/mobile_ws/install/assem1_vision:/opt/ros/humble /usr/bin/cmake --install /home/mohamed/mobile_ws/build/assem1_description
[2.976s] -- Install configuration: ""
[2.978s] -- Up-to-date: /home/mohamed/mobile_ws/install/assem1_description/share/assem1_description/urdf
[2.980s] -- Up-to-date: /home/mohamed/mobile_ws/install/assem1_description/share/assem1_description/urdf/sensors.xacro
[2.981s] -- Up-to-date: /home/mohamed/mobile_ws/install/assem1_description/share/assem1_description/urdf/gazebo.xacro
[2.981s] -- Up-to-date: /home/mohamed/mobile_ws/install/assem1_description/share/assem1_description/urdf/mobile_manipulator.xacro
[2.981s] -- Up-to-date: /home/mohamed/mobile_ws/install/assem1_description/share/assem1_description/urdf/assem1.urdf.xacro
[2.981s] -- Up-to-date: /home/mohamed/mobile_ws/install/assem1_description/share/assem1_description/urdf/oldURDF.xacro
[2.983s] -- Up-to-date: /home/mohamed/mobile_ws/install/assem1_description/share/assem1_description/urdf/ros2_control.xacro
[2.984s] -- Up-to-date: /home/mohamed/mobile_ws/install/assem1_description/share/assem1_description/launch
[2.984s] -- Up-to-date: /home/mohamed/mobile_ws/install/assem1_description/share/assem1_description/launch/display.launch.py
[2.984s] -- Up-to-date: /home/mohamed/mobile_ws/install/assem1_description/share/assem1_description/launch/gazebo.launch.py
[2.988s] -- Up-to-date: /home/mohamed/mobile_ws/install/assem1_description/share/assem1_description/rviz
[2.988s] -- Up-to-date: /home/mohamed/mobile_ws/install/assem1_description/share/assem1_description/rviz/display.rviz
[2.988s] -- Up-to-date: /home/mohamed/mobile_ws/install/assem1_description/share/assem1_description/meshes
[2.988s] -- Up-to-date: /home/mohamed/mobile_ws/install/assem1_description/share/assem1_description/meshes/Caster_1.STL
[2.989s] -- Up-to-date: /home/mohamed/mobile_ws/install/assem1_description/share/assem1_description/meshes/Caster_4.STL
[2.989s] -- Up-to-date: /home/mohamed/mobile_ws/install/assem1_description/share/assem1_description/meshes/Right_wheel.STL
[2.989s] -- Up-to-date: /home/mohamed/mobile_ws/install/assem1_description/share/assem1_description/meshes/base_link.STL
[2.989s] -- Up-to-date: /home/mohamed/mobile_ws/install/assem1_description/share/assem1_description/meshes/Left_wheel.STL
[2.989s] -- Up-to-date: /home/mohamed/mobile_ws/install/assem1_description/share/assem1_description/meshes/Empty_Link4.STL
[2.992s] -- Up-to-date: /home/mohamed/mobile_ws/install/assem1_description/share/assem1_description/meshes/Empty_Link2.STL
[2.992s] -- Up-to-date: /home/mohamed/mobile_ws/install/assem1_description/share/assem1_description/meshes/Empty_Link3.STL
[2.992s] -- Up-to-date: /home/mohamed/mobile_ws/install/assem1_description/share/assem1_description/meshes/armlink1.STL
[2.992s] -- Up-to-date: /home/mohamed/mobile_ws/install/assem1_description/share/assem1_description/meshes/Caster_3.STL
[2.993s] -- Up-to-date: /home/mohamed/mobile_ws/install/assem1_description/share/assem1_description/meshes/Caster_2.STL
[2.993s] -- Up-to-date: /home/mohamed/mobile_ws/install/assem1_description/share/assem1_description/meshes/Empty_Link.STL
[2.993s] -- Up-to-date: /home/mohamed/mobile_ws/install/assem1_description/share/assem1_description/meshes/armlink2.STL
[2.993s] -- Up-to-date: /home/mohamed/mobile_ws/install/assem1_description/share/assem1_description/worlds
[2.997s] -- Installing: /home/mohamed/mobile_ws/install/assem1_description/share/assem1_description/worlds/empty.world
[2.997s] -- Installing: /home/mohamed/mobile_ws/install/assem1_description/share/ament_index/resource_index/package_run_dependencies/assem1_description
[2.997s] -- Installing: /home/mohamed/mobile_ws/install/assem1_description/share/ament_index/resource_index/parent_prefix_path/assem1_description
[2.999s] -- Up-to-date: /home/mohamed/mobile_ws/install/assem1_description/share/assem1_description/environment/ament_prefix_path.sh
[3.000s] -- Installing: /home/mohamed/mobile_ws/install/assem1_description/share/assem1_description/environment/ament_prefix_path.dsv
[3.001s] -- Up-to-date: /home/mohamed/mobile_ws/install/assem1_description/share/assem1_description/environment/path.sh
[3.001s] -- Installing: /home/mohamed/mobile_ws/install/assem1_description/share/assem1_description/environment/path.dsv
[3.007s] -- Installing: /home/mohamed/mobile_ws/install/assem1_description/share/assem1_description/local_setup.bash
[3.008s] -- Installing: /home/mohamed/mobile_ws/install/assem1_description/share/assem1_description/local_setup.sh
[3.008s] -- Installing: /home/mohamed/mobile_ws/install/assem1_description/share/assem1_description/local_setup.zsh
[3.008s] -- Installing: /home/mohamed/mobile_ws/install/assem1_description/share/assem1_description/local_setup.dsv
[3.008s] -- Installing: /home/mohamed/mobile_ws/install/assem1_description/share/assem1_description/package.dsv
[3.011s] -- Installing: /home/mohamed/mobile_ws/install/assem1_description/share/ament_index/resource_index/packages/assem1_description
[3.011s] -- Installing: /home/mohamed/mobile_ws/install/assem1_description/share/assem1_description/cmake/assem1_descriptionConfig.cmake
[3.011s] -- Installing: /home/mohamed/mobile_ws/install/assem1_description/share/assem1_description/cmake/assem1_descriptionConfig-version.cmake
[3.012s] -- Up-to-date: /home/mohamed/mobile_ws/install/assem1_description/share/assem1_description/package.xml
[3.021s] Invoked command in '/home/mohamed/mobile_ws/build/assem1_description' returned '0': CMAKE_PREFIX_PATH=${CMAKE_PREFIX_PATH}:/home/mohamed/mobile_ws/install/assem1_vision:/opt/ros/humble /usr/bin/cmake --install /home/mohamed/mobile_ws/build/assem1_description
