[0.055s] Invoking command in '/home/mohamed/mobile_ws/build/assem1_description': CMAKE_PREFIX_PATH=${CMAKE_PREFIX_PATH}:/home/mohamed/mobile_ws/install/assem1_vision:/opt/ros/humble /usr/bin/cmake --build /home/mohamed/mobile_ws/build/assem1_description -- -j2 -l2
[0.847s] Invoked command in '/home/mohamed/mobile_ws/build/assem1_description' returned '0': CMAKE_PREFIX_PATH=${CMAKE_PREFIX_PATH}:/home/mohamed/mobile_ws/install/assem1_vision:/opt/ros/humble /usr/bin/cmake --build /home/mohamed/mobile_ws/build/assem1_description -- -j2 -l2
[0.866s] Invoking command in '/home/mohamed/mobile_ws/build/assem1_description': CMAKE_PREFIX_PATH=${CMAKE_PREFIX_PATH}:/home/mohamed/mobile_ws/install/assem1_vision:/opt/ros/humble /usr/bin/cmake --install /home/mohamed/mobile_ws/build/assem1_description
[0.889s] -- Install configuration: ""
[0.889s] -- Up-to-date: /home/mohamed/mobile_ws/install/assem1_description/share/assem1_description/urdf
[0.889s] -- Installing: /home/mohamed/mobile_ws/install/assem1_description/share/assem1_description/urdf/sensors.xacro
[0.895s] -- Up-to-date: /home/mohamed/mobile_ws/install/assem1_description/share/assem1_description/urdf/gazebo.xacro
[0.895s] -- Up-to-date: /home/mohamed/mobile_ws/install/assem1_description/share/assem1_description/urdf/mobile_manipulator.xacro
[0.895s] -- Up-to-date: /home/mohamed/mobile_ws/install/assem1_description/share/assem1_description/urdf/assem1.urdf.xacro
[0.895s] -- Up-to-date: /home/mohamed/mobile_ws/install/assem1_description/share/assem1_description/urdf/oldURDF.xacro
[0.896s] -- Up-to-date: /home/mohamed/mobile_ws/install/assem1_description/share/assem1_description/urdf/ros2_control.xacro
[0.896s] -- Up-to-date: /home/mohamed/mobile_ws/install/assem1_description/share/assem1_description/launch
[0.896s] -- Up-to-date: /home/mohamed/mobile_ws/install/assem1_description/share/assem1_description/launch/display.launch.py
[0.896s] -- Up-to-date: /home/mohamed/mobile_ws/install/assem1_description/share/assem1_description/launch/gazebo.launch.py
[0.907s] -- Up-to-date: /home/mohamed/mobile_ws/install/assem1_description/share/assem1_description/rviz
[0.907s] -- Up-to-date: /home/mohamed/mobile_ws/install/assem1_description/share/assem1_description/rviz/display.rviz
[0.907s] -- Up-to-date: /home/mohamed/mobile_ws/install/assem1_description/share/assem1_description/meshes
[0.907s] -- Up-to-date: /home/mohamed/mobile_ws/install/assem1_description/share/assem1_description/meshes/Caster_1.STL
[0.914s] -- Up-to-date: /home/mohamed/mobile_ws/install/assem1_description/share/assem1_description/meshes/Caster_4.STL
[0.916s] -- Up-to-date: /home/mohamed/mobile_ws/install/assem1_description/share/assem1_description/meshes/Right_wheel.STL
[0.916s] -- Up-to-date: /home/mohamed/mobile_ws/install/assem1_description/share/assem1_description/meshes/base_link.STL
[0.916s] -- Up-to-date: /home/mohamed/mobile_ws/install/assem1_description/share/assem1_description/meshes/Left_wheel.STL
[0.923s] -- Up-to-date: /home/mohamed/mobile_ws/install/assem1_description/share/assem1_description/meshes/Empty_Link4.STL
[0.925s] -- Up-to-date: /home/mohamed/mobile_ws/install/assem1_description/share/assem1_description/meshes/Empty_Link2.STL
[0.925s] -- Up-to-date: /home/mohamed/mobile_ws/install/assem1_description/share/assem1_description/meshes/Empty_Link3.STL
[0.925s] -- Up-to-date: /home/mohamed/mobile_ws/install/assem1_description/share/assem1_description/meshes/armlink1.STL
[0.925s] -- Up-to-date: /home/mohamed/mobile_ws/install/assem1_description/share/assem1_description/meshes/Caster_3.STL
[0.928s] -- Up-to-date: /home/mohamed/mobile_ws/install/assem1_description/share/assem1_description/meshes/Caster_2.STL
[0.929s] -- Up-to-date: /home/mohamed/mobile_ws/install/assem1_description/share/assem1_description/meshes/Empty_Link.STL
[0.929s] -- Up-to-date: /home/mohamed/mobile_ws/install/assem1_description/share/assem1_description/meshes/armlink2.STL
[0.929s] -- Up-to-date: /home/mohamed/mobile_ws/install/assem1_description/share/assem1_description/worlds
[0.929s] -- Up-to-date: /home/mohamed/mobile_ws/install/assem1_description/share/assem1_description/worlds/empty.world
[0.929s] -- Up-to-date: /home/mohamed/mobile_ws/install/assem1_description/share/ament_index/resource_index/package_run_dependencies/assem1_description
[0.930s] -- Up-to-date: /home/mohamed/mobile_ws/install/assem1_description/share/ament_index/resource_index/parent_prefix_path/assem1_description
[0.930s] -- Up-to-date: /home/mohamed/mobile_ws/install/assem1_description/share/assem1_description/environment/ament_prefix_path.sh
[0.930s] -- Up-to-date: /home/mohamed/mobile_ws/install/assem1_description/share/assem1_description/environment/ament_prefix_path.dsv
[0.939s] -- Up-to-date: /home/mohamed/mobile_ws/install/assem1_description/share/assem1_description/environment/path.sh
[0.939s] -- Up-to-date: /home/mohamed/mobile_ws/install/assem1_description/share/assem1_description/environment/path.dsv
[0.940s] -- Up-to-date: /home/mohamed/mobile_ws/install/assem1_description/share/assem1_description/local_setup.bash
[0.940s] -- Up-to-date: /home/mohamed/mobile_ws/install/assem1_description/share/assem1_description/local_setup.sh
[0.940s] -- Up-to-date: /home/mohamed/mobile_ws/install/assem1_description/share/assem1_description/local_setup.zsh
[0.940s] -- Up-to-date: /home/mohamed/mobile_ws/install/assem1_description/share/assem1_description/local_setup.dsv
[0.940s] -- Installing: /home/mohamed/mobile_ws/install/assem1_description/share/assem1_description/package.dsv
[0.954s] -- Up-to-date: /home/mohamed/mobile_ws/install/assem1_description/share/ament_index/resource_index/packages/assem1_description
[0.955s] -- Up-to-date: /home/mohamed/mobile_ws/install/assem1_description/share/assem1_description/cmake/assem1_descriptionConfig.cmake
[0.955s] -- Up-to-date: /home/mohamed/mobile_ws/install/assem1_description/share/assem1_description/cmake/assem1_descriptionConfig-version.cmake
[0.955s] -- Up-to-date: /home/mohamed/mobile_ws/install/assem1_description/share/assem1_description/package.xml
[0.960s] Invoked command in '/home/mohamed/mobile_ws/build/assem1_description' returned '0': CMAKE_PREFIX_PATH=${CMAKE_PREFIX_PATH}:/home/mohamed/mobile_ws/install/assem1_vision:/opt/ros/humble /usr/bin/cmake --install /home/mohamed/mobile_ws/build/assem1_description
