[7.571s] Invoking command in '/home/mohamed/mobile_ws/src/assem1_vision': PYTHONPATH=/home/mohamed/mobile_ws/build/assem1_vision/prefix_override:/usr/lib/python3/dist-packages/colcon_core/task/python/colcon_distutils_commands:/home/mohamed/mobile_ws/install/assem1_vision/lib/python3.10/site-packages:${PYTHONPATH} /usr/bin/python3 -W ignore:setup.py install is deprecated -W ignore:easy_install command is deprecated setup.py egg_info --egg-base ../../build/assem1_vision build --build-base /home/mohamed/mobile_ws/build/assem1_vision/build install --record /home/mohamed/mobile_ws/build/assem1_vision/install.log --single-version-externally-managed install_data
[11.016s] running egg_info
[11.025s] creating ../../build/assem1_vision/assem1_vision.egg-info
[11.028s] writing ../../build/assem1_vision/assem1_vision.egg-info/PKG-INFO
[11.033s] writing dependency_links to ../../build/assem1_vision/assem1_vision.egg-info/dependency_links.txt
[11.043s] writing entry points to ../../build/assem1_vision/assem1_vision.egg-info/entry_points.txt
[11.043s] writing requirements to ../../build/assem1_vision/assem1_vision.egg-info/requires.txt
[11.043s] writing top-level names to ../../build/assem1_vision/assem1_vision.egg-info/top_level.txt
[11.044s] writing manifest file '../../build/assem1_vision/assem1_vision.egg-info/SOURCES.txt'
[11.062s] reading manifest file '../../build/assem1_vision/assem1_vision.egg-info/SOURCES.txt'
[11.070s] writing manifest file '../../build/assem1_vision/assem1_vision.egg-info/SOURCES.txt'
[11.074s] running build
[11.075s] running build_py
[11.075s] creating /home/mohamed/mobile_ws/build/assem1_vision/build
[11.075s] creating /home/mohamed/mobile_ws/build/assem1_vision/build/lib
[11.076s] creating /home/mohamed/mobile_ws/build/assem1_vision/build/lib/assem1_vision
[11.079s] copying assem1_vision/color_detector.py -> /home/mohamed/mobile_ws/build/assem1_vision/build/lib/assem1_vision
[11.083s] copying assem1_vision/__init__.py -> /home/mohamed/mobile_ws/build/assem1_vision/build/lib/assem1_vision
[11.083s] running install
[11.091s] running install_lib
[11.100s] creating /home/mohamed/mobile_ws/install/assem1_vision/lib/python3.10/site-packages/assem1_vision
[11.102s] copying /home/mohamed/mobile_ws/build/assem1_vision/build/lib/assem1_vision/color_detector.py -> /home/mohamed/mobile_ws/install/assem1_vision/lib/python3.10/site-packages/assem1_vision
[11.106s] copying /home/mohamed/mobile_ws/build/assem1_vision/build/lib/assem1_vision/__init__.py -> /home/mohamed/mobile_ws/install/assem1_vision/lib/python3.10/site-packages/assem1_vision
[11.107s] byte-compiling /home/mohamed/mobile_ws/install/assem1_vision/lib/python3.10/site-packages/assem1_vision/color_detector.py to color_detector.cpython-310.pyc
[11.116s] byte-compiling /home/mohamed/mobile_ws/install/assem1_vision/lib/python3.10/site-packages/assem1_vision/__init__.py to __init__.cpython-310.pyc
[11.119s] running install_data
[11.124s] creating /home/mohamed/mobile_ws/install/assem1_vision/share/ament_index
[11.124s] creating /home/mohamed/mobile_ws/install/assem1_vision/share/ament_index/resource_index
[11.134s] creating /home/mohamed/mobile_ws/install/assem1_vision/share/ament_index/resource_index/packages
[11.134s] copying resource/assem1_vision -> /home/mohamed/mobile_ws/install/assem1_vision/share/ament_index/resource_index/packages
[11.134s] copying package.xml -> /home/mohamed/mobile_ws/install/assem1_vision/share/assem1_vision
[11.134s] running install_egg_info
[11.145s] Copying ../../build/assem1_vision/assem1_vision.egg-info to /home/mohamed/mobile_ws/install/assem1_vision/lib/python3.10/site-packages/assem1_vision-0.0.0-py3.10.egg-info
[11.155s] running install_scripts
[11.312s] Installing color_sorter script to /home/mohamed/mobile_ws/install/assem1_vision/lib/panda_vision
[11.320s] writing list of installed files to '/home/mohamed/mobile_ws/build/assem1_vision/install.log'
[11.591s] Invoked command in '/home/mohamed/mobile_ws/src/assem1_vision' returned '0': PYTHONPATH=/home/mohamed/mobile_ws/build/assem1_vision/prefix_override:/usr/lib/python3/dist-packages/colcon_core/task/python/colcon_distutils_commands:/home/mohamed/mobile_ws/install/assem1_vision/lib/python3.10/site-packages:${PYTHONPATH} /usr/bin/python3 -W ignore:setup.py install is deprecated -W ignore:easy_install command is deprecated setup.py egg_info --egg-base ../../build/assem1_vision build --build-base /home/mohamed/mobile_ws/build/assem1_vision/build install --record /home/mohamed/mobile_ws/build/assem1_vision/install.log --single-version-externally-managed install_data
