[0.082s] Invoking command in '/home/mohamed/mobile_ws/build/assem1_controller': CMAKE_PREFIX_PATH=/home/mohamed/mobile_ws/install/assem1_description:/home/mohamed/mobile_ws/install/assem1_controller:/home/mohamed/mobile_ws/install/assem1_vision:/opt/ros/humble /usr/bin/cmake /home/mohamed/mobile_ws/src/assem1_controller -DCMAKE_INSTALL_PREFIX=/home/mohamed/mobile_ws/install/assem1_controller
[0.499s] -- The C compiler identification is GNU 11.4.0
[1.019s] -- The CXX compiler identification is GNU 11.4.0
[1.112s] -- Detecting C compiler ABI info
[1.822s] -- Detecting C compiler ABI info - done
[1.947s] -- Check for working C compiler: /usr/bin/cc - skipped
[1.947s] -- Detecting C compile features
[1.955s] -- Detecting C compile features - done
[1.985s] -- Detecting CXX compiler ABI info
[2.818s] -- Detecting CXX compiler ABI info - done
[2.884s] -- Check for working CXX compiler: /usr/bin/c++ - skipped
[2.884s] -- Detecting CXX compile features
[2.888s] -- Detecting CXX compile features - done
[2.912s] -- Found ament_cmake: 1.3.14 (/opt/ros/humble/share/ament_cmake/cmake)
[4.041s] -- Found Python3: /usr/bin/python3 (found version "3.10.12") found components: Interpreter 
[4.301s] -- Found rclpy: 3.3.21 (/opt/ros/humble/share/rclpy/cmake)
[4.482s] -- Configuring done
[4.486s] -- Generating done
[4.492s] -- Build files have been written to: /home/mohamed/mobile_ws/build/assem1_controller
[4.505s] Invoked command in '/home/mohamed/mobile_ws/build/assem1_controller' returned '0': CMAKE_PREFIX_PATH=/home/mohamed/mobile_ws/install/assem1_description:/home/mohamed/mobile_ws/install/assem1_controller:/home/mohamed/mobile_ws/install/assem1_vision:/opt/ros/humble /usr/bin/cmake /home/mohamed/mobile_ws/src/assem1_controller -DCMAKE_INSTALL_PREFIX=/home/mohamed/mobile_ws/install/assem1_controller
[4.510s] Invoking command in '/home/mohamed/mobile_ws/build/assem1_controller': CMAKE_PREFIX_PATH=/home/mohamed/mobile_ws/install/assem1_description:/home/mohamed/mobile_ws/install/assem1_controller:/home/mohamed/mobile_ws/install/assem1_vision:/opt/ros/humble /usr/bin/cmake --build /home/mohamed/mobile_ws/build/assem1_controller -- -j2 -l2
[4.605s] Invoked command in '/home/mohamed/mobile_ws/build/assem1_controller' returned '0': CMAKE_PREFIX_PATH=/home/mohamed/mobile_ws/install/assem1_description:/home/mohamed/mobile_ws/install/assem1_controller:/home/mohamed/mobile_ws/install/assem1_vision:/opt/ros/humble /usr/bin/cmake --build /home/mohamed/mobile_ws/build/assem1_controller -- -j2 -l2
[4.608s] Invoking command in '/home/mohamed/mobile_ws/build/assem1_controller': CMAKE_PREFIX_PATH=/home/mohamed/mobile_ws/install/assem1_description:/home/mohamed/mobile_ws/install/assem1_controller:/home/mohamed/mobile_ws/install/assem1_vision:/opt/ros/humble /usr/bin/cmake --install /home/mohamed/mobile_ws/build/assem1_controller
[4.621s] -- Install configuration: ""
[4.621s] -- Installing: /home/mohamed/mobile_ws/install/assem1_controller/share/assem1_controller/launch
[4.622s] -- Installing: /home/mohamed/mobile_ws/install/assem1_controller/share/assem1_controller/launch/slider_controller.launch.py
[4.622s] -- Installing: /home/mohamed/mobile_ws/install/assem1_controller/share/assem1_controller/launch/controller.launch.py
[4.631s] -- Installing: /home/mohamed/mobile_ws/install/assem1_controller/share/assem1_controller/config
[4.631s] -- Installing: /home/mohamed/mobile_ws/install/assem1_controller/share/assem1_controller/config/assem1_controllers.yaml
[4.634s] -- Installing: /home/mohamed/mobile_ws/install/assem1_controller/lib/assem1_controller/slider_controller.py
[4.636s] -- Installing: /home/mohamed/mobile_ws/install/assem1_controller/share/ament_index/resource_index/package_run_dependencies/assem1_controller
[4.637s] -- Installing: /home/mohamed/mobile_ws/install/assem1_controller/share/ament_index/resource_index/parent_prefix_path/assem1_controller
[4.639s] -- Installing: /home/mohamed/mobile_ws/install/assem1_controller/share/assem1_controller/environment/ament_prefix_path.sh
[4.640s] -- Installing: /home/mohamed/mobile_ws/install/assem1_controller/share/assem1_controller/environment/ament_prefix_path.dsv
[4.640s] -- Installing: /home/mohamed/mobile_ws/install/assem1_controller/share/assem1_controller/environment/path.sh
[4.642s] -- Installing: /home/mohamed/mobile_ws/install/assem1_controller/share/assem1_controller/environment/path.dsv
[4.644s] -- Installing: /home/mohamed/mobile_ws/install/assem1_controller/share/assem1_controller/local_setup.bash
[4.646s] -- Installing: /home/mohamed/mobile_ws/install/assem1_controller/share/assem1_controller/local_setup.sh
[4.648s] -- Installing: /home/mohamed/mobile_ws/install/assem1_controller/share/assem1_controller/local_setup.zsh
[4.650s] -- Installing: /home/mohamed/mobile_ws/install/assem1_controller/share/assem1_controller/local_setup.dsv
[4.652s] -- Installing: /home/mohamed/mobile_ws/install/assem1_controller/share/assem1_controller/package.dsv
[4.652s] -- Installing: /home/mohamed/mobile_ws/install/assem1_controller/share/ament_index/resource_index/packages/assem1_controller
[4.655s] -- Installing: /home/mohamed/mobile_ws/install/assem1_controller/share/assem1_controller/cmake/assem1_controllerConfig.cmake
[4.655s] -- Installing: /home/mohamed/mobile_ws/install/assem1_controller/share/assem1_controller/cmake/assem1_controllerConfig-version.cmake
[4.655s] -- Installing: /home/mohamed/mobile_ws/install/assem1_controller/share/assem1_controller/package.xml
[4.667s] Invoked command in '/home/mohamed/mobile_ws/build/assem1_controller' returned '0': CMAKE_PREFIX_PATH=/home/mohamed/mobile_ws/install/assem1_description:/home/mohamed/mobile_ws/install/assem1_controller:/home/mohamed/mobile_ws/install/assem1_vision:/opt/ros/humble /usr/bin/cmake --install /home/mohamed/mobile_ws/build/assem1_controller
